<?xml version="1.0" encoding="UTF-8"?>
<coverage generated="1542566703201" clover="3.2.0">
  <project timestamp="1542566703201" name="All files">
    <metrics statements="511" coveredstatements="373" conditionals="86" coveredconditionals="48" methods="153" coveredmethods="86" elements="750" coveredelements="507" complexity="0" loc="511" ncloc="511" packages="13" files="31" classes="31">
      <package name="common">
        <metrics statements="29" coveredstatements="29" conditionals="8" coveredconditionals="8" methods="4" coveredmethods="4"/>
        <file name="gameobjecttype.ts" path="C:\Users\ogono\OneDrive\Desktop\bomberman\server\common\gameobjecttype.ts">
          <metrics statements="8" coveredstatements="8" conditionals="2" coveredconditionals="2" methods="1" coveredmethods="1"/>
          <line num="1" count="5" type="cond" truecount="2" falsecount="0"/>
          <line num="2" count="5" type="stmt"/>
          <line num="3" count="5" type="stmt"/>
          <line num="4" count="5" type="stmt"/>
          <line num="5" count="5" type="stmt"/>
          <line num="6" count="5" type="stmt"/>
          <line num="7" count="5" type="stmt"/>
          <line num="8" count="5" type="stmt"/>
        </file>
        <file name="globals.ts" path="C:\Users\ogono\OneDrive\Desktop\bomberman\server\common\globals.ts">
          <metrics statements="1" coveredstatements="1" conditionals="0" coveredconditionals="0" methods="0" coveredmethods="0"/>
          <line num="2" count="5" type="stmt"/>
        </file>
        <file name="index.ts" path="C:\Users\ogono\OneDrive\Desktop\bomberman\server\common\index.ts">
          <metrics statements="5" coveredstatements="5" conditionals="0" coveredconditionals="0" methods="0" coveredmethods="0"/>
          <line num="1" count="5" type="stmt"/>
          <line num="3" count="5" type="stmt"/>
          <line num="4" count="5" type="stmt"/>
          <line num="6" count="5" type="stmt"/>
          <line num="7" count="5" type="stmt"/>
        </file>
        <file name="intenttype.ts" path="C:\Users\ogono\OneDrive\Desktop\bomberman\server\common\intenttype.ts">
          <metrics statements="9" coveredstatements="9" conditionals="2" coveredconditionals="2" methods="1" coveredmethods="1"/>
          <line num="1" count="6" type="cond" truecount="2" falsecount="0"/>
          <line num="2" count="6" type="stmt"/>
          <line num="3" count="6" type="stmt"/>
          <line num="4" count="6" type="stmt"/>
          <line num="5" count="6" type="stmt"/>
          <line num="6" count="6" type="stmt"/>
          <line num="7" count="6" type="stmt"/>
          <line num="8" count="6" type="stmt"/>
          <line num="9" count="6" type="stmt"/>
        </file>
        <file name="maptype.ts" path="C:\Users\ogono\OneDrive\Desktop\bomberman\server\common\maptype.ts">
          <metrics statements="3" coveredstatements="3" conditionals="2" coveredconditionals="2" methods="1" coveredmethods="1"/>
          <line num="1" count="5" type="cond" truecount="2" falsecount="0"/>
          <line num="2" count="5" type="stmt"/>
          <line num="3" count="5" type="stmt"/>
        </file>
        <file name="pathdirection.ts" path="C:\Users\ogono\OneDrive\Desktop\bomberman\server\common\pathdirection.ts">
          <metrics statements="3" coveredstatements="3" conditionals="2" coveredconditionals="2" methods="1" coveredmethods="1"/>
          <line num="1" count="5" type="cond" truecount="2" falsecount="0"/>
          <line num="2" count="5" type="stmt"/>
          <line num="3" count="5" type="stmt"/>
        </file>
      </package>
      <package name="controllers">
        <metrics statements="17" coveredstatements="11" conditionals="2" coveredconditionals="0" methods="7" coveredmethods="3"/>
        <file name="commands.ts" path="C:\Users\ogono\OneDrive\Desktop\bomberman\server\controllers\commands.ts">
          <metrics statements="14" coveredstatements="8" conditionals="2" coveredconditionals="0" methods="7" coveredmethods="3"/>
          <line num="1" count="2" type="stmt"/>
          <line num="6" count="2" type="stmt"/>
          <line num="10" count="16" type="stmt"/>
          <line num="13" count="2" type="stmt"/>
          <line num="14" count="2" type="stmt"/>
          <line num="17" count="2" type="stmt"/>
          <line num="18" count="0" type="stmt"/>
          <line num="19" count="0" type="stmt"/>
          <line num="20" count="0" type="cond" truecount="0" falsecount="2"/>
          <line num="21" count="0" type="stmt"/>
          <line num="23" count="0" type="stmt"/>
          <line num="27" count="2" type="stmt"/>
          <line num="28" count="0" type="stmt"/>
          <line num="30" count="2" type="stmt"/>
        </file>
        <file name="index.ts" path="C:\Users\ogono\OneDrive\Desktop\bomberman\server\controllers\index.ts">
          <metrics statements="3" coveredstatements="3" conditionals="0" coveredconditionals="0" methods="0" coveredmethods="0"/>
          <line num="1" count="1" type="stmt"/>
          <line num="2" count="1" type="stmt"/>
          <line num="3" count="1" type="stmt"/>
        </file>
      </package>
      <package name="controllers.wrappers">
        <metrics statements="198" coveredstatements="111" conditionals="40" coveredconditionals="10" methods="54" coveredmethods="22"/>
        <file name="game-wrapper.ts" path="C:\Users\ogono\OneDrive\Desktop\bomberman\server\controllers\wrappers\game-wrapper.ts">
          <metrics statements="36" coveredstatements="12" conditionals="2" coveredconditionals="0" methods="9" coveredmethods="1"/>
          <line num="1" count="1" type="stmt"/>
          <line num="3" count="1" type="stmt"/>
          <line num="4" count="1" type="stmt"/>
          <line num="5" count="1" type="stmt"/>
          <line num="9" count="1" type="stmt"/>
          <line num="10" count="1" type="stmt"/>
          <line num="14" count="1" type="stmt"/>
          <line num="15" count="1" type="stmt"/>
          <line num="28" count="0" type="stmt"/>
          <line num="29" count="0" type="stmt"/>
          <line num="30" count="0" type="stmt"/>
          <line num="31" count="0" type="stmt"/>
          <line num="34" count="1" type="stmt"/>
          <line num="35" count="0" type="stmt"/>
          <line num="37" count="0" type="stmt"/>
          <line num="40" count="1" type="stmt"/>
          <line num="41" count="0" type="stmt"/>
          <line num="44" count="0" type="stmt"/>
          <line num="45" count="0" type="cond" truecount="0" falsecount="2"/>
          <line num="47" count="0" type="stmt"/>
          <line num="49" count="0" type="stmt"/>
          <line num="53" count="0" type="stmt"/>
          <line num="54" count="0" type="stmt"/>
          <line num="55" count="0" type="stmt"/>
          <line num="59" count="0" type="stmt"/>
          <line num="60" count="0" type="stmt"/>
          <line num="61" count="0" type="stmt"/>
          <line num="63" count="0" type="stmt"/>
          <line num="64" count="0" type="stmt"/>
          <line num="65" count="0" type="stmt"/>
          <line num="68" count="0" type="stmt"/>
          <line num="70" count="0" type="stmt"/>
          <line num="75" count="0" type="stmt"/>
          <line num="76" count="0" type="stmt"/>
          <line num="80" count="1" type="stmt"/>
          <line num="82" count="1" type="stmt"/>
        </file>
        <file name="game.ts" path="C:\Users\ogono\OneDrive\Desktop\bomberman\server\controllers\wrappers\game.ts">
          <metrics statements="56" coveredstatements="13" conditionals="14" coveredconditionals="0" methods="15" coveredmethods="1"/>
          <line num="1" count="1" type="stmt"/>
          <line num="2" count="1" type="stmt"/>
          <line num="5" count="1" type="stmt"/>
          <line num="8" count="1" type="stmt"/>
          <line num="16" count="0" type="stmt"/>
          <line num="17" count="0" type="stmt"/>
          <line num="18" count="0" type="stmt"/>
          <line num="19" count="0" type="stmt"/>
          <line num="20" count="0" type="stmt"/>
          <line num="23" count="1" type="stmt"/>
          <line num="24" count="0" type="stmt"/>
          <line num="25" count="0" type="stmt"/>
          <line num="26" count="0" type="cond" truecount="0" falsecount="2"/>
          <line num="27" count="0" type="stmt"/>
          <line num="30" count="0" type="cond" truecount="0" falsecount="2"/>
          <line num="31" count="0" type="stmt"/>
          <line num="32" count="0" type="cond" truecount="0" falsecount="2"/>
          <line num="33" count="0" type="stmt"/>
          <line num="34" count="0" type="stmt"/>
          <line num="38" count="0" type="stmt"/>
          <line num="41" count="1" type="stmt"/>
          <line num="42" count="0" type="stmt"/>
          <line num="43" count="0" type="cond" truecount="0" falsecount="2"/>
          <line num="44" count="0" type="stmt"/>
          <line num="47" count="0" type="stmt"/>
          <line num="51" count="1" type="stmt"/>
          <line num="52" count="0" type="stmt"/>
          <line num="53" count="0" type="stmt"/>
          <line num="54" count="0" type="stmt"/>
          <line num="55" count="0" type="stmt"/>
          <line num="58" count="1" type="stmt"/>
          <line num="60" count="0" type="cond" truecount="0" falsecount="2"/>
          <line num="61" count="0" type="stmt"/>
          <line num="63" count="0" type="stmt"/>
          <line num="66" count="0" type="stmt"/>
          <line num="69" count="0" type="stmt"/>
          <line num="71" count="0" type="stmt"/>
          <line num="72" count="0" type="stmt"/>
          <line num="80" count="0" type="stmt"/>
          <line num="82" count="0" type="stmt"/>
          <line num="83" count="0" type="cond" truecount="0" falsecount="2"/>
          <line num="85" count="0" type="stmt"/>
          <line num="88" count="0" type="stmt"/>
          <line num="89" count="0" type="cond" truecount="0" falsecount="2"/>
          <line num="91" count="0" type="stmt"/>
          <line num="95" count="0" type="stmt"/>
          <line num="101" count="0" type="stmt"/>
          <line num="104" count="1" type="stmt"/>
          <line num="105" count="0" type="stmt"/>
          <line num="108" count="1" type="stmt"/>
          <line num="109" count="0" type="stmt"/>
          <line num="112" count="1" type="stmt"/>
          <line num="113" count="0" type="stmt"/>
          <line num="116" count="1" type="stmt"/>
          <line num="117" count="0" type="stmt"/>
          <line num="119" count="1" type="stmt"/>
        </file>
        <file name="map-instance.ts" path="C:\Users\ogono\OneDrive\Desktop\bomberman\server\controllers\wrappers\map-instance.ts">
          <metrics statements="106" coveredstatements="86" conditionals="24" coveredconditionals="10" methods="30" coveredmethods="20"/>
          <line num="1" count="2" type="stmt"/>
          <line num="2" count="2" type="stmt"/>
          <line num="5" count="2" type="stmt"/>
          <line num="6" count="2" type="stmt"/>
          <line num="9" count="2" type="stmt"/>
          <line num="10" count="2" type="stmt"/>
          <line num="17" count="16" type="stmt"/>
          <line num="18" count="16" type="stmt"/>
          <line num="20" count="16" type="stmt"/>
          <line num="23" count="16" type="stmt"/>
          <line num="29" count="16" type="stmt"/>
          <line num="30" count="16" type="stmt"/>
          <line num="31" count="16" type="stmt"/>
          <line num="32" count="16" type="stmt"/>
          <line num="33" count="16" type="stmt"/>
          <line num="34" count="16" type="stmt"/>
          <line num="35" count="16" type="stmt"/>
          <line num="36" count="16" type="stmt"/>
          <line num="37" count="16" type="stmt"/>
          <line num="39" count="16" type="stmt"/>
          <line num="41" count="2" type="stmt"/>
          <line num="42" count="5" type="stmt"/>
          <line num="44" count="2" type="stmt"/>
          <line num="45" count="0" type="stmt"/>
          <line num="47" count="2" type="stmt"/>
          <line num="48" count="0" type="stmt"/>
          <line num="50" count="2" type="stmt"/>
          <line num="51" count="0" type="stmt"/>
          <line num="53" count="2" type="stmt"/>
          <line num="54" count="0" type="stmt"/>
          <line num="57" count="2" type="stmt"/>
          <line num="58" count="0" type="stmt"/>
          <line num="61" count="2" type="stmt"/>
          <line num="62" count="2" type="stmt"/>
          <line num="65" count="2" type="stmt"/>
          <line num="66" count="8" type="stmt"/>
          <line num="67" count="8" type="cond" truecount="4" falsecount="0"/>
          <line num="68" count="6" type="stmt"/>
          <line num="70" count="2" type="stmt"/>
          <line num="74" count="2" type="stmt"/>
          <line num="75" count="2" type="stmt"/>
          <line num="76" count="2" type="stmt"/>
          <line num="77" count="1" type="cond" truecount="1" falsecount="1"/>
          <line num="78" count="1" type="stmt"/>
          <line num="82" count="2" type="stmt"/>
          <line num="85" count="2" type="stmt"/>
          <line num="86" count="6" type="cond" truecount="2" falsecount="0"/>
          <line num="87" count="5" type="stmt"/>
          <line num="88" count="5" type="stmt"/>
          <line num="89" count="5" type="stmt"/>
          <line num="90" count="5" type="stmt"/>
          <line num="91" count="5" type="stmt"/>
          <line num="92" count="5" type="stmt"/>
          <line num="97" count="2" type="stmt"/>
          <line num="99" count="1" type="stmt"/>
          <line num="100" count="1" type="cond" truecount="1" falsecount="1"/>
          <line num="101" count="1" type="stmt"/>
          <line num="102" count="1" type="stmt"/>
          <line num="103" count="1" type="stmt"/>
          <line num="104" count="1" type="stmt"/>
          <line num="105" count="1" type="stmt"/>
          <line num="109" count="2" type="stmt"/>
          <line num="110" count="2" type="stmt"/>
          <line num="111" count="2" type="stmt"/>
          <line num="113" count="2" type="stmt"/>
          <line num="114" count="0" type="cond" truecount="0" falsecount="2"/>
          <line num="116" count="0" type="stmt"/>
          <line num="118" count="0" type="cond" truecount="0" falsecount="2"/>
          <line num="119" count="0" type="stmt"/>
          <line num="122" count="0" type="cond" truecount="0" falsecount="2"/>
          <line num="123" count="0" type="stmt"/>
          <line num="125" count="0" type="cond" truecount="0" falsecount="2"/>
          <line num="126" count="0" type="stmt"/>
          <line num="128" count="0" type="cond" truecount="0" falsecount="2"/>
          <line num="129" count="0" type="stmt"/>
          <line num="131" count="0" type="cond" truecount="0" falsecount="2"/>
          <line num="132" count="0" type="stmt"/>
          <line num="135" count="0" type="stmt"/>
          <line num="140" count="2" type="stmt"/>
          <line num="143" count="2" type="stmt"/>
          <line num="144" count="0" type="stmt"/>
          <line num="148" count="2" type="stmt"/>
          <line num="150" count="2" type="stmt"/>
          <line num="151" count="2" type="stmt"/>
          <line num="152" count="12" type="cond" truecount="2" falsecount="0"/>
          <line num="153" count="6" type="stmt"/>
          <line num="160" count="2" type="stmt"/>
          <line num="161" count="2" type="stmt"/>
          <line num="167" count="2" type="stmt"/>
          <line num="168" count="0" type="stmt"/>
          <line num="175" count="2" type="stmt"/>
          <line num="178" count="16" type="stmt"/>
          <line num="180" count="16" type="stmt"/>
          <line num="183" count="16" type="stmt"/>
          <line num="184" count="242" type="stmt"/>
          <line num="186" count="242" type="stmt"/>
          <line num="190" count="16" type="stmt"/>
          <line num="191" count="34" type="stmt"/>
          <line num="193" count="34" type="stmt"/>
          <line num="197" count="16" type="stmt"/>
          <line num="198" count="24" type="stmt"/>
          <line num="200" count="24" type="stmt"/>
          <line num="204" count="16" type="stmt"/>
          <line num="205" count="16" type="stmt"/>
          <line num="208" count="16" type="stmt"/>
          <line num="211" count="2" type="stmt"/>
        </file>
      </package>
      <package name="data">
        <metrics statements="2" coveredstatements="2" conditionals="0" coveredconditionals="0" methods="0" coveredmethods="0"/>
        <file name="maps.ts" path="C:\Users\ogono\OneDrive\Desktop\bomberman\server\data\maps.ts">
          <metrics statements="2" coveredstatements="2" conditionals="0" coveredconditionals="0" methods="0" coveredmethods="0"/>
          <line num="1" count="2" type="stmt"/>
          <line num="4" count="2" type="stmt"/>
        </file>
      </package>
      <package name="models.factories">
        <metrics statements="36" coveredstatements="36" conditionals="0" coveredconditionals="0" methods="14" coveredmethods="14"/>
        <file name="game-object-factory.ts" path="C:\Users\ogono\OneDrive\Desktop\bomberman\server\models\factories\game-object-factory.ts">
          <metrics statements="20" coveredstatements="20" conditionals="0" coveredconditionals="0" methods="8" coveredmethods="8"/>
          <line num="1" count="3" type="stmt"/>
          <line num="2" count="3" type="stmt"/>
          <line num="4" count="3" type="stmt"/>
          <line num="5" count="3" type="stmt"/>
          <line num="6" count="3" type="stmt"/>
          <line num="9" count="3" type="stmt"/>
          <line num="10" count="3" type="stmt"/>
          <line num="16" count="3" type="stmt"/>
          <line num="17" count="3" type="stmt"/>
          <line num="20" count="3" type="stmt"/>
          <line num="21" count="243" type="stmt"/>
          <line num="24" count="3" type="stmt"/>
          <line num="25" count="26" type="stmt"/>
          <line num="28" count="3" type="stmt"/>
          <line num="29" count="18" type="stmt"/>
          <line num="32" count="3" type="stmt"/>
          <line num="33" count="36" type="stmt"/>
          <line num="36" count="3" type="stmt"/>
          <line num="37" count="7" type="stmt"/>
          <line num="39" count="3" type="stmt"/>
        </file>
        <file name="map-instance-factory.ts" path="C:\Users\ogono\OneDrive\Desktop\bomberman\server\models\factories\map-instance-factory.ts">
          <metrics statements="10" coveredstatements="10" conditionals="0" coveredconditionals="0" methods="3" coveredmethods="3"/>
          <line num="1" count="1" type="stmt"/>
          <line num="4" count="1" type="stmt"/>
          <line num="5" count="1" type="stmt"/>
          <line num="6" count="1" type="stmt"/>
          <line num="9" count="1" type="stmt"/>
          <line num="18" count="2" type="stmt"/>
          <line num="19" count="2" type="stmt"/>
          <line num="22" count="1" type="stmt"/>
          <line num="23" count="2" type="stmt"/>
          <line num="25" count="1" type="stmt"/>
        </file>
        <file name="user-factory.ts" path="C:\Users\ogono\OneDrive\Desktop\bomberman\server\models\factories\user-factory.ts">
          <metrics statements="6" coveredstatements="6" conditionals="0" coveredconditionals="0" methods="3" coveredmethods="3"/>
          <line num="1" count="1" type="stmt"/>
          <line num="4" count="1" type="stmt"/>
          <line num="7" count="1" type="stmt"/>
          <line num="12" count="1" type="stmt"/>
          <line num="13" count="2" type="stmt"/>
          <line num="15" count="1" type="stmt"/>
        </file>
      </package>
      <package name="models.gameobjects">
        <metrics statements="128" coveredstatements="120" conditionals="28" coveredconditionals="28" methods="41" coveredmethods="32"/>
        <file name="bomb.ts" path="C:\Users\ogono\OneDrive\Desktop\bomberman\server\models\gameobjects\bomb.ts">
          <metrics statements="17" coveredstatements="16" conditionals="2" coveredconditionals="2" methods="6" coveredmethods="5"/>
          <line num="1" count="5" type="stmt"/>
          <line num="3" count="5" type="stmt"/>
          <line num="5" count="5" type="stmt"/>
          <line num="7" count="5" type="stmt"/>
          <line num="18" count="7" type="cond" truecount="2" falsecount="0"/>
          <line num="20" count="7" type="stmt"/>
          <line num="21" count="7" type="stmt"/>
          <line num="22" count="7" type="stmt"/>
          <line num="25" count="5" type="stmt"/>
          <line num="26" count="0" type="stmt"/>
          <line num="28" count="5" type="stmt"/>
          <line num="29" count="1" type="stmt"/>
          <line num="31" count="5" type="stmt"/>
          <line num="32" count="1" type="stmt"/>
          <line num="34" count="5" type="stmt"/>
          <line num="35" count="1" type="stmt"/>
          <line num="37" count="5" type="stmt"/>
        </file>
        <file name="boundary.ts" path="C:\Users\ogono\OneDrive\Desktop\bomberman\server\models\gameobjects\boundary.ts">
          <metrics statements="6" coveredstatements="6" conditionals="2" coveredconditionals="2" methods="2" coveredmethods="2"/>
          <line num="1" count="5" type="stmt"/>
          <line num="3" count="5" type="stmt"/>
          <line num="5" count="5" type="stmt"/>
          <line num="7" count="245" type="cond" truecount="2" falsecount="0"/>
          <line num="8" count="245" type="stmt"/>
          <line num="10" count="5" type="stmt"/>
        </file>
        <file name="destructable.ts" path="C:\Users\ogono\OneDrive\Desktop\bomberman\server\models\gameobjects\destructable.ts">
          <metrics statements="6" coveredstatements="6" conditionals="2" coveredconditionals="2" methods="2" coveredmethods="2"/>
          <line num="1" count="5" type="stmt"/>
          <line num="3" count="5" type="stmt"/>
          <line num="5" count="5" type="stmt"/>
          <line num="7" count="28" type="cond" truecount="2" falsecount="0"/>
          <line num="8" count="28" type="stmt"/>
          <line num="10" count="5" type="stmt"/>
        </file>
        <file name="enemy.ts" path="C:\Users\ogono\OneDrive\Desktop\bomberman\server\models\gameobjects\enemy.ts">
          <metrics statements="21" coveredstatements="19" conditionals="4" coveredconditionals="4" methods="8" coveredmethods="6"/>
          <line num="1" count="5" type="stmt"/>
          <line num="3" count="5" type="stmt"/>
          <line num="5" count="5" type="stmt"/>
          <line num="11" count="36" type="cond" truecount="2" falsecount="0"/>
          <line num="12" count="31" type="cond" truecount="2" falsecount="0"/>
          <line num="13" count="1" type="stmt"/>
          <line num="15" count="30" type="stmt"/>
          <line num="16" count="30" type="stmt"/>
          <line num="17" count="30" type="stmt"/>
          <line num="18" count="30" type="stmt"/>
          <line num="21" count="5" type="stmt"/>
          <line num="22" count="4" type="stmt"/>
          <line num="25" count="5" type="stmt"/>
          <line num="26" count="2" type="stmt"/>
          <line num="29" count="5" type="stmt"/>
          <line num="30" count="0" type="stmt"/>
          <line num="34" count="2" type="stmt"/>
          <line num="37" count="5" type="stmt"/>
          <line num="38" count="0" type="stmt"/>
          <line num="42" count="2" type="stmt"/>
          <line num="44" count="5" type="stmt"/>
        </file>
        <file name="gameobject.ts" path="C:\Users\ogono\OneDrive\Desktop\bomberman\server\models\gameobjects\gameobject.ts">
          <metrics statements="36" coveredstatements="36" conditionals="14" coveredconditionals="14" methods="9" coveredmethods="9"/>
          <line num="3" count="6" type="stmt"/>
          <line num="14" count="377" type="cond" truecount="2" falsecount="0"/>
          <line num="15" count="2" type="stmt"/>
          <line num="17" count="375" type="cond" truecount="2" falsecount="0"/>
          <line num="18" count="2" type="stmt"/>
          <line num="20" count="373" type="cond" truecount="2" falsecount="0"/>
          <line num="21" count="2" type="stmt"/>
          <line num="24" count="371" type="cond" truecount="2" falsecount="0"/>
          <line num="25" count="2" type="stmt"/>
          <line num="28" count="369" type="cond" truecount="2" falsecount="0"/>
          <line num="29" count="2" type="stmt"/>
          <line num="32" count="367" type="stmt"/>
          <line num="33" count="367" type="stmt"/>
          <line num="34" count="367" type="stmt"/>
          <line num="35" count="367" type="stmt"/>
          <line num="36" count="367" type="stmt"/>
          <line num="39" count="6" type="stmt"/>
          <line num="40" count="14" type="stmt"/>
          <line num="43" count="6" type="stmt"/>
          <line num="44" count="29" type="stmt"/>
          <line num="47" count="6" type="stmt"/>
          <line num="48" count="29" type="stmt"/>
          <line num="51" count="6" type="stmt"/>
          <line num="52" count="14" type="stmt"/>
          <line num="55" count="6" type="stmt"/>
          <line num="56" count="14" type="stmt"/>
          <line num="59" count="6" type="stmt"/>
          <line num="60" count="18" type="stmt"/>
          <line num="63" count="6" type="stmt"/>
          <line num="65" count="12" type="cond" truecount="2" falsecount="0"/>
          <line num="66" count="1" type="stmt"/>
          <line num="68" count="11" type="cond" truecount="2" falsecount="0"/>
          <line num="69" count="1" type="stmt"/>
          <line num="72" count="10" type="stmt"/>
          <line num="73" count="10" type="stmt"/>
          <line num="75" count="6" type="stmt"/>
        </file>
        <file name="indestructable.ts" path="C:\Users\ogono\OneDrive\Desktop\bomberman\server\models\gameobjects\indestructable.ts">
          <metrics statements="6" coveredstatements="6" conditionals="2" coveredconditionals="2" methods="2" coveredmethods="2"/>
          <line num="1" count="5" type="stmt"/>
          <line num="3" count="5" type="stmt"/>
          <line num="5" count="5" type="stmt"/>
          <line num="7" count="38" type="cond" truecount="2" falsecount="0"/>
          <line num="8" count="38" type="stmt"/>
          <line num="10" count="5" type="stmt"/>
        </file>
        <file name="index.ts" path="C:\Users\ogono\OneDrive\Desktop\bomberman\server\models\gameobjects\index.ts">
          <metrics statements="6" coveredstatements="6" conditionals="0" coveredconditionals="0" methods="0" coveredmethods="0"/>
          <line num="1" count="5" type="stmt"/>
          <line num="2" count="5" type="stmt"/>
          <line num="3" count="5" type="stmt"/>
          <line num="4" count="5" type="stmt"/>
          <line num="5" count="5" type="stmt"/>
          <line num="6" count="5" type="stmt"/>
        </file>
        <file name="player.ts" path="C:\Users\ogono\OneDrive\Desktop\bomberman\server\models\gameobjects\player.ts">
          <metrics statements="30" coveredstatements="25" conditionals="2" coveredconditionals="2" methods="12" coveredmethods="6"/>
          <line num="1" count="5" type="stmt"/>
          <line num="4" count="5" type="stmt"/>
          <line num="6" count="5" type="stmt"/>
          <line num="7" count="5" type="stmt"/>
          <line num="13" count="9" type="stmt"/>
          <line num="24" count="9" type="cond" truecount="2" falsecount="0"/>
          <line num="26" count="9" type="stmt"/>
          <line num="27" count="9" type="stmt"/>
          <line num="28" count="9" type="stmt"/>
          <line num="29" count="9" type="stmt"/>
          <line num="30" count="9" type="stmt"/>
          <line num="31" count="9" type="stmt"/>
          <line num="34" count="5" type="stmt"/>
          <line num="35" count="0" type="stmt"/>
          <line num="38" count="5" type="stmt"/>
          <line num="39" count="1" type="stmt"/>
          <line num="43" count="6" type="stmt"/>
          <line num="46" count="5" type="stmt"/>
          <line num="47" count="0" type="stmt"/>
          <line num="50" count="5" type="stmt"/>
          <line num="51" count="0" type="stmt"/>
          <line num="54" count="5" type="stmt"/>
          <line num="55" count="0" type="stmt"/>
          <line num="58" count="5" type="stmt"/>
          <line num="59" count="5" type="stmt"/>
          <line num="63" count="5" type="stmt"/>
          <line num="66" count="5" type="stmt"/>
          <line num="67" count="0" type="stmt"/>
          <line num="70" count="5" type="stmt"/>
          <line num="75" count="5" type="stmt"/>
        </file>
      </package>
      <package name="models.users">
        <metrics statements="21" coveredstatements="18" conditionals="0" coveredconditionals="0" methods="10" coveredmethods="7"/>
        <file name="user.ts" path="C:\Users\ogono\OneDrive\Desktop\bomberman\server\models\users\user.ts">
          <metrics statements="21" coveredstatements="18" conditionals="0" coveredconditionals="0" methods="10" coveredmethods="7"/>
          <line num="3" count="3" type="stmt"/>
          <line num="8" count="12" type="stmt"/>
          <line num="11" count="12" type="stmt"/>
          <line num="12" count="12" type="stmt"/>
          <line num="15" count="3" type="stmt"/>
          <line num="16" count="17" type="stmt"/>
          <line num="19" count="3" type="stmt"/>
          <line num="20" count="0" type="stmt"/>
          <line num="23" count="3" type="stmt"/>
          <line num="24" count="0" type="stmt"/>
          <line num="27" count="3" type="stmt"/>
          <line num="28" count="0" type="stmt"/>
          <line num="31" count="3" type="stmt"/>
          <line num="32" count="2" type="stmt"/>
          <line num="35" count="3" type="stmt"/>
          <line num="36" count="5" type="stmt"/>
          <line num="39" count="3" type="stmt"/>
          <line num="40" count="1" type="stmt"/>
          <line num="43" count="3" type="stmt"/>
          <line num="44" count="1" type="stmt"/>
          <line num="46" count="3" type="stmt"/>
        </file>
      </package>
      <package name="router">
        <metrics statements="20" coveredstatements="11" conditionals="2" coveredconditionals="2" methods="4" coveredmethods="1"/>
        <file name="server.ts" path="C:\Users\ogono\OneDrive\Desktop\bomberman\server\router\server.ts">
          <metrics statements="20" coveredstatements="11" conditionals="2" coveredconditionals="2" methods="4" coveredmethods="1"/>
          <line num="1" count="1" type="stmt"/>
          <line num="3" count="1" type="stmt"/>
          <line num="5" count="1" type="stmt"/>
          <line num="7" count="1" type="stmt"/>
          <line num="8" count="1" type="stmt"/>
          <line num="9" count="1" type="stmt"/>
          <line num="13" count="1" type="cond" truecount="2" falsecount="0"/>
          <line num="16" count="1" type="stmt"/>
          <line num="22" count="0" type="stmt"/>
          <line num="23" count="0" type="stmt"/>
          <line num="24" count="0" type="stmt"/>
          <line num="27" count="0" type="stmt"/>
          <line num="28" count="0" type="stmt"/>
          <line num="31" count="0" type="stmt"/>
          <line num="32" count="0" type="stmt"/>
          <line num="34" count="0" type="stmt"/>
          <line num="37" count="1" type="stmt"/>
          <line num="38" count="0" type="stmt"/>
          <line num="41" count="1" type="stmt"/>
          <line num="43" count="1" type="stmt"/>
        </file>
      </package>
      <package name="router.constant">
        <metrics statements="2" coveredstatements="2" conditionals="0" coveredconditionals="0" methods="0" coveredmethods="0"/>
        <file name="types.ts" path="C:\Users\ogono\OneDrive\Desktop\bomberman\server\router\constant\types.ts">
          <metrics statements="2" coveredstatements="2" conditionals="0" coveredconditionals="0" methods="0" coveredmethods="0"/>
          <line num="1" count="1" type="stmt"/>
          <line num="5" count="1" type="stmt"/>
        </file>
      </package>
      <package name="router.controller">
        <metrics statements="22" coveredstatements="15" conditionals="0" coveredconditionals="0" methods="9" coveredmethods="2"/>
        <file name="home.ts" path="C:\Users\ogono\OneDrive\Desktop\bomberman\server\router\controller\home.ts">
          <metrics statements="5" coveredstatements="4" conditionals="0" coveredconditionals="0" methods="2" coveredmethods="1"/>
          <line num="1" count="1" type="stmt"/>
          <line num="4" count="1" type="stmt"/>
          <line num="7" count="1" type="stmt"/>
          <line num="8" count="0" type="stmt"/>
          <line num="10" count="1" type="stmt"/>
        </file>
        <file name="user.ts" path="C:\Users\ogono\OneDrive\Desktop\bomberman\server\router\controller\user.ts">
          <metrics statements="17" coveredstatements="11" conditionals="0" coveredconditionals="0" methods="7" coveredmethods="1"/>
          <line num="1" count="1" type="stmt"/>
          <line num="8" count="1" type="stmt"/>
          <line num="11" count="1" type="stmt"/>
          <line num="12" count="1" type="stmt"/>
          <line num="15" count="1" type="stmt"/>
          <line num="20" count="0" type="stmt"/>
          <line num="24" count="1" type="stmt"/>
          <line num="25" count="0" type="stmt"/>
          <line num="29" count="1" type="stmt"/>
          <line num="30" count="0" type="stmt"/>
          <line num="34" count="1" type="stmt"/>
          <line num="35" count="0" type="stmt"/>
          <line num="39" count="1" type="stmt"/>
          <line num="40" count="0" type="stmt"/>
          <line num="44" count="1" type="stmt"/>
          <line num="45" count="0" type="stmt"/>
          <line num="47" count="1" type="stmt"/>
        </file>
      </package>
      <package name="router.service">
        <metrics statements="26" coveredstatements="8" conditionals="6" coveredconditionals="0" methods="10" coveredmethods="1"/>
        <file name="user.ts" path="C:\Users\ogono\OneDrive\Desktop\bomberman\server\router\service\user.ts">
          <metrics statements="26" coveredstatements="8" conditionals="6" coveredconditionals="0" methods="10" coveredmethods="1"/>
          <line num="1" count="1" type="stmt"/>
          <line num="9" count="1" type="stmt"/>
          <line num="11" count="0" type="stmt"/>
          <line num="19" count="1" type="stmt"/>
          <line num="20" count="0" type="stmt"/>
          <line num="23" count="1" type="stmt"/>
          <line num="24" count="0" type="stmt"/>
          <line num="25" count="0" type="cond" truecount="0" falsecount="2"/>
          <line num="26" count="0" type="stmt"/>
          <line num="30" count="0" type="stmt"/>
          <line num="33" count="1" type="stmt"/>
          <line num="34" count="0" type="stmt"/>
          <line num="36" count="0" type="stmt"/>
          <line num="39" count="1" type="stmt"/>
          <line num="40" count="0" type="stmt"/>
          <line num="41" count="0" type="cond" truecount="0" falsecount="2"/>
          <line num="42" count="0" type="stmt"/>
          <line num="46" count="0" type="stmt"/>
          <line num="49" count="1" type="stmt"/>
          <line num="50" count="0" type="stmt"/>
          <line num="51" count="0" type="stmt"/>
          <line num="52" count="0" type="cond" truecount="0" falsecount="2"/>
          <line num="53" count="0" type="stmt"/>
          <line num="57" count="0" type="stmt"/>
          <line num="59" count="0" type="stmt"/>
          <line num="61" count="1" type="stmt"/>
        </file>
      </package>
      <package name="router.setup">
        <metrics statements="9" coveredstatements="9" conditionals="0" coveredconditionals="0" methods="0" coveredmethods="0"/>
        <file name="setup.ts" path="C:\Users\ogono\OneDrive\Desktop\bomberman\server\router\setup\setup.ts">
          <metrics statements="9" coveredstatements="9" conditionals="0" coveredconditionals="0" methods="0" coveredmethods="0"/>
          <line num="2" count="1" type="stmt"/>
          <line num="4" count="1" type="stmt"/>
          <line num="6" count="1" type="stmt"/>
          <line num="8" count="1" type="stmt"/>
          <line num="9" count="1" type="stmt"/>
          <line num="10" count="1" type="stmt"/>
          <line num="13" count="1" type="stmt"/>
          <line num="14" count="1" type="stmt"/>
          <line num="16" count="1" type="stmt"/>
        </file>
      </package>
      <package name="setup">
        <metrics statements="1" coveredstatements="1" conditionals="0" coveredconditionals="0" methods="0" coveredmethods="0"/>
        <file name="types.ts" path="C:\Users\ogono\OneDrive\Desktop\bomberman\server\setup\types.ts">
          <metrics statements="1" coveredstatements="1" conditionals="0" coveredconditionals="0" methods="0" coveredmethods="0"/>
          <line num="2" count="2" type="stmt"/>
        </file>
      </package>
    </metrics>
  </project>
</coverage>
