<?xml version="1.0" encoding="UTF-8"?>
<coverage generated="1542546349955" clover="3.2.0">
  <project timestamp="1542546349956" name="All files">
    <metrics statements="299" coveredstatements="185" conditionals="62" coveredconditionals="22" methods="90" coveredmethods="31" elements="451" coveredelements="238" complexity="0" loc="299" ncloc="299" packages="7" files="19" classes="19">
      <package name="common">
        <metrics statements="29" coveredstatements="29" conditionals="8" coveredconditionals="8" methods="4" coveredmethods="4"/>
        <file name="gameobjecttype.ts" path="C:\Users\ogono\OneDrive\Desktop\bomberman\server\common\gameobjecttype.ts">
          <metrics statements="8" coveredstatements="8" conditionals="2" coveredconditionals="2" methods="1" coveredmethods="1"/>
          <line num="1" count="1" type="cond" truecount="2" falsecount="0"/>
          <line num="2" count="1" type="stmt"/>
          <line num="3" count="1" type="stmt"/>
          <line num="4" count="1" type="stmt"/>
          <line num="5" count="1" type="stmt"/>
          <line num="6" count="1" type="stmt"/>
          <line num="7" count="1" type="stmt"/>
          <line num="8" count="1" type="stmt"/>
        </file>
        <file name="globals.ts" path="C:\Users\ogono\OneDrive\Desktop\bomberman\server\common\globals.ts">
          <metrics statements="1" coveredstatements="1" conditionals="0" coveredconditionals="0" methods="0" coveredmethods="0"/>
          <line num="2" count="1" type="stmt"/>
        </file>
        <file name="index.ts" path="C:\Users\ogono\OneDrive\Desktop\bomberman\server\common\index.ts">
          <metrics statements="5" coveredstatements="5" conditionals="0" coveredconditionals="0" methods="0" coveredmethods="0"/>
          <line num="1" count="1" type="stmt"/>
          <line num="3" count="1" type="stmt"/>
          <line num="4" count="1" type="stmt"/>
          <line num="6" count="1" type="stmt"/>
          <line num="7" count="1" type="stmt"/>
        </file>
        <file name="intenttype.ts" path="C:\Users\ogono\OneDrive\Desktop\bomberman\server\common\intenttype.ts">
          <metrics statements="9" coveredstatements="9" conditionals="2" coveredconditionals="2" methods="1" coveredmethods="1"/>
          <line num="1" count="1" type="cond" truecount="2" falsecount="0"/>
          <line num="2" count="1" type="stmt"/>
          <line num="3" count="1" type="stmt"/>
          <line num="4" count="1" type="stmt"/>
          <line num="5" count="1" type="stmt"/>
          <line num="6" count="1" type="stmt"/>
          <line num="7" count="1" type="stmt"/>
          <line num="8" count="1" type="stmt"/>
          <line num="9" count="1" type="stmt"/>
        </file>
        <file name="maptype.ts" path="C:\Users\ogono\OneDrive\Desktop\bomberman\server\common\maptype.ts">
          <metrics statements="3" coveredstatements="3" conditionals="2" coveredconditionals="2" methods="1" coveredmethods="1"/>
          <line num="1" count="1" type="cond" truecount="2" falsecount="0"/>
          <line num="2" count="1" type="stmt"/>
          <line num="3" count="1" type="stmt"/>
        </file>
        <file name="pathdirection.ts" path="C:\Users\ogono\OneDrive\Desktop\bomberman\server\common\pathdirection.ts">
          <metrics statements="3" coveredstatements="3" conditionals="2" coveredconditionals="2" methods="1" coveredmethods="1"/>
          <line num="1" count="1" type="cond" truecount="2" falsecount="0"/>
          <line num="2" count="1" type="stmt"/>
          <line num="3" count="1" type="stmt"/>
        </file>
      </package>
      <package name="controllers">
        <metrics statements="14" coveredstatements="7" conditionals="2" coveredconditionals="0" methods="7" coveredmethods="2"/>
        <file name="commands.ts" path="C:\Users\ogono\OneDrive\Desktop\bomberman\server\controllers\commands.ts">
          <metrics statements="14" coveredstatements="7" conditionals="2" coveredconditionals="0" methods="7" coveredmethods="2"/>
          <line num="1" count="1" type="stmt"/>
          <line num="6" count="1" type="stmt"/>
          <line num="10" count="5" type="stmt"/>
          <line num="13" count="1" type="stmt"/>
          <line num="14" count="0" type="stmt"/>
          <line num="17" count="1" type="stmt"/>
          <line num="18" count="0" type="stmt"/>
          <line num="19" count="0" type="stmt"/>
          <line num="20" count="0" type="cond" truecount="0" falsecount="2"/>
          <line num="21" count="0" type="stmt"/>
          <line num="23" count="0" type="stmt"/>
          <line num="27" count="1" type="stmt"/>
          <line num="28" count="0" type="stmt"/>
          <line num="30" count="1" type="stmt"/>
        </file>
      </package>
      <package name="controllers.wrappers">
        <metrics statements="105" coveredstatements="49" conditionals="24" coveredconditionals="0" methods="30" coveredmethods="7"/>
        <file name="map-instance.ts" path="C:\Users\ogono\OneDrive\Desktop\bomberman\server\controllers\wrappers\map-instance.ts">
          <metrics statements="105" coveredstatements="49" conditionals="24" coveredconditionals="0" methods="30" coveredmethods="7"/>
          <line num="1" count="1" type="stmt"/>
          <line num="2" count="1" type="stmt"/>
          <line num="5" count="1" type="stmt"/>
          <line num="6" count="1" type="stmt"/>
          <line num="9" count="1" type="stmt"/>
          <line num="10" count="1" type="stmt"/>
          <line num="17" count="5" type="stmt"/>
          <line num="18" count="5" type="stmt"/>
          <line num="20" count="5" type="stmt"/>
          <line num="23" count="5" type="stmt"/>
          <line num="29" count="5" type="stmt"/>
          <line num="30" count="5" type="stmt"/>
          <line num="31" count="5" type="stmt"/>
          <line num="32" count="5" type="stmt"/>
          <line num="33" count="5" type="stmt"/>
          <line num="34" count="5" type="stmt"/>
          <line num="35" count="5" type="stmt"/>
          <line num="36" count="5" type="stmt"/>
          <line num="37" count="5" type="stmt"/>
          <line num="39" count="5" type="stmt"/>
          <line num="41" count="1" type="stmt"/>
          <line num="42" count="0" type="stmt"/>
          <line num="44" count="1" type="stmt"/>
          <line num="45" count="0" type="stmt"/>
          <line num="47" count="1" type="stmt"/>
          <line num="48" count="0" type="stmt"/>
          <line num="50" count="1" type="stmt"/>
          <line num="51" count="0" type="stmt"/>
          <line num="53" count="1" type="stmt"/>
          <line num="54" count="0" type="stmt"/>
          <line num="57" count="1" type="stmt"/>
          <line num="58" count="0" type="stmt"/>
          <line num="61" count="1" type="stmt"/>
          <line num="62" count="0" type="stmt"/>
          <line num="65" count="1" type="stmt"/>
          <line num="66" count="0" type="stmt"/>
          <line num="67" count="0" type="cond" truecount="0" falsecount="4"/>
          <line num="68" count="0" type="stmt"/>
          <line num="70" count="0" type="stmt"/>
          <line num="74" count="1" type="stmt"/>
          <line num="75" count="0" type="stmt"/>
          <line num="76" count="0" type="stmt"/>
          <line num="77" count="0" type="cond" truecount="0" falsecount="2"/>
          <line num="78" count="0" type="stmt"/>
          <line num="82" count="0" type="stmt"/>
          <line num="85" count="1" type="stmt"/>
          <line num="86" count="0" type="cond" truecount="0" falsecount="2"/>
          <line num="87" count="0" type="stmt"/>
          <line num="88" count="0" type="stmt"/>
          <line num="89" count="0" type="stmt"/>
          <line num="90" count="0" type="stmt"/>
          <line num="91" count="0" type="stmt"/>
          <line num="96" count="1" type="stmt"/>
          <line num="98" count="0" type="stmt"/>
          <line num="99" count="0" type="cond" truecount="0" falsecount="2"/>
          <line num="100" count="0" type="stmt"/>
          <line num="101" count="0" type="stmt"/>
          <line num="102" count="0" type="stmt"/>
          <line num="103" count="0" type="stmt"/>
          <line num="104" count="0" type="stmt"/>
          <line num="108" count="1" type="stmt"/>
          <line num="109" count="0" type="stmt"/>
          <line num="110" count="0" type="stmt"/>
          <line num="112" count="0" type="stmt"/>
          <line num="113" count="0" type="cond" truecount="0" falsecount="2"/>
          <line num="115" count="0" type="stmt"/>
          <line num="117" count="0" type="cond" truecount="0" falsecount="2"/>
          <line num="118" count="0" type="stmt"/>
          <line num="121" count="0" type="cond" truecount="0" falsecount="2"/>
          <line num="122" count="0" type="stmt"/>
          <line num="124" count="0" type="cond" truecount="0" falsecount="2"/>
          <line num="125" count="0" type="stmt"/>
          <line num="127" count="0" type="cond" truecount="0" falsecount="2"/>
          <line num="128" count="0" type="stmt"/>
          <line num="130" count="0" type="cond" truecount="0" falsecount="2"/>
          <line num="131" count="0" type="stmt"/>
          <line num="134" count="0" type="stmt"/>
          <line num="139" count="0" type="stmt"/>
          <line num="142" count="1" type="stmt"/>
          <line num="143" count="0" type="stmt"/>
          <line num="147" count="1" type="stmt"/>
          <line num="149" count="0" type="stmt"/>
          <line num="150" count="0" type="stmt"/>
          <line num="151" count="0" type="cond" truecount="0" falsecount="2"/>
          <line num="152" count="0" type="stmt"/>
          <line num="159" count="0" type="stmt"/>
          <line num="160" count="0" type="stmt"/>
          <line num="166" count="0" type="stmt"/>
          <line num="167" count="0" type="stmt"/>
          <line num="174" count="0" type="stmt"/>
          <line num="177" count="5" type="stmt"/>
          <line num="179" count="5" type="stmt"/>
          <line num="182" count="5" type="stmt"/>
          <line num="183" count="15" type="stmt"/>
          <line num="185" count="15" type="stmt"/>
          <line num="189" count="5" type="stmt"/>
          <line num="190" count="10" type="stmt"/>
          <line num="192" count="10" type="stmt"/>
          <line num="196" count="5" type="stmt"/>
          <line num="197" count="5" type="stmt"/>
          <line num="199" count="5" type="stmt"/>
          <line num="203" count="5" type="stmt"/>
          <line num="204" count="5" type="stmt"/>
          <line num="207" count="5" type="stmt"/>
          <line num="210" count="1" type="stmt"/>
        </file>
      </package>
      <package name="data">
        <metrics statements="2" coveredstatements="2" conditionals="0" coveredconditionals="0" methods="0" coveredmethods="0"/>
        <file name="maps.ts" path="C:\Users\ogono\OneDrive\Desktop\bomberman\server\data\maps.ts">
          <metrics statements="2" coveredstatements="2" conditionals="0" coveredconditionals="0" methods="0" coveredmethods="0"/>
          <line num="1" count="1" type="stmt"/>
          <line num="4" count="1" type="stmt"/>
        </file>
      </package>
      <package name="models.factories">
        <metrics statements="20" coveredstatements="18" conditionals="0" coveredconditionals="0" methods="8" coveredmethods="6"/>
        <file name="game-object-factory.ts" path="C:\Users\ogono\OneDrive\Desktop\bomberman\server\models\factories\game-object-factory.ts">
          <metrics statements="20" coveredstatements="18" conditionals="0" coveredconditionals="0" methods="8" coveredmethods="6"/>
          <line num="1" count="1" type="stmt"/>
          <line num="2" count="1" type="stmt"/>
          <line num="4" count="1" type="stmt"/>
          <line num="5" count="1" type="stmt"/>
          <line num="6" count="1" type="stmt"/>
          <line num="9" count="1" type="stmt"/>
          <line num="10" count="1" type="stmt"/>
          <line num="16" count="1" type="stmt"/>
          <line num="17" count="0" type="stmt"/>
          <line num="20" count="1" type="stmt"/>
          <line num="21" count="15" type="stmt"/>
          <line num="24" count="1" type="stmt"/>
          <line num="25" count="5" type="stmt"/>
          <line num="28" count="1" type="stmt"/>
          <line num="29" count="5" type="stmt"/>
          <line num="32" count="1" type="stmt"/>
          <line num="33" count="10" type="stmt"/>
          <line num="36" count="1" type="stmt"/>
          <line num="37" count="0" type="stmt"/>
          <line num="39" count="1" type="stmt"/>
        </file>
      </package>
      <package name="models.gameobjects">
        <metrics statements="128" coveredstatements="79" conditionals="28" coveredconditionals="14" methods="41" coveredmethods="12"/>
        <file name="bomb.ts" path="C:\Users\ogono\OneDrive\Desktop\bomberman\server\models\gameobjects\bomb.ts">
          <metrics statements="17" coveredstatements="9" conditionals="2" coveredconditionals="0" methods="6" coveredmethods="1"/>
          <line num="1" count="1" type="stmt"/>
          <line num="3" count="1" type="stmt"/>
          <line num="5" count="1" type="stmt"/>
          <line num="7" count="1" type="stmt"/>
          <line num="18" count="0" type="cond" truecount="0" falsecount="2"/>
          <line num="24" count="0" type="stmt"/>
          <line num="25" count="0" type="stmt"/>
          <line num="26" count="0" type="stmt"/>
          <line num="29" count="1" type="stmt"/>
          <line num="30" count="0" type="stmt"/>
          <line num="32" count="1" type="stmt"/>
          <line num="33" count="0" type="stmt"/>
          <line num="35" count="1" type="stmt"/>
          <line num="36" count="0" type="stmt"/>
          <line num="38" count="1" type="stmt"/>
          <line num="39" count="0" type="stmt"/>
          <line num="41" count="1" type="stmt"/>
        </file>
        <file name="boundary.ts" path="C:\Users\ogono\OneDrive\Desktop\bomberman\server\models\gameobjects\boundary.ts">
          <metrics statements="6" coveredstatements="6" conditionals="2" coveredconditionals="2" methods="2" coveredmethods="2"/>
          <line num="1" count="1" type="stmt"/>
          <line num="3" count="1" type="stmt"/>
          <line num="5" count="1" type="stmt"/>
          <line num="7" count="15" type="cond" truecount="2" falsecount="0"/>
          <line num="8" count="15" type="stmt"/>
          <line num="10" count="1" type="stmt"/>
        </file>
        <file name="destructable.ts" path="C:\Users\ogono\OneDrive\Desktop\bomberman\server\models\gameobjects\destructable.ts">
          <metrics statements="6" coveredstatements="6" conditionals="2" coveredconditionals="2" methods="2" coveredmethods="2"/>
          <line num="1" count="1" type="stmt"/>
          <line num="3" count="1" type="stmt"/>
          <line num="5" count="1" type="stmt"/>
          <line num="7" count="5" type="cond" truecount="2" falsecount="0"/>
          <line num="8" count="5" type="stmt"/>
          <line num="10" count="1" type="stmt"/>
        </file>
        <file name="enemy.ts" path="C:\Users\ogono\OneDrive\Desktop\bomberman\server\models\gameobjects\enemy.ts">
          <metrics statements="21" coveredstatements="14" conditionals="4" coveredconditionals="3" methods="8" coveredmethods="2"/>
          <line num="1" count="1" type="stmt"/>
          <line num="3" count="1" type="stmt"/>
          <line num="5" count="1" type="stmt"/>
          <line num="11" count="5" type="cond" truecount="2" falsecount="0"/>
          <line num="12" count="5" type="cond" truecount="1" falsecount="1"/>
          <line num="13" count="0" type="stmt"/>
          <line num="15" count="5" type="stmt"/>
          <line num="16" count="5" type="stmt"/>
          <line num="17" count="5" type="stmt"/>
          <line num="18" count="5" type="stmt"/>
          <line num="21" count="1" type="stmt"/>
          <line num="22" count="0" type="stmt"/>
          <line num="25" count="1" type="stmt"/>
          <line num="26" count="0" type="stmt"/>
          <line num="29" count="1" type="stmt"/>
          <line num="30" count="0" type="stmt"/>
          <line num="34" count="0" type="stmt"/>
          <line num="37" count="1" type="stmt"/>
          <line num="38" count="0" type="stmt"/>
          <line num="42" count="0" type="stmt"/>
          <line num="44" count="1" type="stmt"/>
        </file>
        <file name="gameobject.ts" path="C:\Users\ogono\OneDrive\Desktop\bomberman\server\models\gameobjects\gameobject.ts">
          <metrics statements="36" coveredstatements="19" conditionals="14" coveredconditionals="5" methods="9" coveredmethods="2"/>
          <line num="3" count="2" type="stmt"/>
          <line num="14" count="36" type="cond" truecount="1" falsecount="1"/>
          <line num="15" count="0" type="stmt"/>
          <line num="17" count="36" type="cond" truecount="1" falsecount="1"/>
          <line num="18" count="0" type="stmt"/>
          <line num="20" count="36" type="cond" truecount="1" falsecount="1"/>
          <line num="21" count="0" type="stmt"/>
          <line num="24" count="36" type="cond" truecount="1" falsecount="1"/>
          <line num="25" count="0" type="stmt"/>
          <line num="28" count="36" type="cond" truecount="1" falsecount="1"/>
          <line num="29" count="0" type="stmt"/>
          <line num="32" count="36" type="stmt"/>
          <line num="33" count="36" type="stmt"/>
          <line num="35" count="36" type="stmt"/>
          <line num="36" count="36" type="stmt"/>
          <line num="37" count="36" type="stmt"/>
          <line num="40" count="2" type="stmt"/>
          <line num="41" count="0" type="stmt"/>
          <line num="44" count="2" type="stmt"/>
          <line num="45" count="0" type="stmt"/>
          <line num="48" count="2" type="stmt"/>
          <line num="49" count="0" type="stmt"/>
          <line num="52" count="2" type="stmt"/>
          <line num="53" count="0" type="stmt"/>
          <line num="56" count="2" type="stmt"/>
          <line num="57" count="0" type="stmt"/>
          <line num="60" count="2" type="stmt"/>
          <line num="61" count="0" type="stmt"/>
          <line num="64" count="2" type="stmt"/>
          <line num="66" count="0" type="cond" truecount="0" falsecount="2"/>
          <line num="67" count="0" type="stmt"/>
          <line num="69" count="0" type="cond" truecount="0" falsecount="2"/>
          <line num="70" count="0" type="stmt"/>
          <line num="73" count="0" type="stmt"/>
          <line num="74" count="0" type="stmt"/>
          <line num="76" count="2" type="stmt"/>
        </file>
        <file name="indestructable.ts" path="C:\Users\ogono\OneDrive\Desktop\bomberman\server\models\gameobjects\indestructable.ts">
          <metrics statements="6" coveredstatements="6" conditionals="2" coveredconditionals="2" methods="2" coveredmethods="2"/>
          <line num="1" count="1" type="stmt"/>
          <line num="3" count="1" type="stmt"/>
          <line num="5" count="1" type="stmt"/>
          <line num="7" count="10" type="cond" truecount="2" falsecount="0"/>
          <line num="8" count="10" type="stmt"/>
          <line num="10" count="1" type="stmt"/>
        </file>
        <file name="index.ts" path="C:\Users\ogono\OneDrive\Desktop\bomberman\server\models\gameobjects\index.ts">
          <metrics statements="6" coveredstatements="6" conditionals="0" coveredconditionals="0" methods="0" coveredmethods="0"/>
          <line num="1" count="1" type="stmt"/>
          <line num="2" count="1" type="stmt"/>
          <line num="3" count="1" type="stmt"/>
          <line num="4" count="1" type="stmt"/>
          <line num="5" count="1" type="stmt"/>
          <line num="6" count="1" type="stmt"/>
        </file>
        <file name="player.ts" path="C:\Users\ogono\OneDrive\Desktop\bomberman\server\models\gameobjects\player.ts">
          <metrics statements="30" coveredstatements="13" conditionals="2" coveredconditionals="0" methods="12" coveredmethods="1"/>
          <line num="1" count="1" type="stmt"/>
          <line num="4" count="1" type="stmt"/>
          <line num="6" count="1" type="stmt"/>
          <line num="7" count="1" type="stmt"/>
          <line num="13" count="0" type="stmt"/>
          <line num="24" count="0" type="cond" truecount="0" falsecount="2"/>
          <line num="26" count="0" type="stmt"/>
          <line num="27" count="0" type="stmt"/>
          <line num="28" count="0" type="stmt"/>
          <line num="29" count="0" type="stmt"/>
          <line num="30" count="0" type="stmt"/>
          <line num="31" count="0" type="stmt"/>
          <line num="34" count="1" type="stmt"/>
          <line num="35" count="0" type="stmt"/>
          <line num="38" count="1" type="stmt"/>
          <line num="39" count="0" type="stmt"/>
          <line num="43" count="0" type="stmt"/>
          <line num="46" count="1" type="stmt"/>
          <line num="47" count="0" type="stmt"/>
          <line num="50" count="1" type="stmt"/>
          <line num="51" count="0" type="stmt"/>
          <line num="54" count="1" type="stmt"/>
          <line num="55" count="0" type="stmt"/>
          <line num="58" count="1" type="stmt"/>
          <line num="59" count="0" type="stmt"/>
          <line num="63" count="0" type="stmt"/>
          <line num="66" count="1" type="stmt"/>
          <line num="67" count="0" type="stmt"/>
          <line num="70" count="1" type="stmt"/>
          <line num="75" count="1" type="stmt"/>
        </file>
      </package>
      <package name="setup">
        <metrics statements="1" coveredstatements="1" conditionals="0" coveredconditionals="0" methods="0" coveredmethods="0"/>
        <file name="types.ts" path="C:\Users\ogono\OneDrive\Desktop\bomberman\server\setup\types.ts">
          <metrics statements="1" coveredstatements="1" conditionals="0" coveredconditionals="0" methods="0" coveredmethods="0"/>
          <line num="2" count="1" type="stmt"/>
        </file>
      </package>
    </metrics>
  </project>
</coverage>
