{"C:\\Users\\ogono\\OneDrive\\Desktop\\bomberman\\server\\common\\gameobjecttype.ts": {"path":"C:\\Users\\ogono\\OneDrive\\Desktop\\bomberman\\server\\common\\gameobjecttype.ts","statementMap":{"0":{"start":{"line":1,"column":0},"end":{"line":9,"column":1}},"1":{"start":{"line":2,"column":2},"end":{"line":2,"column":8}},"2":{"start":{"line":3,"column":2},"end":{"line":3,"column":7}},"3":{"start":{"line":4,"column":2},"end":{"line":4,"column":16}},"4":{"start":{"line":5,"column":2},"end":{"line":5,"column":14}},"5":{"start":{"line":6,"column":2},"end":{"line":6,"column":6}},"6":{"start":{"line":7,"column":2},"end":{"line":7,"column":14}},"7":{"start":{"line":8,"column":2},"end":{"line":8,"column":10}}},"fnMap":{"0":{"name":"(anonymous_0)","decl":{"start":{"line":1,"column":0},"end":{"line":1,"column":11}},"loc":{"start":{"line":1,"column":26},"end":{"line":9,"column":1}}}},"branchMap":{"0":{"loc":{"start":{"line":1,"column":12},"end":{"line":1,"column":26}},"type":"binary-expr","locations":[{"start":{"line":1,"column":12},"end":{"line":1,"column":26}},{"start":{"line":1,"column":12},"end":{"line":1,"column":26}}]}},"s":{"0":5,"1":5,"2":5,"3":5,"4":5,"5":5,"6":5,"7":5},"f":{"0":5},"b":{"0":[5,5]}}
,"C:\\Users\\ogono\\OneDrive\\Desktop\\bomberman\\server\\common\\globals.ts": {"path":"C:\\Users\\ogono\\OneDrive\\Desktop\\bomberman\\server\\common\\globals.ts","statementMap":{"0":{"start":{"line":2,"column":13},"end":{"line":5,"column":2}}},"fnMap":{},"branchMap":{},"s":{"0":5},"f":{},"b":{}}
,"C:\\Users\\ogono\\OneDrive\\Desktop\\bomberman\\server\\common\\index.ts": {"path":"C:\\Users\\ogono\\OneDrive\\Desktop\\bomberman\\server\\common\\index.ts","statementMap":{"0":{"start":{"line":1,"column":0},"end":{"line":1,"column":33}},"1":{"start":{"line":3,"column":0},"end":{"line":3,"column":26}},"2":{"start":{"line":4,"column":0},"end":{"line":4,"column":29}},"3":{"start":{"line":6,"column":0},"end":{"line":6,"column":32}},"4":{"start":{"line":7,"column":0},"end":{"line":7,"column":26}}},"fnMap":{},"branchMap":{},"s":{"0":5,"1":5,"2":5,"3":5,"4":5},"f":{},"b":{}}
,"C:\\Users\\ogono\\OneDrive\\Desktop\\bomberman\\server\\common\\intenttype.ts": {"path":"C:\\Users\\ogono\\OneDrive\\Desktop\\bomberman\\server\\common\\intenttype.ts","statementMap":{"0":{"start":{"line":1,"column":0},"end":{"line":10,"column":1}},"1":{"start":{"line":2,"column":2},"end":{"line":2,"column":4}},"2":{"start":{"line":3,"column":2},"end":{"line":3,"column":6}},"3":{"start":{"line":4,"column":2},"end":{"line":4,"column":6}},"4":{"start":{"line":5,"column":2},"end":{"line":5,"column":7}},"5":{"start":{"line":6,"column":2},"end":{"line":6,"column":8}},"6":{"start":{"line":7,"column":2},"end":{"line":7,"column":8}},"7":{"start":{"line":8,"column":2},"end":{"line":8,"column":8}},"8":{"start":{"line":9,"column":2},"end":{"line":9,"column":8}}},"fnMap":{"0":{"name":"(anonymous_0)","decl":{"start":{"line":1,"column":0},"end":{"line":1,"column":11}},"loc":{"start":{"line":1,"column":22},"end":{"line":10,"column":1}}}},"branchMap":{"0":{"loc":{"start":{"line":1,"column":12},"end":{"line":1,"column":22}},"type":"binary-expr","locations":[{"start":{"line":1,"column":12},"end":{"line":1,"column":22}},{"start":{"line":1,"column":12},"end":{"line":1,"column":22}}]}},"s":{"0":6,"1":6,"2":6,"3":6,"4":6,"5":6,"6":6,"7":6,"8":6},"f":{"0":6},"b":{"0":[6,6]}}
,"C:\\Users\\ogono\\OneDrive\\Desktop\\bomberman\\server\\common\\maptype.ts": {"path":"C:\\Users\\ogono\\OneDrive\\Desktop\\bomberman\\server\\common\\maptype.ts","statementMap":{"0":{"start":{"line":1,"column":0},"end":{"line":4,"column":1}},"1":{"start":{"line":2,"column":2},"end":{"line":2,"column":7}},"2":{"start":{"line":3,"column":2},"end":{"line":3,"column":7}}},"fnMap":{"0":{"name":"(anonymous_0)","decl":{"start":{"line":1,"column":0},"end":{"line":1,"column":11}},"loc":{"start":{"line":1,"column":19},"end":{"line":4,"column":1}}}},"branchMap":{"0":{"loc":{"start":{"line":1,"column":12},"end":{"line":1,"column":19}},"type":"binary-expr","locations":[{"start":{"line":1,"column":12},"end":{"line":1,"column":19}},{"start":{"line":1,"column":12},"end":{"line":1,"column":19}}]}},"s":{"0":5,"1":5,"2":5},"f":{"0":5},"b":{"0":[5,5]}}
,"C:\\Users\\ogono\\OneDrive\\Desktop\\bomberman\\server\\common\\pathdirection.ts": {"path":"C:\\Users\\ogono\\OneDrive\\Desktop\\bomberman\\server\\common\\pathdirection.ts","statementMap":{"0":{"start":{"line":1,"column":0},"end":{"line":4,"column":1}},"1":{"start":{"line":2,"column":2},"end":{"line":2,"column":9}},"2":{"start":{"line":3,"column":2},"end":{"line":3,"column":10}}},"fnMap":{"0":{"name":"(anonymous_0)","decl":{"start":{"line":1,"column":0},"end":{"line":1,"column":11}},"loc":{"start":{"line":1,"column":25},"end":{"line":4,"column":1}}}},"branchMap":{"0":{"loc":{"start":{"line":1,"column":12},"end":{"line":1,"column":25}},"type":"binary-expr","locations":[{"start":{"line":1,"column":12},"end":{"line":1,"column":25}},{"start":{"line":1,"column":12},"end":{"line":1,"column":25}}]}},"s":{"0":5,"1":5,"2":5},"f":{"0":5},"b":{"0":[5,5]}}
,"C:\\Users\\ogono\\OneDrive\\Desktop\\bomberman\\server\\controllers\\commands.ts": {"path":"C:\\Users\\ogono\\OneDrive\\Desktop\\bomberman\\server\\controllers\\commands.ts","statementMap":{"0":{"start":{"line":1,"column":0},"end":{"line":1,"column":38}},"1":{"start":{"line":6,"column":0},"end":{"line":30,"column":0}},"2":{"start":{"line":10,"column":4},"end":{"line":10,"column":24}},"3":{"start":{"line":13,"column":2},"end":{"line":15,"column":3}},"4":{"start":{"line":14,"column":4},"end":{"line":14,"column":26}},"5":{"start":{"line":17,"column":9},"end":{"line":25,"column":3}},"6":{"start":{"line":18,"column":26},"end":{"line":18,"column":28}},"7":{"start":{"line":19,"column":4},"end":{"line":19,"column":61}},"8":{"start":{"line":19,"column":49},"end":{"line":19,"column":59}},"9":{"start":{"line":20,"column":4},"end":{"line":24,"column":5}},"10":{"start":{"line":21,"column":6},"end":{"line":21,"column":56}},"11":{"start":{"line":23,"column":6},"end":{"line":23,"column":35}},"12":{"start":{"line":27,"column":9},"end":{"line":29,"column":3}},"13":{"start":{"line":28,"column":4},"end":{"line":28,"column":88}},"14":{"start":{"line":28,"column":69},"end":{"line":28,"column":86}},"15":{"start":{"line":6,"column":13},"end":{"line":30,"column":1}},"16":{"start":{"line":30,"column":0},"end":{"line":30,"column":1}},"17":{"start":{"line":6,"column":13},"end":{"line":6,"column":31}}},"fnMap":{"0":{"name":"(anonymous_2)","decl":{"start":{"line":6,"column":0},"end":{"line":null,"column":-1}},"loc":{"start":{"line":6,"column":0},"end":{"line":6,"column":-1}}},"1":{"name":"CommandsController","decl":{"start":{"line":9,"column":2},"end":{"line":null,"column":-1}},"loc":{"start":{"line":9,"column":2},"end":{"line":11,"column":3}}},"2":{"name":"(anonymous_4)","decl":{"start":{"line":13,"column":2},"end":{"line":null,"column":-1}},"loc":{"start":{"line":13,"column":2},"end":{"line":15,"column":3}}},"3":{"name":"(anonymous_5)","decl":{"start":{"line":17,"column":2},"end":{"line":17,"column":15}},"loc":{"start":{"line":17,"column":36},"end":{"line":25,"column":3}}},"4":{"name":"(anonymous_6)","decl":{"start":{"line":19,"column":23},"end":{"line":19,"column":23}},"loc":{"start":{"line":19,"column":44},"end":{"line":19,"column":59}}},"5":{"name":"(anonymous_7)","decl":{"start":{"line":27,"column":2},"end":{"line":27,"column":14}},"loc":{"start":{"line":27,"column":25},"end":{"line":29,"column":3}}},"6":{"name":"(anonymous_8)","decl":{"start":{"line":28,"column":43},"end":{"line":28,"column":43}},"loc":{"start":{"line":28,"column":64},"end":{"line":28,"column":86}}}},"branchMap":{"0":{"loc":{"start":{"line":20,"column":4},"end":{"line":24,"column":5}},"type":"if","locations":[{"start":{"line":20,"column":4},"end":{"line":24,"column":5}},{"start":{"line":20,"column":4},"end":{"line":24,"column":5}}]}},"s":{"0":2,"1":2,"2":16,"3":2,"4":2,"5":2,"6":0,"7":0,"8":0,"9":0,"10":0,"11":0,"12":2,"13":0,"14":0,"15":2,"16":2,"17":2},"f":{"0":2,"1":16,"2":2,"3":0,"4":0,"5":0,"6":0},"b":{"0":[0,0]}}
,"C:\\Users\\ogono\\OneDrive\\Desktop\\bomberman\\server\\controllers\\index.ts": {"path":"C:\\Users\\ogono\\OneDrive\\Desktop\\bomberman\\server\\controllers\\index.ts","statementMap":{"0":{"start":{"line":1,"column":0},"end":{"line":1,"column":40}},"1":{"start":{"line":2,"column":0},"end":{"line":2,"column":32}},"2":{"start":{"line":3,"column":0},"end":{"line":3,"column":40}}},"fnMap":{},"branchMap":{},"s":{"0":1,"1":1,"2":1},"f":{},"b":{}}
,"C:\\Users\\ogono\\OneDrive\\Desktop\\bomberman\\server\\controllers\\wrappers\\game-wrapper.ts": {"path":"C:\\Users\\ogono\\OneDrive\\Desktop\\bomberman\\server\\controllers\\wrappers\\game-wrapper.ts","statementMap":{"0":{"start":{"line":1,"column":0},"end":{"line":1,"column":46}},"1":{"start":{"line":3,"column":0},"end":{"line":3,"column":26}},"2":{"start":{"line":4,"column":0},"end":{"line":4,"column":31}},"3":{"start":{"line":5,"column":0},"end":{"line":5,"column":59}},"4":{"start":{"line":9,"column":0},"end":{"line":9,"column":48}},"5":{"start":{"line":10,"column":0},"end":{"line":10,"column":41}},"6":{"start":{"line":14,"column":0},"end":{"line":80,"column":0}},"7":{"start":{"line":28,"column":4},"end":{"line":28,"column":34}},"8":{"start":{"line":29,"column":4},"end":{"line":29,"column":22}},"9":{"start":{"line":30,"column":4},"end":{"line":30,"column":36}},"10":{"start":{"line":31,"column":4},"end":{"line":31,"column":50}},"11":{"start":{"line":34,"column":9},"end":{"line":38,"column":3}},"12":{"start":{"line":35,"column":4},"end":{"line":35,"column":53}},"13":{"start":{"line":37,"column":4},"end":{"line":37,"column":16}},"14":{"start":{"line":40,"column":10},"end":{"line":79,"column":3}},"15":{"start":{"line":40,"column":2},"end":{"line":79,"column":2}},"16":{"start":{"line":41,"column":4},"end":{"line":78,"column":7}},"17":{"start":{"line":44,"column":26},"end":{"line":44,"column":79}},"18":{"start":{"line":45,"column":6},"end":{"line":50,"column":7}},"19":{"start":{"line":47,"column":8},"end":{"line":47,"column":63}},"20":{"start":{"line":49,"column":8},"end":{"line":49,"column":84}},"21":{"start":{"line":53,"column":6},"end":{"line":56,"column":9}},"22":{"start":{"line":54,"column":8},"end":{"line":54,"column":32}},"23":{"start":{"line":55,"column":8},"end":{"line":55,"column":33}},"24":{"start":{"line":59,"column":6},"end":{"line":72,"column":9}},"25":{"start":{"line":60,"column":41},"end":{"line":60,"column":43}},"26":{"start":{"line":61,"column":49},"end":{"line":61,"column":64}},"27":{"start":{"line":63,"column":8},"end":{"line":66,"column":11}},"28":{"start":{"line":64,"column":32},"end":{"line":64,"column":48}},"29":{"start":{"line":65,"column":10},"end":{"line":65,"column":70}},"30":{"start":{"line":68,"column":34},"end":{"line":68,"column":71}},"31":{"start":{"line":70,"column":8},"end":{"line":70,"column":46}},"32":{"start":{"line":75,"column":6},"end":{"line":77,"column":9}},"33":{"start":{"line":76,"column":8},"end":{"line":76,"column":31}},"34":{"start":{"line":15,"column":19},"end":{"line":15,"column":42}},"35":{"start":{"line":14,"column":6},"end":{"line":80,"column":1}},"36":{"start":{"line":80,"column":0},"end":{"line":80,"column":1}},"37":{"start":{"line":82,"column":9},"end":{"line":82,"column":20}}},"fnMap":{"0":{"name":"(anonymous_5)","decl":{"start":{"line":14,"column":0},"end":{"line":null,"column":-1}},"loc":{"start":{"line":14,"column":0},"end":{"line":14,"column":-1}}},"1":{"name":"GameWrapper","decl":{"start":{"line":22,"column":2},"end":{"line":23,"column":21}},"loc":{"start":{"line":26,"column":77},"end":{"line":32,"column":3}}},"2":{"name":"(anonymous_7)","decl":{"start":{"line":34,"column":2},"end":{"line":null,"column":-1}},"loc":{"start":{"line":34,"column":2},"end":{"line":38,"column":3}}},"3":{"name":"(anonymous_8)","decl":{"start":{"line":40,"column":2},"end":{"line":null,"column":-1}},"loc":{"start":{"line":40,"column":2},"end":{"line":79,"column":3}}},"4":{"name":"(anonymous_9)","decl":{"start":{"line":41,"column":36},"end":{"line":41,"column":36}},"loc":{"start":{"line":41,"column":54},"end":{"line":78,"column":5}}},"5":{"name":"(anonymous_10)","decl":{"start":{"line":53,"column":26},"end":{"line":53,"column":26}},"loc":{"start":{"line":53,"column":41},"end":{"line":56,"column":7}}},"6":{"name":"(anonymous_11)","decl":{"start":{"line":59,"column":30},"end":{"line":59,"column":30}},"loc":{"start":{"line":59,"column":42},"end":{"line":72,"column":7}}},"7":{"name":"(anonymous_12)","decl":{"start":{"line":63,"column":36},"end":{"line":63,"column":36}},"loc":{"start":{"line":63,"column":49},"end":{"line":66,"column":9}}},"8":{"name":"(anonymous_13)","decl":{"start":{"line":75,"column":30},"end":{"line":null,"column":-1}},"loc":{"start":{"line":75,"column":30},"end":{"line":77,"column":7}}}},"branchMap":{"0":{"loc":{"start":{"line":45,"column":6},"end":{"line":50,"column":7}},"type":"if","locations":[{"start":{"line":45,"column":6},"end":{"line":50,"column":7}},{"start":{"line":45,"column":6},"end":{"line":50,"column":7}}]}},"s":{"0":1,"1":1,"2":1,"3":1,"4":1,"5":1,"6":1,"7":0,"8":0,"9":0,"10":0,"11":1,"12":0,"13":0,"14":1,"15":0,"16":0,"17":0,"18":0,"19":0,"20":0,"21":0,"22":0,"23":0,"24":0,"25":0,"26":0,"27":0,"28":0,"29":0,"30":0,"31":0,"32":0,"33":0,"34":1,"35":1,"36":1,"37":1},"f":{"0":1,"1":0,"2":0,"3":0,"4":0,"5":0,"6":0,"7":0,"8":0},"b":{"0":[0,0]}}
,"C:\\Users\\ogono\\OneDrive\\Desktop\\bomberman\\server\\controllers\\wrappers\\game.ts": {"path":"C:\\Users\\ogono\\OneDrive\\Desktop\\bomberman\\server\\controllers\\wrappers\\game.ts","statementMap":{"0":{"start":{"line":1,"column":0},"end":{"line":1,"column":46}},"1":{"start":{"line":2,"column":0},"end":{"line":2,"column":45}},"2":{"start":{"line":5,"column":0},"end":{"line":5,"column":41}},"3":{"start":{"line":8,"column":0},"end":{"line":119,"column":0}},"4":{"start":{"line":16,"column":4},"end":{"line":16,"column":44}},"5":{"start":{"line":17,"column":4},"end":{"line":17,"column":27}},"6":{"start":{"line":18,"column":4},"end":{"line":18,"column":25}},"7":{"start":{"line":19,"column":4},"end":{"line":19,"column":31}},"8":{"start":{"line":20,"column":4},"end":{"line":20,"column":27}},"9":{"start":{"line":23,"column":9},"end":{"line":39,"column":3}},"10":{"start":{"line":24,"column":26},"end":{"line":24,"column":30}},"11":{"start":{"line":25,"column":4},"end":{"line":29,"column":7}},"12":{"start":{"line":26,"column":6},"end":{"line":28,"column":7}},"13":{"start":{"line":27,"column":8},"end":{"line":27,"column":23}},"14":{"start":{"line":30,"column":4},"end":{"line":36,"column":5}},"15":{"start":{"line":31,"column":6},"end":{"line":31,"column":34}},"16":{"start":{"line":32,"column":6},"end":{"line":35,"column":7}},"17":{"start":{"line":33,"column":8},"end":{"line":33,"column":30}},"18":{"start":{"line":34,"column":8},"end":{"line":34,"column":43}},"19":{"start":{"line":38,"column":4},"end":{"line":38,"column":18}},"20":{"start":{"line":41,"column":9},"end":{"line":49,"column":3}},"21":{"start":{"line":42,"column":4},"end":{"line":48,"column":7}},"22":{"start":{"line":43,"column":6},"end":{"line":45,"column":7}},"23":{"start":{"line":44,"column":8},"end":{"line":44,"column":21}},"24":{"start":{"line":47,"column":6},"end":{"line":47,"column":18}},"25":{"start":{"line":51,"column":9},"end":{"line":56,"column":3}},"26":{"start":{"line":52,"column":38},"end":{"line":52,"column":81}},"27":{"start":{"line":53,"column":4},"end":{"line":53,"column":27}},"28":{"start":{"line":54,"column":4},"end":{"line":54,"column":16}},"29":{"start":{"line":55,"column":4},"end":{"line":55,"column":38}},"30":{"start":{"line":58,"column":9},"end":{"line":102,"column":3}},"31":{"start":{"line":58,"column":2},"end":{"line":102,"column":2}},"32":{"start":{"line":60,"column":4},"end":{"line":64,"column":5}},"33":{"start":{"line":61,"column":6},"end":{"line":61,"column":29}},"34":{"start":{"line":63,"column":6},"end":{"line":63,"column":13}},"35":{"start":{"line":66,"column":97},"end":{"line":66,"column":99}},"36":{"start":{"line":69,"column":4},"end":{"line":78,"column":7}},"37":{"start":{"line":71,"column":6},"end":{"line":71,"column":24}},"38":{"start":{"line":72,"column":6},"end":{"line":77,"column":9}},"39":{"start":{"line":80,"column":37},"end":{"line":80,"column":81}},"40":{"start":{"line":82,"column":4},"end":{"line":99,"column":7}},"41":{"start":{"line":83,"column":6},"end":{"line":98,"column":7}},"42":{"start":{"line":85,"column":8},"end":{"line":85,"column":63}},"43":{"start":{"line":88,"column":8},"end":{"line":97,"column":11}},"44":{"start":{"line":89,"column":10},"end":{"line":96,"column":11}},"45":{"start":{"line":91,"column":32},"end":{"line":94,"column":13}},"46":{"start":{"line":95,"column":12},"end":{"line":95,"column":69}},"47":{"start":{"line":101,"column":4},"end":{"line":101,"column":43}},"48":{"start":{"line":104,"column":2},"end":{"line":106,"column":3}},"49":{"start":{"line":105,"column":4},"end":{"line":105,"column":29}},"50":{"start":{"line":108,"column":2},"end":{"line":110,"column":3}},"51":{"start":{"line":109,"column":4},"end":{"line":109,"column":27}},"52":{"start":{"line":112,"column":2},"end":{"line":114,"column":3}},"53":{"start":{"line":113,"column":4},"end":{"line":113,"column":25}},"54":{"start":{"line":116,"column":2},"end":{"line":118,"column":3}},"55":{"start":{"line":117,"column":4},"end":{"line":117,"column":26}},"56":{"start":{"line":8,"column":13},"end":{"line":119,"column":1}},"57":{"start":{"line":119,"column":0},"end":{"line":119,"column":1}},"58":{"start":{"line":8,"column":13},"end":{"line":8,"column":17}}},"fnMap":{"0":{"name":"(anonymous_4)","decl":{"start":{"line":8,"column":0},"end":{"line":null,"column":-1}},"loc":{"start":{"line":8,"column":0},"end":{"line":8,"column":-1}}},"1":{"name":"Game","decl":{"start":{"line":15,"column":2},"end":{"line":15,"column":53}},"loc":{"start":{"line":15,"column":90},"end":{"line":21,"column":3}}},"2":{"name":"(anonymous_6)","decl":{"start":{"line":23,"column":2},"end":{"line":23,"column":13}},"loc":{"start":{"line":23,"column":30},"end":{"line":39,"column":3}}},"3":{"name":"(anonymous_7)","decl":{"start":{"line":25,"column":29},"end":{"line":25,"column":29}},"loc":{"start":{"line":25,"column":53},"end":{"line":29,"column":5}}},"4":{"name":"(anonymous_8)","decl":{"start":{"line":41,"column":2},"end":{"line":41,"column":14}},"loc":{"start":{"line":41,"column":26},"end":{"line":49,"column":3}}},"5":{"name":"(anonymous_9)","decl":{"start":{"line":42,"column":49},"end":{"line":42,"column":49}},"loc":{"start":{"line":42,"column":73},"end":{"line":48,"column":5}}},"6":{"name":"(anonymous_10)","decl":{"start":{"line":51,"column":2},"end":{"line":51,"column":15}},"loc":{"start":{"line":51,"column":27},"end":{"line":56,"column":3}}},"7":{"name":"(anonymous_11)","decl":{"start":{"line":58,"column":2},"end":{"line":null,"column":-1}},"loc":{"start":{"line":58,"column":2},"end":{"line":102,"column":3}}},"8":{"name":"(anonymous_12)","decl":{"start":{"line":69,"column":28},"end":{"line":69,"column":28}},"loc":{"start":{"line":69,"column":51},"end":{"line":78,"column":5}}},"9":{"name":"(anonymous_13)","decl":{"start":{"line":82,"column":30},"end":{"line":82,"column":30}},"loc":{"start":{"line":82,"column":54},"end":{"line":99,"column":5}}},"10":{"name":"(anonymous_14)","decl":{"start":{"line":88,"column":32},"end":{"line":88,"column":32}},"loc":{"start":{"line":88,"column":55},"end":{"line":97,"column":9}}},"11":{"name":"(anonymous_15)","decl":{"start":{"line":104,"column":2},"end":{"line":null,"column":-1}},"loc":{"start":{"line":104,"column":2},"end":{"line":106,"column":3}}},"12":{"name":"(anonymous_16)","decl":{"start":{"line":108,"column":2},"end":{"line":null,"column":-1}},"loc":{"start":{"line":108,"column":2},"end":{"line":110,"column":3}}},"13":{"name":"(anonymous_17)","decl":{"start":{"line":112,"column":2},"end":{"line":null,"column":-1}},"loc":{"start":{"line":112,"column":2},"end":{"line":114,"column":3}}},"14":{"name":"(anonymous_18)","decl":{"start":{"line":116,"column":2},"end":{"line":null,"column":-1}},"loc":{"start":{"line":116,"column":2},"end":{"line":118,"column":3}}}},"branchMap":{"0":{"loc":{"start":{"line":26,"column":6},"end":{"line":28,"column":7}},"type":"if","locations":[{"start":{"line":26,"column":6},"end":{"line":28,"column":7}},{"start":{"line":26,"column":6},"end":{"line":28,"column":7}}]},"1":{"loc":{"start":{"line":30,"column":4},"end":{"line":36,"column":5}},"type":"if","locations":[{"start":{"line":30,"column":4},"end":{"line":36,"column":5}},{"start":{"line":30,"column":4},"end":{"line":36,"column":5}}]},"2":{"loc":{"start":{"line":32,"column":6},"end":{"line":35,"column":7}},"type":"if","locations":[{"start":{"line":32,"column":6},"end":{"line":35,"column":7}},{"start":{"line":32,"column":6},"end":{"line":35,"column":7}}]},"3":{"loc":{"start":{"line":43,"column":6},"end":{"line":45,"column":7}},"type":"if","locations":[{"start":{"line":43,"column":6},"end":{"line":45,"column":7}},{"start":{"line":43,"column":6},"end":{"line":45,"column":7}}]},"4":{"loc":{"start":{"line":60,"column":4},"end":{"line":64,"column":5}},"type":"if","locations":[{"start":{"line":60,"column":4},"end":{"line":64,"column":5}},{"start":{"line":60,"column":4},"end":{"line":64,"column":5}}]},"5":{"loc":{"start":{"line":83,"column":6},"end":{"line":98,"column":7}},"type":"if","locations":[{"start":{"line":83,"column":6},"end":{"line":98,"column":7}},{"start":{"line":83,"column":6},"end":{"line":98,"column":7}}]},"6":{"loc":{"start":{"line":89,"column":10},"end":{"line":96,"column":11}},"type":"if","locations":[{"start":{"line":89,"column":10},"end":{"line":96,"column":11}},{"start":{"line":89,"column":10},"end":{"line":96,"column":11}}]}},"s":{"0":1,"1":1,"2":1,"3":1,"4":0,"5":0,"6":0,"7":0,"8":0,"9":1,"10":0,"11":0,"12":0,"13":0,"14":0,"15":0,"16":0,"17":0,"18":0,"19":0,"20":1,"21":0,"22":0,"23":0,"24":0,"25":1,"26":0,"27":0,"28":0,"29":0,"30":1,"31":0,"32":0,"33":0,"34":0,"35":0,"36":0,"37":0,"38":0,"39":0,"40":0,"41":0,"42":0,"43":0,"44":0,"45":0,"46":0,"47":0,"48":1,"49":0,"50":1,"51":0,"52":1,"53":0,"54":1,"55":0,"56":1,"57":1,"58":1},"f":{"0":1,"1":0,"2":0,"3":0,"4":0,"5":0,"6":0,"7":0,"8":0,"9":0,"10":0,"11":0,"12":0,"13":0,"14":0},"b":{"0":[0,0],"1":[0,0],"2":[0,0],"3":[0,0],"4":[0,0],"5":[0,0],"6":[0,0]}}
,"C:\\Users\\ogono\\OneDrive\\Desktop\\bomberman\\server\\controllers\\wrappers\\map-instance.ts": {"path":"C:\\Users\\ogono\\OneDrive\\Desktop\\bomberman\\server\\controllers\\wrappers\\map-instance.ts","statementMap":{"0":{"start":{"line":1,"column":0},"end":{"line":1,"column":34}},"1":{"start":{"line":2,"column":0},"end":{"line":2,"column":95}},"2":{"start":{"line":5,"column":0},"end":{"line":5,"column":38}},"3":{"start":{"line":6,"column":0},"end":{"line":6,"column":41}},"4":{"start":{"line":9,"column":0},"end":{"line":211,"column":0}},"5":{"start":{"line":17,"column":10},"end":{"line":17,"column":36}},"6":{"start":{"line":18,"column":19},"end":{"line":18,"column":48}},"7":{"start":{"line":20,"column":19},"end":{"line":20,"column":48}},"8":{"start":{"line":23,"column":10},"end":{"line":23,"column":38}},"9":{"start":{"line":29,"column":4},"end":{"line":29,"column":27}},"10":{"start":{"line":30,"column":4},"end":{"line":30,"column":50}},"11":{"start":{"line":31,"column":4},"end":{"line":31,"column":36}},"12":{"start":{"line":32,"column":4},"end":{"line":32,"column":28}},"13":{"start":{"line":33,"column":4},"end":{"line":33,"column":23}},"14":{"start":{"line":34,"column":4},"end":{"line":34,"column":23}},"15":{"start":{"line":35,"column":4},"end":{"line":35,"column":23}},"16":{"start":{"line":36,"column":4},"end":{"line":36,"column":23}},"17":{"start":{"line":37,"column":4},"end":{"line":37,"column":34}},"18":{"start":{"line":39,"column":4},"end":{"line":39,"column":29}},"19":{"start":{"line":41,"column":2},"end":{"line":43,"column":3}},"20":{"start":{"line":42,"column":4},"end":{"line":42,"column":25}},"21":{"start":{"line":44,"column":2},"end":{"line":46,"column":3}},"22":{"start":{"line":45,"column":4},"end":{"line":45,"column":25}},"23":{"start":{"line":47,"column":2},"end":{"line":49,"column":3}},"24":{"start":{"line":48,"column":4},"end":{"line":48,"column":28}},"25":{"start":{"line":50,"column":2},"end":{"line":52,"column":3}},"26":{"start":{"line":51,"column":4},"end":{"line":51,"column":30}},"27":{"start":{"line":53,"column":2},"end":{"line":55,"column":3}},"28":{"start":{"line":54,"column":4},"end":{"line":54,"column":33}},"29":{"start":{"line":57,"column":2},"end":{"line":59,"column":3}},"30":{"start":{"line":58,"column":4},"end":{"line":58,"column":20}},"31":{"start":{"line":61,"column":2},"end":{"line":63,"column":3}},"32":{"start":{"line":62,"column":4},"end":{"line":62,"column":25}},"33":{"start":{"line":65,"column":9},"end":{"line":72,"column":3}},"34":{"start":{"line":66,"column":32},"end":{"line":66,"column":106}},"35":{"start":{"line":66,"column":72},"end":{"line":66,"column":88}},"36":{"start":{"line":67,"column":4},"end":{"line":71,"column":5}},"37":{"start":{"line":68,"column":6},"end":{"line":68,"column":18}},"38":{"start":{"line":70,"column":6},"end":{"line":70,"column":19}},"39":{"start":{"line":74,"column":9},"end":{"line":83,"column":3}},"40":{"start":{"line":75,"column":27},"end":{"line":75,"column":32}},"41":{"start":{"line":76,"column":4},"end":{"line":80,"column":7}},"42":{"start":{"line":77,"column":6},"end":{"line":79,"column":7}},"43":{"start":{"line":78,"column":8},"end":{"line":78,"column":23}},"44":{"start":{"line":82,"column":4},"end":{"line":82,"column":19}},"45":{"start":{"line":85,"column":9},"end":{"line":95,"column":3}},"46":{"start":{"line":86,"column":4},"end":{"line":93,"column":5}},"47":{"start":{"line":87,"column":30},"end":{"line":87,"column":65}},"48":{"start":{"line":88,"column":6},"end":{"line":88,"column":18}},"49":{"start":{"line":89,"column":6},"end":{"line":89,"column":30}},"50":{"start":{"line":90,"column":6},"end":{"line":90,"column":33}},"51":{"start":{"line":91,"column":6},"end":{"line":91,"column":29}},"52":{"start":{"line":92,"column":6},"end":{"line":92,"column":30}},"53":{"start":{"line":97,"column":9},"end":{"line":107,"column":3}},"54":{"start":{"line":99,"column":34},"end":{"line":99,"column":108}},"55":{"start":{"line":99,"column":74},"end":{"line":99,"column":90}},"56":{"start":{"line":100,"column":4},"end":{"line":106,"column":5}},"57":{"start":{"line":101,"column":30},"end":{"line":101,"column":58}},"58":{"start":{"line":102,"column":6},"end":{"line":102,"column":45}},"59":{"start":{"line":103,"column":6},"end":{"line":103,"column":29}},"60":{"start":{"line":104,"column":6},"end":{"line":104,"column":30}},"61":{"start":{"line":105,"column":6},"end":{"line":105,"column":19}},"62":{"start":{"line":109,"column":9},"end":{"line":141,"column":3}},"63":{"start":{"line":109,"column":2},"end":{"line":141,"column":2}},"64":{"start":{"line":110,"column":38},"end":{"line":110,"column":71}},"65":{"start":{"line":111,"column":26},"end":{"line":111,"column":79}},"66":{"start":{"line":111,"column":65},"end":{"line":111,"column":78}},"67":{"start":{"line":113,"column":4},"end":{"line":137,"column":7}},"68":{"start":{"line":114,"column":6},"end":{"line":136,"column":7}},"69":{"start":{"line":116,"column":44},"end":{"line":116,"column":114}},"70":{"start":{"line":116,"column":85},"end":{"line":116,"column":113}},"71":{"start":{"line":118,"column":8},"end":{"line":120,"column":9}},"72":{"start":{"line":119,"column":10},"end":{"line":119,"column":17}},"73":{"start":{"line":122,"column":8},"end":{"line":124,"column":9}},"74":{"start":{"line":123,"column":10},"end":{"line":123,"column":51}},"75":{"start":{"line":125,"column":8},"end":{"line":127,"column":9}},"76":{"start":{"line":126,"column":10},"end":{"line":126,"column":51}},"77":{"start":{"line":128,"column":8},"end":{"line":130,"column":9}},"78":{"start":{"line":129,"column":10},"end":{"line":129,"column":51}},"79":{"start":{"line":131,"column":8},"end":{"line":133,"column":9}},"80":{"start":{"line":132,"column":10},"end":{"line":132,"column":51}},"81":{"start":{"line":135,"column":8},"end":{"line":135,"column":50}},"82":{"start":{"line":140,"column":4},"end":{"line":140,"column":37}},"83":{"start":{"line":143,"column":9},"end":{"line":145,"column":3}},"84":{"start":{"line":144,"column":4},"end":{"line":144,"column":25}},"85":{"start":{"line":148,"column":10},"end":{"line":176,"column":3}},"86":{"start":{"line":150,"column":23},"end":{"line":150,"column":25}},"87":{"start":{"line":151,"column":4},"end":{"line":159,"column":7}},"88":{"start":{"line":152,"column":6},"end":{"line":158,"column":7}},"89":{"start":{"line":153,"column":8},"end":{"line":157,"column":11}},"90":{"start":{"line":160,"column":4},"end":{"line":166,"column":7}},"91":{"start":{"line":161,"column":6},"end":{"line":165,"column":9}},"92":{"start":{"line":167,"column":4},"end":{"line":173,"column":7}},"93":{"start":{"line":168,"column":6},"end":{"line":172,"column":9}},"94":{"start":{"line":175,"column":4},"end":{"line":175,"column":15}},"95":{"start":{"line":178,"column":10},"end":{"line":210,"column":3}},"96":{"start":{"line":178,"column":2},"end":{"line":210,"column":2}},"97":{"start":{"line":180,"column":25},"end":{"line":180,"column":44}},"98":{"start":{"line":183,"column":4},"end":{"line":187,"column":7}},"99":{"start":{"line":184,"column":35},"end":{"line":185,"column":63}},"100":{"start":{"line":186,"column":6},"end":{"line":186,"column":34}},"101":{"start":{"line":190,"column":4},"end":{"line":194,"column":7}},"102":{"start":{"line":191,"column":35},"end":{"line":192,"column":63}},"103":{"start":{"line":193,"column":6},"end":{"line":193,"column":34}},"104":{"start":{"line":197,"column":4},"end":{"line":201,"column":7}},"105":{"start":{"line":198,"column":35},"end":{"line":199,"column":63}},"106":{"start":{"line":200,"column":6},"end":{"line":200,"column":34}},"107":{"start":{"line":204,"column":4},"end":{"line":209,"column":7}},"108":{"start":{"line":205,"column":35},"end":{"line":207,"column":20}},"109":{"start":{"line":208,"column":6},"end":{"line":208,"column":34}},"110":{"start":{"line":10,"column":17},"end":{"line":10,"column":33}},"111":{"start":{"line":9,"column":13},"end":{"line":211,"column":1}},"112":{"start":{"line":211,"column":0},"end":{"line":211,"column":1}},"113":{"start":{"line":9,"column":13},"end":{"line":9,"column":24}}},"fnMap":{"0":{"name":"(anonymous_4)","decl":{"start":{"line":9,"column":0},"end":{"line":null,"column":-1}},"loc":{"start":{"line":9,"column":0},"end":{"line":9,"column":-1}}},"1":{"name":"MapInstance","decl":{"start":{"line":26,"column":2},"end":{"line":26,"column":20}},"loc":{"start":{"line":28,"column":77},"end":{"line":40,"column":3}}},"2":{"name":"(anonymous_6)","decl":{"start":{"line":41,"column":2},"end":{"line":null,"column":-1}},"loc":{"start":{"line":41,"column":2},"end":{"line":43,"column":3}}},"3":{"name":"(anonymous_7)","decl":{"start":{"line":44,"column":2},"end":{"line":null,"column":-1}},"loc":{"start":{"line":44,"column":2},"end":{"line":46,"column":3}}},"4":{"name":"(anonymous_8)","decl":{"start":{"line":47,"column":2},"end":{"line":null,"column":-1}},"loc":{"start":{"line":47,"column":2},"end":{"line":49,"column":3}}},"5":{"name":"(anonymous_9)","decl":{"start":{"line":50,"column":2},"end":{"line":null,"column":-1}},"loc":{"start":{"line":50,"column":2},"end":{"line":52,"column":3}}},"6":{"name":"(anonymous_10)","decl":{"start":{"line":53,"column":2},"end":{"line":null,"column":-1}},"loc":{"start":{"line":53,"column":2},"end":{"line":55,"column":3}}},"7":{"name":"(anonymous_11)","decl":{"start":{"line":57,"column":2},"end":{"line":null,"column":-1}},"loc":{"start":{"line":57,"column":2},"end":{"line":59,"column":3}}},"8":{"name":"(anonymous_12)","decl":{"start":{"line":61,"column":2},"end":{"line":null,"column":-1}},"loc":{"start":{"line":61,"column":2},"end":{"line":63,"column":3}}},"9":{"name":"(anonymous_13)","decl":{"start":{"line":65,"column":2},"end":{"line":65,"column":16}},"loc":{"start":{"line":65,"column":28},"end":{"line":72,"column":3}}},"10":{"name":"(anonymous_14)","decl":{"start":{"line":66,"column":50},"end":{"line":66,"column":50}},"loc":{"start":{"line":66,"column":67},"end":{"line":66,"column":88}}},"11":{"name":"(anonymous_15)","decl":{"start":{"line":74,"column":2},"end":{"line":74,"column":16}},"loc":{"start":{"line":74,"column":28},"end":{"line":83,"column":3}}},"12":{"name":"(anonymous_16)","decl":{"start":{"line":76,"column":25},"end":{"line":76,"column":25}},"loc":{"start":{"line":76,"column":41},"end":{"line":80,"column":5}}},"13":{"name":"(anonymous_17)","decl":{"start":{"line":85,"column":2},"end":{"line":85,"column":13}},"loc":{"start":{"line":85,"column":25},"end":{"line":95,"column":3}}},"14":{"name":"(anonymous_18)","decl":{"start":{"line":97,"column":2},"end":{"line":97,"column":15}},"loc":{"start":{"line":97,"column":27},"end":{"line":107,"column":3}}},"15":{"name":"(anonymous_19)","decl":{"start":{"line":99,"column":52},"end":{"line":99,"column":52}},"loc":{"start":{"line":99,"column":69},"end":{"line":99,"column":90}}},"16":{"name":"(anonymous_20)","decl":{"start":{"line":109,"column":2},"end":{"line":null,"column":-1}},"loc":{"start":{"line":109,"column":2},"end":{"line":141,"column":3}}},"17":{"name":"(anonymous_21)","decl":{"start":{"line":111,"column":44},"end":{"line":111,"column":44}},"loc":{"start":{"line":111,"column":60},"end":{"line":111,"column":78}}},"18":{"name":"(anonymous_22)","decl":{"start":{"line":113,"column":23},"end":{"line":113,"column":23}},"loc":{"start":{"line":113,"column":43},"end":{"line":137,"column":5}}},"19":{"name":"(anonymous_23)","decl":{"start":{"line":116,"column":63},"end":{"line":116,"column":63}},"loc":{"start":{"line":116,"column":80},"end":{"line":116,"column":113}}},"20":{"name":"(anonymous_24)","decl":{"start":{"line":143,"column":2},"end":{"line":null,"column":-1}},"loc":{"start":{"line":143,"column":2},"end":{"line":145,"column":3}}},"21":{"name":"(anonymous_25)","decl":{"start":{"line":148,"column":2},"end":{"line":null,"column":-1}},"loc":{"start":{"line":148,"column":2},"end":{"line":176,"column":3}}},"22":{"name":"(anonymous_26)","decl":{"start":{"line":151,"column":26},"end":{"line":151,"column":26}},"loc":{"start":{"line":151,"column":46},"end":{"line":159,"column":5}}},"23":{"name":"(anonymous_27)","decl":{"start":{"line":160,"column":26},"end":{"line":160,"column":26}},"loc":{"start":{"line":160,"column":46},"end":{"line":166,"column":5}}},"24":{"name":"(anonymous_28)","decl":{"start":{"line":167,"column":26},"end":{"line":167,"column":26}},"loc":{"start":{"line":167,"column":42},"end":{"line":173,"column":5}}},"25":{"name":"(anonymous_29)","decl":{"start":{"line":178,"column":2},"end":{"line":178,"column":14}},"loc":{"start":{"line":178,"column":31},"end":{"line":210,"column":3}}},"26":{"name":"(anonymous_30)","decl":{"start":{"line":183,"column":31},"end":{"line":183,"column":31}},"loc":{"start":{"line":183,"column":64},"end":{"line":187,"column":5}}},"27":{"name":"(anonymous_31)","decl":{"start":{"line":190,"column":36},"end":{"line":190,"column":36}},"loc":{"start":{"line":190,"column":69},"end":{"line":194,"column":5}}},"28":{"name":"(anonymous_32)","decl":{"start":{"line":197,"column":34},"end":{"line":197,"column":34}},"loc":{"start":{"line":197,"column":67},"end":{"line":201,"column":5}}},"29":{"name":"(anonymous_33)","decl":{"start":{"line":204,"column":28},"end":{"line":204,"column":28}},"loc":{"start":{"line":204,"column":77},"end":{"line":209,"column":5}}}},"branchMap":{"0":{"loc":{"start":{"line":67,"column":4},"end":{"line":71,"column":5}},"type":"if","locations":[{"start":{"line":67,"column":4},"end":{"line":71,"column":5}},{"start":{"line":67,"column":4},"end":{"line":71,"column":5}}]},"1":{"loc":{"start":{"line":67,"column":8},"end":{"line":67,"column":50}},"type":"binary-expr","locations":[{"start":{"line":67,"column":8},"end":{"line":67,"column":50}},{"start":{"line":67,"column":54},"end":{"line":67,"column":69}}]},"2":{"loc":{"start":{"line":77,"column":6},"end":{"line":79,"column":7}},"type":"if","locations":[{"start":{"line":77,"column":6},"end":{"line":79,"column":7}},{"start":{"line":77,"column":6},"end":{"line":79,"column":7}}]},"3":{"loc":{"start":{"line":86,"column":4},"end":{"line":93,"column":5}},"type":"if","locations":[{"start":{"line":86,"column":4},"end":{"line":93,"column":5}},{"start":{"line":86,"column":4},"end":{"line":93,"column":5}}]},"4":{"loc":{"start":{"line":100,"column":4},"end":{"line":106,"column":5}},"type":"if","locations":[{"start":{"line":100,"column":4},"end":{"line":106,"column":5}},{"start":{"line":100,"column":4},"end":{"line":106,"column":5}}]},"5":{"loc":{"start":{"line":114,"column":6},"end":{"line":136,"column":7}},"type":"if","locations":[{"start":{"line":114,"column":6},"end":{"line":136,"column":7}},{"start":{"line":114,"column":6},"end":{"line":136,"column":7}}]},"6":{"loc":{"start":{"line":118,"column":8},"end":{"line":120,"column":9}},"type":"if","locations":[{"start":{"line":118,"column":8},"end":{"line":120,"column":9}},{"start":{"line":118,"column":8},"end":{"line":120,"column":9}}]},"7":{"loc":{"start":{"line":122,"column":8},"end":{"line":124,"column":9}},"type":"if","locations":[{"start":{"line":122,"column":8},"end":{"line":124,"column":9}},{"start":{"line":122,"column":8},"end":{"line":124,"column":9}}]},"8":{"loc":{"start":{"line":125,"column":8},"end":{"line":127,"column":9}},"type":"if","locations":[{"start":{"line":125,"column":8},"end":{"line":127,"column":9}},{"start":{"line":125,"column":8},"end":{"line":127,"column":9}}]},"9":{"loc":{"start":{"line":128,"column":8},"end":{"line":130,"column":9}},"type":"if","locations":[{"start":{"line":128,"column":8},"end":{"line":130,"column":9}},{"start":{"line":128,"column":8},"end":{"line":130,"column":9}}]},"10":{"loc":{"start":{"line":131,"column":8},"end":{"line":133,"column":9}},"type":"if","locations":[{"start":{"line":131,"column":8},"end":{"line":133,"column":9}},{"start":{"line":131,"column":8},"end":{"line":133,"column":9}}]},"11":{"loc":{"start":{"line":152,"column":6},"end":{"line":158,"column":7}},"type":"if","locations":[{"start":{"line":152,"column":6},"end":{"line":158,"column":7}},{"start":{"line":152,"column":6},"end":{"line":158,"column":7}}]}},"s":{"0":2,"1":2,"2":2,"3":2,"4":2,"5":16,"6":16,"7":16,"8":16,"9":16,"10":16,"11":16,"12":16,"13":16,"14":16,"15":16,"16":16,"17":16,"18":16,"19":2,"20":5,"21":2,"22":0,"23":2,"24":0,"25":2,"26":0,"27":2,"28":0,"29":2,"30":0,"31":2,"32":2,"33":2,"34":8,"35":2,"36":8,"37":6,"38":2,"39":2,"40":2,"41":2,"42":1,"43":1,"44":2,"45":2,"46":6,"47":5,"48":5,"49":5,"50":5,"51":5,"52":5,"53":2,"54":1,"55":1,"56":1,"57":1,"58":1,"59":1,"60":1,"61":1,"62":2,"63":2,"64":2,"65":2,"66":0,"67":2,"68":0,"69":0,"70":0,"71":0,"72":0,"73":0,"74":0,"75":0,"76":0,"77":0,"78":0,"79":0,"80":0,"81":0,"82":2,"83":2,"84":0,"85":2,"86":2,"87":2,"88":12,"89":6,"90":2,"91":2,"92":2,"93":0,"94":2,"95":2,"96":16,"97":16,"98":16,"99":242,"100":242,"101":16,"102":34,"103":34,"104":16,"105":24,"106":24,"107":16,"108":16,"109":16,"110":2,"111":2,"112":2,"113":2},"f":{"0":2,"1":16,"2":5,"3":0,"4":0,"5":0,"6":0,"7":0,"8":2,"9":8,"10":2,"11":2,"12":1,"13":6,"14":1,"15":1,"16":2,"17":0,"18":0,"19":0,"20":0,"21":2,"22":12,"23":2,"24":0,"25":16,"26":242,"27":34,"28":24,"29":16},"b":{"0":[6,2],"1":[8,8],"2":[1,0],"3":[5,1],"4":[1,0],"5":[0,0],"6":[0,0],"7":[0,0],"8":[0,0],"9":[0,0],"10":[0,0],"11":[6,6]}}
,"C:\\Users\\ogono\\OneDrive\\Desktop\\bomberman\\server\\data\\maps.ts": {"path":"C:\\Users\\ogono\\OneDrive\\Desktop\\bomberman\\server\\data\\maps.ts","statementMap":{"0":{"start":{"line":1,"column":0},"end":{"line":1,"column":35}},"1":{"start":{"line":4,"column":13},"end":{"line":43,"column":2}}},"fnMap":{},"branchMap":{},"s":{"0":2,"1":2},"f":{},"b":{}}
,"C:\\Users\\ogono\\OneDrive\\Desktop\\bomberman\\server\\models\\factories\\game-object-factory.ts": {"path":"C:\\Users\\ogono\\OneDrive\\Desktop\\bomberman\\server\\models\\factories\\game-object-factory.ts","statementMap":{"0":{"start":{"line":1,"column":0},"end":{"line":1,"column":38}},"1":{"start":{"line":2,"column":0},"end":{"line":2,"column":46}},"2":{"start":{"line":4,"column":0},"end":{"line":4,"column":68}},"3":{"start":{"line":5,"column":0},"end":{"line":5,"column":64}},"4":{"start":{"line":6,"column":0},"end":{"line":6,"column":48}},"5":{"start":{"line":9,"column":0},"end":{"line":39,"column":0}},"6":{"start":{"line":16,"column":9},"end":{"line":18,"column":3}},"7":{"start":{"line":17,"column":4},"end":{"line":17,"column":93}},"8":{"start":{"line":20,"column":9},"end":{"line":22,"column":3}},"9":{"start":{"line":21,"column":4},"end":{"line":21,"column":97}},"10":{"start":{"line":24,"column":9},"end":{"line":26,"column":3}},"11":{"start":{"line":25,"column":4},"end":{"line":25,"column":101}},"12":{"start":{"line":28,"column":9},"end":{"line":30,"column":3}},"13":{"start":{"line":29,"column":4},"end":{"line":29,"column":100}},"14":{"start":{"line":32,"column":9},"end":{"line":34,"column":3}},"15":{"start":{"line":33,"column":4},"end":{"line":33,"column":103}},"16":{"start":{"line":36,"column":9},"end":{"line":38,"column":3}},"17":{"start":{"line":37,"column":4},"end":{"line":37,"column":95}},"18":{"start":{"line":10,"column":17},"end":{"line":10,"column":33}},"19":{"start":{"line":9,"column":13},"end":{"line":39,"column":1}},"20":{"start":{"line":39,"column":0},"end":{"line":39,"column":1}},"21":{"start":{"line":9,"column":13},"end":{"line":9,"column":30}}},"fnMap":{"0":{"name":"(anonymous_2)","decl":{"start":{"line":9,"column":0},"end":{"line":null,"column":-1}},"loc":{"start":{"line":9,"column":0},"end":{"line":9,"column":-1}}},"1":{"name":"GameObjectFactory","decl":{"start":{"line":12,"column":2},"end":{"line":null,"column":-1}},"loc":{"start":{"line":12,"column":2},"end":{"line":14,"column":3}}},"2":{"name":"(anonymous_4)","decl":{"start":{"line":16,"column":2},"end":{"line":16,"column":19}},"loc":{"start":{"line":16,"column":40},"end":{"line":18,"column":3}}},"3":{"name":"(anonymous_5)","decl":{"start":{"line":20,"column":2},"end":{"line":20,"column":23}},"loc":{"start":{"line":20,"column":44},"end":{"line":22,"column":3}}},"4":{"name":"(anonymous_6)","decl":{"start":{"line":24,"column":2},"end":{"line":24,"column":27}},"loc":{"start":{"line":24,"column":48},"end":{"line":26,"column":3}}},"5":{"name":"(anonymous_7)","decl":{"start":{"line":28,"column":2},"end":{"line":28,"column":20}},"loc":{"start":{"line":28,"column":57},"end":{"line":30,"column":3}}},"6":{"name":"(anonymous_8)","decl":{"start":{"line":32,"column":2},"end":{"line":32,"column":29}},"loc":{"start":{"line":32,"column":50},"end":{"line":34,"column":3}}},"7":{"name":"(anonymous_9)","decl":{"start":{"line":36,"column":2},"end":{"line":36,"column":21}},"loc":{"start":{"line":36,"column":42},"end":{"line":38,"column":3}}}},"branchMap":{},"s":{"0":3,"1":3,"2":3,"3":3,"4":3,"5":3,"6":3,"7":3,"8":3,"9":243,"10":3,"11":26,"12":3,"13":18,"14":3,"15":36,"16":3,"17":7,"18":3,"19":3,"20":3,"21":3},"f":{"0":3,"1":28,"2":3,"3":243,"4":26,"5":18,"6":36,"7":7},"b":{}}
,"C:\\Users\\ogono\\OneDrive\\Desktop\\bomberman\\server\\models\\factories\\map-instance-factory.ts": {"path":"C:\\Users\\ogono\\OneDrive\\Desktop\\bomberman\\server\\models\\factories\\map-instance-factory.ts","statementMap":{"0":{"start":{"line":1,"column":0},"end":{"line":1,"column":46}},"1":{"start":{"line":4,"column":0},"end":{"line":4,"column":47}},"2":{"start":{"line":5,"column":0},"end":{"line":5,"column":41}},"3":{"start":{"line":6,"column":0},"end":{"line":6,"column":57}},"4":{"start":{"line":9,"column":0},"end":{"line":25,"column":0}},"5":{"start":{"line":18,"column":4},"end":{"line":18,"column":28}},"6":{"start":{"line":19,"column":4},"end":{"line":19,"column":50}},"7":{"start":{"line":22,"column":9},"end":{"line":24,"column":3}},"8":{"start":{"line":23,"column":4},"end":{"line":23,"column":77}},"9":{"start":{"line":9,"column":13},"end":{"line":25,"column":1}},"10":{"start":{"line":25,"column":0},"end":{"line":25,"column":1}},"11":{"start":{"line":9,"column":13},"end":{"line":9,"column":31}}},"fnMap":{"0":{"name":"(anonymous_4)","decl":{"start":{"line":9,"column":0},"end":{"line":null,"column":-1}},"loc":{"start":{"line":9,"column":0},"end":{"line":9,"column":-1}}},"1":{"name":"MapInstanceFactory","decl":{"start":{"line":14,"column":2},"end":{"line":15,"column":36}},"loc":{"start":{"line":16,"column":77},"end":{"line":20,"column":3}}},"2":{"name":"(anonymous_6)","decl":{"start":{"line":22,"column":2},"end":{"line":22,"column":15}},"loc":{"start":{"line":22,"column":32},"end":{"line":24,"column":3}}}},"branchMap":{},"s":{"0":1,"1":1,"2":1,"3":1,"4":1,"5":2,"6":2,"7":1,"8":2,"9":1,"10":1,"11":1},"f":{"0":1,"1":2,"2":2},"b":{}}
,"C:\\Users\\ogono\\OneDrive\\Desktop\\bomberman\\server\\models\\factories\\user-factory.ts": {"path":"C:\\Users\\ogono\\OneDrive\\Desktop\\bomberman\\server\\models\\factories\\user-factory.ts","statementMap":{"0":{"start":{"line":1,"column":0},"end":{"line":1,"column":38}},"1":{"start":{"line":4,"column":0},"end":{"line":4,"column":36}},"2":{"start":{"line":7,"column":0},"end":{"line":15,"column":0}},"3":{"start":{"line":12,"column":9},"end":{"line":14,"column":3}},"4":{"start":{"line":13,"column":4},"end":{"line":13,"column":24}},"5":{"start":{"line":7,"column":13},"end":{"line":15,"column":1}},"6":{"start":{"line":15,"column":0},"end":{"line":15,"column":1}},"7":{"start":{"line":7,"column":13},"end":{"line":7,"column":24}}},"fnMap":{"0":{"name":"(anonymous_2)","decl":{"start":{"line":7,"column":0},"end":{"line":null,"column":-1}},"loc":{"start":{"line":7,"column":0},"end":{"line":7,"column":-1}}},"1":{"name":"UserFactory","decl":{"start":{"line":8,"column":2},"end":{"line":null,"column":-1}},"loc":{"start":{"line":8,"column":2},"end":{"line":10,"column":3}}},"2":{"name":"(anonymous_4)","decl":{"start":{"line":12,"column":2},"end":{"line":12,"column":15}},"loc":{"start":{"line":12,"column":26},"end":{"line":14,"column":3}}}},"branchMap":{},"s":{"0":1,"1":1,"2":1,"3":1,"4":2,"5":1,"6":1,"7":1},"f":{"0":1,"1":2,"2":2},"b":{}}
,"C:\\Users\\ogono\\OneDrive\\Desktop\\bomberman\\server\\models\\gameobjects\\bomb.ts": {"path":"C:\\Users\\ogono\\OneDrive\\Desktop\\bomberman\\server\\models\\gameobjects\\bomb.ts","statementMap":{"0":{"start":{"line":1,"column":0},"end":{"line":1,"column":45}},"1":{"start":{"line":3,"column":0},"end":{"line":3,"column":41}},"2":{"start":{"line":5,"column":0},"end":{"line":5,"column":36}},"3":{"start":{"line":5,"column":26},"end":{"line":5,"column":36}},"4":{"start":{"line":18,"column":4},"end":{"line":18,"column":34}},"5":{"start":{"line":20,"column":4},"end":{"line":20,"column":43}},"6":{"start":{"line":21,"column":4},"end":{"line":21,"column":31}},"7":{"start":{"line":22,"column":4},"end":{"line":22,"column":25}},"8":{"start":{"line":25,"column":2},"end":{"line":27,"column":3}},"9":{"start":{"line":26,"column":4},"end":{"line":26,"column":25}},"10":{"start":{"line":28,"column":2},"end":{"line":30,"column":3}},"11":{"start":{"line":29,"column":4},"end":{"line":29,"column":77}},"12":{"start":{"line":31,"column":2},"end":{"line":33,"column":3}},"13":{"start":{"line":32,"column":4},"end":{"line":32,"column":58}},"14":{"start":{"line":34,"column":2},"end":{"line":36,"column":3}},"15":{"start":{"line":35,"column":4},"end":{"line":35,"column":26}},"16":{"start":{"line":7,"column":26},"end":{"line":7,"column":51}},"17":{"start":{"line":37,"column":0},"end":{"line":37,"column":1}},"18":{"start":{"line":5,"column":13},"end":{"line":5,"column":17}}},"fnMap":{"0":{"name":"(anonymous_6)","decl":{"start":{"line":5,"column":0},"end":{"line":null,"column":-1}},"loc":{"start":{"line":5,"column":0},"end":{"line":5,"column":-1}}},"1":{"name":"Bomb","decl":{"start":{"line":11,"column":2},"end":{"line":12,"column":3}},"loc":{"start":{"line":16,"column":14},"end":{"line":23,"column":3}}},"2":{"name":"(anonymous_8)","decl":{"start":{"line":25,"column":2},"end":{"line":null,"column":-1}},"loc":{"start":{"line":25,"column":2},"end":{"line":27,"column":3}}},"3":{"name":"(anonymous_9)","decl":{"start":{"line":28,"column":2},"end":{"line":null,"column":-1}},"loc":{"start":{"line":28,"column":2},"end":{"line":30,"column":3}}},"4":{"name":"(anonymous_10)","decl":{"start":{"line":31,"column":2},"end":{"line":null,"column":-1}},"loc":{"start":{"line":31,"column":2},"end":{"line":33,"column":3}}},"5":{"name":"(anonymous_11)","decl":{"start":{"line":34,"column":2},"end":{"line":null,"column":-1}},"loc":{"start":{"line":34,"column":2},"end":{"line":36,"column":3}}}},"branchMap":{"0":{"loc":{"start":{"line":18,"column":4},"end":{"line":18,"column":34}},"type":"binary-expr","locations":[{"start":{"line":18,"column":4},"end":{"line":18,"column":34}},{"start":{"line":18,"column":34},"end":{"line":23,"column":2}}]}},"s":{"0":5,"1":5,"2":5,"3":5,"4":7,"5":7,"6":7,"7":7,"8":5,"9":0,"10":5,"11":1,"12":5,"13":1,"14":5,"15":1,"16":5,"17":5,"18":5},"f":{"0":5,"1":7,"2":0,"3":1,"4":1,"5":1},"b":{"0":[7,7]}}
,"C:\\Users\\ogono\\OneDrive\\Desktop\\bomberman\\server\\models\\gameobjects\\boundary.ts": {"path":"C:\\Users\\ogono\\OneDrive\\Desktop\\bomberman\\server\\models\\gameobjects\\boundary.ts","statementMap":{"0":{"start":{"line":1,"column":0},"end":{"line":1,"column":45}},"1":{"start":{"line":3,"column":0},"end":{"line":3,"column":41}},"2":{"start":{"line":5,"column":0},"end":{"line":5,"column":40}},"3":{"start":{"line":5,"column":30},"end":{"line":5,"column":40}},"4":{"start":{"line":7,"column":4},"end":{"line":7,"column":34}},"5":{"start":{"line":8,"column":4},"end":{"line":8,"column":47}},"6":{"start":{"line":10,"column":0},"end":{"line":10,"column":1}},"7":{"start":{"line":5,"column":13},"end":{"line":5,"column":21}}},"fnMap":{"0":{"name":"(anonymous_6)","decl":{"start":{"line":5,"column":0},"end":{"line":null,"column":-1}},"loc":{"start":{"line":5,"column":0},"end":{"line":5,"column":-1}}},"1":{"name":"Boundary","decl":{"start":{"line":6,"column":2},"end":{"line":6,"column":20}},"loc":{"start":{"line":6,"column":84},"end":{"line":9,"column":3}}}},"branchMap":{"0":{"loc":{"start":{"line":7,"column":4},"end":{"line":7,"column":34}},"type":"binary-expr","locations":[{"start":{"line":7,"column":4},"end":{"line":7,"column":34}},{"start":{"line":7,"column":34},"end":{"line":9,"column":2}}]}},"s":{"0":5,"1":5,"2":5,"3":5,"4":245,"5":245,"6":5,"7":5},"f":{"0":5,"1":245},"b":{"0":[245,245]}}
,"C:\\Users\\ogono\\OneDrive\\Desktop\\bomberman\\server\\models\\gameobjects\\destructable.ts": {"path":"C:\\Users\\ogono\\OneDrive\\Desktop\\bomberman\\server\\models\\gameobjects\\destructable.ts","statementMap":{"0":{"start":{"line":1,"column":0},"end":{"line":1,"column":45}},"1":{"start":{"line":3,"column":0},"end":{"line":3,"column":41}},"2":{"start":{"line":5,"column":0},"end":{"line":5,"column":44}},"3":{"start":{"line":5,"column":34},"end":{"line":5,"column":44}},"4":{"start":{"line":7,"column":4},"end":{"line":7,"column":34}},"5":{"start":{"line":8,"column":4},"end":{"line":8,"column":51}},"6":{"start":{"line":10,"column":0},"end":{"line":10,"column":1}},"7":{"start":{"line":5,"column":13},"end":{"line":5,"column":25}}},"fnMap":{"0":{"name":"(anonymous_6)","decl":{"start":{"line":5,"column":0},"end":{"line":null,"column":-1}},"loc":{"start":{"line":5,"column":0},"end":{"line":5,"column":-1}}},"1":{"name":"Destructable","decl":{"start":{"line":6,"column":2},"end":{"line":6,"column":20}},"loc":{"start":{"line":6,"column":84},"end":{"line":9,"column":3}}}},"branchMap":{"0":{"loc":{"start":{"line":7,"column":4},"end":{"line":7,"column":34}},"type":"binary-expr","locations":[{"start":{"line":7,"column":4},"end":{"line":7,"column":34}},{"start":{"line":7,"column":34},"end":{"line":9,"column":2}}]}},"s":{"0":5,"1":5,"2":5,"3":5,"4":28,"5":28,"6":5,"7":5},"f":{"0":5,"1":28},"b":{"0":[28,28]}}
,"C:\\Users\\ogono\\OneDrive\\Desktop\\bomberman\\server\\models\\gameobjects\\enemy.ts": {"path":"C:\\Users\\ogono\\OneDrive\\Desktop\\bomberman\\server\\models\\gameobjects\\enemy.ts","statementMap":{"0":{"start":{"line":1,"column":0},"end":{"line":1,"column":60}},"1":{"start":{"line":3,"column":0},"end":{"line":3,"column":41}},"2":{"start":{"line":5,"column":0},"end":{"line":5,"column":37}},"3":{"start":{"line":5,"column":27},"end":{"line":5,"column":37}},"4":{"start":{"line":11,"column":4},"end":{"line":11,"column":34}},"5":{"start":{"line":12,"column":4},"end":{"line":14,"column":5}},"6":{"start":{"line":13,"column":6},"end":{"line":13,"column":41}},"7":{"start":{"line":15,"column":4},"end":{"line":15,"column":22}},"8":{"start":{"line":16,"column":4},"end":{"line":16,"column":44}},"9":{"start":{"line":17,"column":4},"end":{"line":17,"column":44}},"10":{"start":{"line":18,"column":4},"end":{"line":18,"column":27}},"11":{"start":{"line":21,"column":2},"end":{"line":23,"column":3}},"12":{"start":{"line":22,"column":4},"end":{"line":22,"column":22}},"13":{"start":{"line":25,"column":2},"end":{"line":27,"column":3}},"14":{"start":{"line":26,"column":4},"end":{"line":26,"column":28}},"15":{"start":{"line":29,"column":2},"end":{"line":31,"column":3}},"16":{"start":{"line":30,"column":4},"end":{"line":30,"column":27}},"17":{"start":{"line":34,"column":4},"end":{"line":34,"column":32}},"18":{"start":{"line":37,"column":2},"end":{"line":39,"column":3}},"19":{"start":{"line":38,"column":4},"end":{"line":38,"column":30}},"20":{"start":{"line":42,"column":4},"end":{"line":42,"column":34}},"21":{"start":{"line":44,"column":0},"end":{"line":44,"column":1}},"22":{"start":{"line":5,"column":13},"end":{"line":5,"column":18}}},"fnMap":{"0":{"name":"(anonymous_6)","decl":{"start":{"line":5,"column":0},"end":{"line":null,"column":-1}},"loc":{"start":{"line":5,"column":0},"end":{"line":5,"column":-1}}},"1":{"name":"Enemy","decl":{"start":{"line":10,"column":2},"end":{"line":10,"column":20}},"loc":{"start":{"line":10,"column":100},"end":{"line":19,"column":3}}},"2":{"name":"(anonymous_8)","decl":{"start":{"line":21,"column":2},"end":{"line":null,"column":-1}},"loc":{"start":{"line":21,"column":2},"end":{"line":23,"column":3}}},"3":{"name":"(anonymous_9)","decl":{"start":{"line":25,"column":2},"end":{"line":null,"column":-1}},"loc":{"start":{"line":25,"column":2},"end":{"line":27,"column":3}}},"4":{"name":"(anonymous_10)","decl":{"start":{"line":29,"column":2},"end":{"line":null,"column":-1}},"loc":{"start":{"line":29,"column":2},"end":{"line":31,"column":3}}},"5":{"name":"(anonymous_11)","decl":{"start":{"line":33,"column":2},"end":{"line":33,"column":22}},"loc":{"start":{"line":33,"column":47},"end":{"line":35,"column":3}}},"6":{"name":"(anonymous_12)","decl":{"start":{"line":37,"column":2},"end":{"line":null,"column":-1}},"loc":{"start":{"line":37,"column":2},"end":{"line":39,"column":3}}},"7":{"name":"(anonymous_13)","decl":{"start":{"line":41,"column":2},"end":{"line":41,"column":25}},"loc":{"start":{"line":41,"column":49},"end":{"line":43,"column":3}}}},"branchMap":{"0":{"loc":{"start":{"line":11,"column":4},"end":{"line":11,"column":34}},"type":"binary-expr","locations":[{"start":{"line":11,"column":4},"end":{"line":11,"column":34}},{"start":{"line":11,"column":34},"end":{"line":19,"column":2}}]},"1":{"loc":{"start":{"line":12,"column":4},"end":{"line":14,"column":5}},"type":"if","locations":[{"start":{"line":12,"column":4},"end":{"line":14,"column":5}},{"start":{"line":12,"column":4},"end":{"line":14,"column":5}}]}},"s":{"0":5,"1":5,"2":5,"3":5,"4":36,"5":31,"6":1,"7":30,"8":30,"9":30,"10":30,"11":5,"12":4,"13":5,"14":2,"15":5,"16":0,"17":2,"18":5,"19":0,"20":2,"21":5,"22":5},"f":{"0":5,"1":36,"2":4,"3":2,"4":0,"5":2,"6":0,"7":2},"b":{"0":[36,31],"1":[1,30]}}
,"C:\\Users\\ogono\\OneDrive\\Desktop\\bomberman\\server\\models\\gameobjects\\gameobject.ts": {"path":"C:\\Users\\ogono\\OneDrive\\Desktop\\bomberman\\server\\models\\gameobjects\\gameobject.ts","statementMap":{"0":{"start":{"line":3,"column":0},"end":{"line":75,"column":0}},"1":{"start":{"line":14,"column":4},"end":{"line":16,"column":5}},"2":{"start":{"line":15,"column":6},"end":{"line":15,"column":46}},"3":{"start":{"line":17,"column":4},"end":{"line":19,"column":5}},"4":{"start":{"line":18,"column":6},"end":{"line":18,"column":46}},"5":{"start":{"line":20,"column":4},"end":{"line":22,"column":5}},"6":{"start":{"line":21,"column":6},"end":{"line":21,"column":51}},"7":{"start":{"line":24,"column":4},"end":{"line":26,"column":5}},"8":{"start":{"line":25,"column":6},"end":{"line":25,"column":50}},"9":{"start":{"line":28,"column":4},"end":{"line":30,"column":5}},"10":{"start":{"line":29,"column":6},"end":{"line":29,"column":47}},"11":{"start":{"line":32,"column":4},"end":{"line":32,"column":16}},"12":{"start":{"line":33,"column":4},"end":{"line":33,"column":16}},"13":{"start":{"line":34,"column":4},"end":{"line":34,"column":24}},"14":{"start":{"line":35,"column":4},"end":{"line":35,"column":26}},"15":{"start":{"line":36,"column":4},"end":{"line":36,"column":18}},"16":{"start":{"line":39,"column":2},"end":{"line":41,"column":3}},"17":{"start":{"line":40,"column":4},"end":{"line":40,"column":20}},"18":{"start":{"line":43,"column":2},"end":{"line":45,"column":3}},"19":{"start":{"line":44,"column":4},"end":{"line":44,"column":19}},"20":{"start":{"line":47,"column":2},"end":{"line":49,"column":3}},"21":{"start":{"line":48,"column":4},"end":{"line":48,"column":19}},"22":{"start":{"line":51,"column":2},"end":{"line":53,"column":3}},"23":{"start":{"line":52,"column":4},"end":{"line":52,"column":23}},"24":{"start":{"line":55,"column":2},"end":{"line":57,"column":3}},"25":{"start":{"line":56,"column":4},"end":{"line":56,"column":24}},"26":{"start":{"line":59,"column":2},"end":{"line":61,"column":3}},"27":{"start":{"line":60,"column":4},"end":{"line":60,"column":28}},"28":{"start":{"line":63,"column":9},"end":{"line":74,"column":3}},"29":{"start":{"line":65,"column":4},"end":{"line":67,"column":5}},"30":{"start":{"line":66,"column":6},"end":{"line":66,"column":46}},"31":{"start":{"line":68,"column":4},"end":{"line":70,"column":5}},"32":{"start":{"line":69,"column":6},"end":{"line":69,"column":46}},"33":{"start":{"line":72,"column":4},"end":{"line":72,"column":16}},"34":{"start":{"line":73,"column":4},"end":{"line":73,"column":16}},"35":{"start":{"line":75,"column":0},"end":{"line":75,"column":1}},"36":{"start":{"line":3,"column":13},"end":{"line":3,"column":23}}},"fnMap":{"0":{"name":"(anonymous_0)","decl":{"start":{"line":3,"column":0},"end":{"line":null,"column":-1}},"loc":{"start":{"line":3,"column":0},"end":{"line":3,"column":-1}}},"1":{"name":"GameObject","decl":{"start":{"line":11,"column":2},"end":{"line":11,"column":20}},"loc":{"start":{"line":11,"column":84},"end":{"line":37,"column":3}}},"2":{"name":"(anonymous_2)","decl":{"start":{"line":39,"column":2},"end":{"line":null,"column":-1}},"loc":{"start":{"line":39,"column":2},"end":{"line":41,"column":3}}},"3":{"name":"(anonymous_3)","decl":{"start":{"line":43,"column":2},"end":{"line":null,"column":-1}},"loc":{"start":{"line":43,"column":2},"end":{"line":45,"column":3}}},"4":{"name":"(anonymous_4)","decl":{"start":{"line":47,"column":2},"end":{"line":null,"column":-1}},"loc":{"start":{"line":47,"column":2},"end":{"line":49,"column":3}}},"5":{"name":"(anonymous_5)","decl":{"start":{"line":51,"column":2},"end":{"line":null,"column":-1}},"loc":{"start":{"line":51,"column":2},"end":{"line":53,"column":3}}},"6":{"name":"(anonymous_6)","decl":{"start":{"line":55,"column":2},"end":{"line":null,"column":-1}},"loc":{"start":{"line":55,"column":2},"end":{"line":57,"column":3}}},"7":{"name":"(anonymous_7)","decl":{"start":{"line":59,"column":2},"end":{"line":null,"column":-1}},"loc":{"start":{"line":59,"column":2},"end":{"line":61,"column":3}}},"8":{"name":"(anonymous_8)","decl":{"start":{"line":63,"column":2},"end":{"line":63,"column":18}},"loc":{"start":{"line":63,"column":39},"end":{"line":74,"column":3}}}},"branchMap":{"0":{"loc":{"start":{"line":14,"column":4},"end":{"line":16,"column":5}},"type":"if","locations":[{"start":{"line":14,"column":4},"end":{"line":16,"column":5}},{"start":{"line":14,"column":4},"end":{"line":16,"column":5}}]},"1":{"loc":{"start":{"line":17,"column":4},"end":{"line":19,"column":5}},"type":"if","locations":[{"start":{"line":17,"column":4},"end":{"line":19,"column":5}},{"start":{"line":17,"column":4},"end":{"line":19,"column":5}}]},"2":{"loc":{"start":{"line":20,"column":4},"end":{"line":22,"column":5}},"type":"if","locations":[{"start":{"line":20,"column":4},"end":{"line":22,"column":5}},{"start":{"line":20,"column":4},"end":{"line":22,"column":5}}]},"3":{"loc":{"start":{"line":24,"column":4},"end":{"line":26,"column":5}},"type":"if","locations":[{"start":{"line":24,"column":4},"end":{"line":26,"column":5}},{"start":{"line":24,"column":4},"end":{"line":26,"column":5}}]},"4":{"loc":{"start":{"line":28,"column":4},"end":{"line":30,"column":5}},"type":"if","locations":[{"start":{"line":28,"column":4},"end":{"line":30,"column":5}},{"start":{"line":28,"column":4},"end":{"line":30,"column":5}}]},"5":{"loc":{"start":{"line":65,"column":4},"end":{"line":67,"column":5}},"type":"if","locations":[{"start":{"line":65,"column":4},"end":{"line":67,"column":5}},{"start":{"line":65,"column":4},"end":{"line":67,"column":5}}]},"6":{"loc":{"start":{"line":68,"column":4},"end":{"line":70,"column":5}},"type":"if","locations":[{"start":{"line":68,"column":4},"end":{"line":70,"column":5}},{"start":{"line":68,"column":4},"end":{"line":70,"column":5}}]}},"s":{"0":6,"1":377,"2":2,"3":375,"4":2,"5":373,"6":2,"7":371,"8":2,"9":369,"10":2,"11":367,"12":367,"13":367,"14":367,"15":367,"16":6,"17":14,"18":6,"19":29,"20":6,"21":29,"22":6,"23":14,"24":6,"25":14,"26":6,"27":18,"28":6,"29":12,"30":1,"31":11,"32":1,"33":10,"34":10,"35":6,"36":6},"f":{"0":6,"1":377,"2":14,"3":29,"4":29,"5":14,"6":14,"7":18,"8":12},"b":{"0":[2,375],"1":[2,373],"2":[2,371],"3":[2,369],"4":[2,367],"5":[1,11],"6":[1,10]}}
,"C:\\Users\\ogono\\OneDrive\\Desktop\\bomberman\\server\\models\\gameobjects\\indestructable.ts": {"path":"C:\\Users\\ogono\\OneDrive\\Desktop\\bomberman\\server\\models\\gameobjects\\indestructable.ts","statementMap":{"0":{"start":{"line":1,"column":0},"end":{"line":1,"column":45}},"1":{"start":{"line":3,"column":0},"end":{"line":3,"column":41}},"2":{"start":{"line":5,"column":0},"end":{"line":5,"column":46}},"3":{"start":{"line":5,"column":36},"end":{"line":5,"column":46}},"4":{"start":{"line":7,"column":4},"end":{"line":7,"column":34}},"5":{"start":{"line":8,"column":4},"end":{"line":8,"column":53}},"6":{"start":{"line":10,"column":0},"end":{"line":10,"column":1}},"7":{"start":{"line":5,"column":13},"end":{"line":5,"column":27}}},"fnMap":{"0":{"name":"(anonymous_6)","decl":{"start":{"line":5,"column":0},"end":{"line":null,"column":-1}},"loc":{"start":{"line":5,"column":0},"end":{"line":5,"column":-1}}},"1":{"name":"Indestructable","decl":{"start":{"line":6,"column":2},"end":{"line":6,"column":20}},"loc":{"start":{"line":6,"column":84},"end":{"line":9,"column":3}}}},"branchMap":{"0":{"loc":{"start":{"line":7,"column":4},"end":{"line":7,"column":34}},"type":"binary-expr","locations":[{"start":{"line":7,"column":4},"end":{"line":7,"column":34}},{"start":{"line":7,"column":34},"end":{"line":9,"column":2}}]}},"s":{"0":5,"1":5,"2":5,"3":5,"4":38,"5":38,"6":5,"7":5},"f":{"0":5,"1":38},"b":{"0":[38,38]}}
,"C:\\Users\\ogono\\OneDrive\\Desktop\\bomberman\\server\\models\\gameobjects\\index.ts": {"path":"C:\\Users\\ogono\\OneDrive\\Desktop\\bomberman\\server\\models\\gameobjects\\index.ts","statementMap":{"0":{"start":{"line":1,"column":0},"end":{"line":1,"column":23}},"1":{"start":{"line":2,"column":0},"end":{"line":2,"column":27}},"2":{"start":{"line":3,"column":0},"end":{"line":3,"column":31}},"3":{"start":{"line":4,"column":0},"end":{"line":4,"column":24}},"4":{"start":{"line":5,"column":0},"end":{"line":5,"column":33}},"5":{"start":{"line":6,"column":0},"end":{"line":6,"column":25}}},"fnMap":{},"branchMap":{},"s":{"0":5,"1":5,"2":5,"3":5,"4":5,"5":5},"f":{},"b":{}}
,"C:\\Users\\ogono\\OneDrive\\Desktop\\bomberman\\server\\models\\gameobjects\\player.ts": {"path":"C:\\Users\\ogono\\OneDrive\\Desktop\\bomberman\\server\\models\\gameobjects\\player.ts","statementMap":{"0":{"start":{"line":1,"column":0},"end":{"line":1,"column":66}},"1":{"start":{"line":4,"column":0},"end":{"line":4,"column":41}},"2":{"start":{"line":6,"column":0},"end":{"line":6,"column":38}},"3":{"start":{"line":6,"column":28},"end":{"line":6,"column":38}},"4":{"start":{"line":24,"column":4},"end":{"line":24,"column":34}},"5":{"start":{"line":13,"column":19},"end":{"line":13,"column":39}},"6":{"start":{"line":26,"column":4},"end":{"line":26,"column":21}},"7":{"start":{"line":27,"column":4},"end":{"line":27,"column":26}},"8":{"start":{"line":28,"column":4},"end":{"line":28,"column":34}},"9":{"start":{"line":29,"column":4},"end":{"line":29,"column":25}},"10":{"start":{"line":30,"column":4},"end":{"line":30,"column":45}},"11":{"start":{"line":31,"column":4},"end":{"line":31,"column":37}},"12":{"start":{"line":34,"column":2},"end":{"line":36,"column":3}},"13":{"start":{"line":35,"column":4},"end":{"line":35,"column":24}},"14":{"start":{"line":38,"column":2},"end":{"line":40,"column":3}},"15":{"start":{"line":39,"column":4},"end":{"line":39,"column":26}},"16":{"start":{"line":43,"column":4},"end":{"line":43,"column":30}},"17":{"start":{"line":46,"column":2},"end":{"line":48,"column":3}},"18":{"start":{"line":47,"column":4},"end":{"line":47,"column":28}},"19":{"start":{"line":50,"column":2},"end":{"line":52,"column":3}},"20":{"start":{"line":51,"column":4},"end":{"line":51,"column":25}},"21":{"start":{"line":54,"column":2},"end":{"line":56,"column":3}},"22":{"start":{"line":55,"column":4},"end":{"line":55,"column":26}},"23":{"start":{"line":58,"column":2},"end":{"line":60,"column":3}},"24":{"start":{"line":63,"column":4},"end":{"line":63,"column":24}},"25":{"start":{"line":59,"column":4},"end":{"line":59,"column":22}},"26":{"start":{"line":66,"column":2},"end":{"line":68,"column":3}},"27":{"start":{"line":67,"column":4},"end":{"line":67,"column":23}},"28":{"start":{"line":70,"column":9},"end":{"line":74,"column":3}},"29":{"start":{"line":7,"column":17},"end":{"line":7,"column":33}},"30":{"start":{"line":75,"column":0},"end":{"line":75,"column":1}},"31":{"start":{"line":6,"column":13},"end":{"line":6,"column":19}}},"fnMap":{"0":{"name":"(anonymous_6)","decl":{"start":{"line":6,"column":0},"end":{"line":null,"column":-1}},"loc":{"start":{"line":6,"column":0},"end":{"line":6,"column":-1}}},"1":{"name":"Player","decl":{"start":{"line":17,"column":2},"end":{"line":18,"column":3}},"loc":{"start":{"line":22,"column":14},"end":{"line":32,"column":3}}},"2":{"name":"(anonymous_8)","decl":{"start":{"line":34,"column":2},"end":{"line":null,"column":-1}},"loc":{"start":{"line":34,"column":2},"end":{"line":36,"column":3}}},"3":{"name":"(anonymous_9)","decl":{"start":{"line":38,"column":2},"end":{"line":null,"column":-1}},"loc":{"start":{"line":38,"column":2},"end":{"line":40,"column":3}}},"4":{"name":"(anonymous_10)","decl":{"start":{"line":42,"column":2},"end":{"line":42,"column":21}},"loc":{"start":{"line":42,"column":50},"end":{"line":44,"column":3}}},"5":{"name":"(anonymous_11)","decl":{"start":{"line":46,"column":2},"end":{"line":null,"column":-1}},"loc":{"start":{"line":46,"column":2},"end":{"line":48,"column":3}}},"6":{"name":"(anonymous_12)","decl":{"start":{"line":50,"column":2},"end":{"line":null,"column":-1}},"loc":{"start":{"line":50,"column":2},"end":{"line":52,"column":3}}},"7":{"name":"(anonymous_13)","decl":{"start":{"line":54,"column":2},"end":{"line":null,"column":-1}},"loc":{"start":{"line":54,"column":2},"end":{"line":56,"column":3}}},"8":{"name":"(anonymous_14)","decl":{"start":{"line":62,"column":2},"end":{"line":null,"column":-1}},"loc":{"start":{"line":62,"column":2},"end":{"line":64,"column":3}}},"9":{"name":"(anonymous_15)","decl":{"start":{"line":58,"column":2},"end":{"line":58,"column":19}},"loc":{"start":{"line":58,"column":30},"end":{"line":60,"column":3}}},"10":{"name":"(anonymous_16)","decl":{"start":{"line":66,"column":2},"end":{"line":null,"column":-1}},"loc":{"start":{"line":66,"column":2},"end":{"line":68,"column":3}}},"11":{"name":"(anonymous_17)","decl":{"start":{"line":70,"column":2},"end":{"line":70,"column":15}},"loc":{"start":{"line":70,"column":37},"end":{"line":74,"column":3}}}},"branchMap":{"0":{"loc":{"start":{"line":24,"column":4},"end":{"line":24,"column":34}},"type":"binary-expr","locations":[{"start":{"line":24,"column":4},"end":{"line":24,"column":34}},{"start":{"line":24,"column":34},"end":{"line":32,"column":2}}]}},"s":{"0":5,"1":5,"2":5,"3":5,"4":9,"5":9,"6":9,"7":9,"8":9,"9":9,"10":9,"11":9,"12":5,"13":0,"14":5,"15":1,"16":6,"17":5,"18":0,"19":5,"20":0,"21":5,"22":0,"23":5,"24":5,"25":5,"26":5,"27":0,"28":5,"29":5,"30":5,"31":5},"f":{"0":5,"1":9,"2":0,"3":1,"4":6,"5":0,"6":0,"7":0,"8":5,"9":5,"10":0,"11":0},"b":{"0":[9,9]}}
,"C:\\Users\\ogono\\OneDrive\\Desktop\\bomberman\\server\\models\\users\\user.ts": {"path":"C:\\Users\\ogono\\OneDrive\\Desktop\\bomberman\\server\\models\\users\\user.ts","statementMap":{"0":{"start":{"line":3,"column":0},"end":{"line":46,"column":0}},"1":{"start":{"line":8,"column":10},"end":{"line":8,"column":35}},"2":{"start":{"line":11,"column":4},"end":{"line":11,"column":18}},"3":{"start":{"line":12,"column":4},"end":{"line":12,"column":34}},"4":{"start":{"line":15,"column":2},"end":{"line":17,"column":3}},"5":{"start":{"line":16,"column":4},"end":{"line":16,"column":20}},"6":{"start":{"line":19,"column":2},"end":{"line":21,"column":3}},"7":{"start":{"line":20,"column":4},"end":{"line":20,"column":29}},"8":{"start":{"line":23,"column":9},"end":{"line":25,"column":3}},"9":{"start":{"line":24,"column":4},"end":{"line":24,"column":27}},"10":{"start":{"line":27,"column":2},"end":{"line":29,"column":3}},"11":{"start":{"line":28,"column":4},"end":{"line":28,"column":28}},"12":{"start":{"line":31,"column":2},"end":{"line":33,"column":3}},"13":{"start":{"line":32,"column":4},"end":{"line":32,"column":24}},"14":{"start":{"line":35,"column":9},"end":{"line":37,"column":3}},"15":{"start":{"line":36,"column":4},"end":{"line":36,"column":24}},"16":{"start":{"line":39,"column":9},"end":{"line":41,"column":3}},"17":{"start":{"line":40,"column":4},"end":{"line":40,"column":25}},"18":{"start":{"line":43,"column":2},"end":{"line":45,"column":3}},"19":{"start":{"line":44,"column":4},"end":{"line":44,"column":61}},"20":{"start":{"line":46,"column":0},"end":{"line":46,"column":1}},"21":{"start":{"line":3,"column":13},"end":{"line":3,"column":17}}},"fnMap":{"0":{"name":"(anonymous_0)","decl":{"start":{"line":3,"column":0},"end":{"line":null,"column":-1}},"loc":{"start":{"line":3,"column":0},"end":{"line":3,"column":-1}}},"1":{"name":"User","decl":{"start":{"line":10,"column":2},"end":{"line":10,"column":20}},"loc":{"start":{"line":10,"column":31},"end":{"line":13,"column":3}}},"2":{"name":"(anonymous_2)","decl":{"start":{"line":15,"column":2},"end":{"line":null,"column":-1}},"loc":{"start":{"line":15,"column":2},"end":{"line":17,"column":3}}},"3":{"name":"(anonymous_3)","decl":{"start":{"line":19,"column":2},"end":{"line":null,"column":-1}},"loc":{"start":{"line":19,"column":2},"end":{"line":21,"column":3}}},"4":{"name":"(anonymous_4)","decl":{"start":{"line":23,"column":2},"end":{"line":null,"column":-1}},"loc":{"start":{"line":23,"column":2},"end":{"line":25,"column":3}}},"5":{"name":"(anonymous_5)","decl":{"start":{"line":27,"column":2},"end":{"line":null,"column":-1}},"loc":{"start":{"line":27,"column":2},"end":{"line":29,"column":3}}},"6":{"name":"(anonymous_6)","decl":{"start":{"line":31,"column":2},"end":{"line":null,"column":-1}},"loc":{"start":{"line":31,"column":2},"end":{"line":33,"column":3}}},"7":{"name":"(anonymous_7)","decl":{"start":{"line":35,"column":2},"end":{"line":null,"column":-1}},"loc":{"start":{"line":35,"column":2},"end":{"line":37,"column":3}}},"8":{"name":"(anonymous_8)","decl":{"start":{"line":39,"column":2},"end":{"line":null,"column":-1}},"loc":{"start":{"line":39,"column":2},"end":{"line":41,"column":3}}},"9":{"name":"(anonymous_9)","decl":{"start":{"line":43,"column":2},"end":{"line":null,"column":-1}},"loc":{"start":{"line":43,"column":2},"end":{"line":45,"column":3}}}},"branchMap":{},"s":{"0":3,"1":12,"2":12,"3":12,"4":3,"5":17,"6":3,"7":0,"8":3,"9":0,"10":3,"11":0,"12":3,"13":2,"14":3,"15":5,"16":3,"17":1,"18":3,"19":1,"20":3,"21":3},"f":{"0":3,"1":12,"2":17,"3":0,"4":0,"5":0,"6":2,"7":5,"8":1,"9":1},"b":{}}
,"C:\\Users\\ogono\\OneDrive\\Desktop\\bomberman\\server\\router\\server.ts": {"path":"C:\\Users\\ogono\\OneDrive\\Desktop\\bomberman\\server\\router\\server.ts","statementMap":{"0":{"start":{"line":1,"column":0},"end":{"line":1,"column":38}},"1":{"start":{"line":3,"column":0},"end":{"line":3,"column":26}},"2":{"start":{"line":5,"column":0},"end":{"line":5,"column":41}},"3":{"start":{"line":7,"column":0},"end":{"line":7,"column":29}},"4":{"start":{"line":8,"column":0},"end":{"line":8,"column":64}},"5":{"start":{"line":9,"column":0},"end":{"line":9,"column":41}},"6":{"start":{"line":13,"column":21},"end":{"line":13,"column":47}},"7":{"start":{"line":16,"column":0},"end":{"line":41,"column":0}},"8":{"start":{"line":22,"column":4},"end":{"line":22,"column":57}},"9":{"start":{"line":23,"column":4},"end":{"line":29,"column":7}},"10":{"start":{"line":24,"column":6},"end":{"line":26,"column":10}},"11":{"start":{"line":27,"column":6},"end":{"line":27,"column":40}},"12":{"start":{"line":28,"column":6},"end":{"line":28,"column":49}},"13":{"start":{"line":31,"column":4},"end":{"line":31,"column":48}},"14":{"start":{"line":32,"column":4},"end":{"line":32,"column":50}},"15":{"start":{"line":34,"column":4},"end":{"line":34,"column":50}},"16":{"start":{"line":37,"column":2},"end":{"line":39,"column":3}},"17":{"start":{"line":38,"column":4},"end":{"line":38,"column":21}},"18":{"start":{"line":16,"column":6},"end":{"line":41,"column":1}},"19":{"start":{"line":41,"column":0},"end":{"line":41,"column":1}},"20":{"start":{"line":43,"column":9},"end":{"line":43,"column":19}}},"fnMap":{"0":{"name":"(anonymous_4)","decl":{"start":{"line":16,"column":0},"end":{"line":null,"column":-1}},"loc":{"start":{"line":16,"column":0},"end":{"line":16,"column":-1}}},"1":{"name":"GameServer","decl":{"start":{"line":21,"column":2},"end":{"line":null,"column":-1}},"loc":{"start":{"line":21,"column":2},"end":{"line":35,"column":3}}},"2":{"name":"(anonymous_6)","decl":{"start":{"line":23,"column":27},"end":{"line":23,"column":27}},"loc":{"start":{"line":23,"column":59},"end":{"line":29,"column":5}}},"3":{"name":"(anonymous_7)","decl":{"start":{"line":37,"column":2},"end":{"line":null,"column":-1}},"loc":{"start":{"line":37,"column":2},"end":{"line":39,"column":3}}}},"branchMap":{"0":{"loc":{"start":{"line":13,"column":21},"end":{"line":13,"column":37}},"type":"binary-expr","locations":[{"start":{"line":13,"column":21},"end":{"line":13,"column":37}},{"start":{"line":13,"column":41},"end":{"line":13,"column":47}}]}},"s":{"0":1,"1":1,"2":1,"3":1,"4":1,"5":1,"6":1,"7":1,"8":0,"9":0,"10":0,"11":0,"12":0,"13":0,"14":0,"15":0,"16":1,"17":0,"18":1,"19":1,"20":1},"f":{"0":1,"1":0,"2":0,"3":0},"b":{"0":[1,1]}}
,"C:\\Users\\ogono\\OneDrive\\Desktop\\bomberman\\server\\router\\constant\\types.ts": {"path":"C:\\Users\\ogono\\OneDrive\\Desktop\\bomberman\\server\\router\\constant\\types.ts","statementMap":{"0":{"start":{"line":1,"column":19},"end":{"line":3,"column":1}},"1":{"start":{"line":5,"column":9},"end":{"line":5,"column":14}}},"fnMap":{},"branchMap":{},"s":{"0":1,"1":1},"f":{},"b":{}}
,"C:\\Users\\ogono\\OneDrive\\Desktop\\bomberman\\server\\router\\controller\\home.ts": {"path":"C:\\Users\\ogono\\OneDrive\\Desktop\\bomberman\\server\\router\\controller\\home.ts","statementMap":{"0":{"start":{"line":1,"column":0},"end":{"line":1,"column":61}},"1":{"start":{"line":4,"column":0},"end":{"line":10,"column":0}},"2":{"start":{"line":7,"column":9},"end":{"line":9,"column":3}},"3":{"start":{"line":8,"column":4},"end":{"line":8,"column":29}},"4":{"start":{"line":7,"column":2},"end":{"line":9,"column":3}},"5":{"start":{"line":4,"column":13},"end":{"line":10,"column":1}},"6":{"start":{"line":10,"column":0},"end":{"line":10,"column":1}},"7":{"start":{"line":4,"column":13},"end":{"line":4,"column":27}}},"fnMap":{"0":{"name":"(anonymous_2)","decl":{"start":{"line":4,"column":0},"end":{"line":null,"column":-1}},"loc":{"start":{"line":4,"column":0},"end":{"line":4,"column":-1}}},"1":{"name":"(anonymous_4)","decl":{"start":{"line":7,"column":2},"end":{"line":null,"column":-1}},"loc":{"start":{"line":7,"column":2},"end":{"line":9,"column":3}}}},"branchMap":{},"s":{"0":1,"1":1,"2":1,"3":0,"4":1,"5":1,"6":1,"7":1},"f":{"0":1,"1":0},"b":{}}
,"C:\\Users\\ogono\\OneDrive\\Desktop\\bomberman\\server\\router\\controller\\user.ts": {"path":"C:\\Users\\ogono\\OneDrive\\Desktop\\bomberman\\server\\router\\controller\\user.ts","statementMap":{"0":{"start":{"line":1,"column":0},"end":{"line":7,"column":32}},"1":{"start":{"line":8,"column":0},"end":{"line":8,"column":53}},"2":{"start":{"line":11,"column":0},"end":{"line":11,"column":34}},"3":{"start":{"line":12,"column":0},"end":{"line":12,"column":41}},"4":{"start":{"line":15,"column":0},"end":{"line":47,"column":0}},"5":{"start":{"line":20,"column":4},"end":{"line":20,"column":36}},"6":{"start":{"line":24,"column":9},"end":{"line":26,"column":3}},"7":{"start":{"line":25,"column":4},"end":{"line":25,"column":40}},"8":{"start":{"line":29,"column":9},"end":{"line":31,"column":3}},"9":{"start":{"line":30,"column":4},"end":{"line":30,"column":56}},"10":{"start":{"line":34,"column":9},"end":{"line":36,"column":3}},"11":{"start":{"line":35,"column":4},"end":{"line":35,"column":51}},"12":{"start":{"line":39,"column":9},"end":{"line":41,"column":3}},"13":{"start":{"line":40,"column":4},"end":{"line":40,"column":73}},"14":{"start":{"line":44,"column":9},"end":{"line":46,"column":3}},"15":{"start":{"line":45,"column":4},"end":{"line":45,"column":59}},"16":{"start":{"line":24,"column":2},"end":{"line":26,"column":3}},"17":{"start":{"line":29,"column":2},"end":{"line":31,"column":3}},"18":{"start":{"line":34,"column":2},"end":{"line":36,"column":3}},"19":{"start":{"line":39,"column":2},"end":{"line":41,"column":3}},"20":{"start":{"line":44,"column":2},"end":{"line":46,"column":3}},"21":{"start":{"line":15,"column":13},"end":{"line":47,"column":1}},"22":{"start":{"line":47,"column":0},"end":{"line":47,"column":1}},"23":{"start":{"line":15,"column":13},"end":{"line":15,"column":27}}},"fnMap":{"0":{"name":"(anonymous_4)","decl":{"start":{"line":15,"column":0},"end":{"line":null,"column":-1}},"loc":{"start":{"line":15,"column":0},"end":{"line":15,"column":-1}}},"1":{"name":"UserController","decl":{"start":{"line":19,"column":2},"end":{"line":19,"column":40}},"loc":{"start":{"line":19,"column":65},"end":{"line":21,"column":3}}},"2":{"name":"(anonymous_6)","decl":{"start":{"line":24,"column":2},"end":{"line":null,"column":-1}},"loc":{"start":{"line":24,"column":2},"end":{"line":26,"column":3}}},"3":{"name":"(anonymous_7)","decl":{"start":{"line":29,"column":2},"end":{"line":29,"column":16}},"loc":{"start":{"line":29,"column":33},"end":{"line":31,"column":3}}},"4":{"name":"(anonymous_8)","decl":{"start":{"line":34,"column":2},"end":{"line":34,"column":16}},"loc":{"start":{"line":34,"column":33},"end":{"line":36,"column":3}}},"5":{"name":"(anonymous_9)","decl":{"start":{"line":39,"column":2},"end":{"line":39,"column":19}},"loc":{"start":{"line":39,"column":36},"end":{"line":41,"column":3}}},"6":{"name":"(anonymous_10)","decl":{"start":{"line":44,"column":2},"end":{"line":44,"column":19}},"loc":{"start":{"line":44,"column":36},"end":{"line":46,"column":3}}}},"branchMap":{},"s":{"0":1,"1":1,"2":1,"3":1,"4":1,"5":0,"6":1,"7":0,"8":1,"9":0,"10":1,"11":0,"12":1,"13":0,"14":1,"15":0,"16":1,"17":1,"18":1,"19":1,"20":1,"21":1,"22":1,"23":1},"f":{"0":1,"1":0,"2":0,"3":0,"4":0,"5":0,"6":0},"b":{}}
,"C:\\Users\\ogono\\OneDrive\\Desktop\\bomberman\\server\\router\\service\\user.ts": {"path":"C:\\Users\\ogono\\OneDrive\\Desktop\\bomberman\\server\\router\\service\\user.ts","statementMap":{"0":{"start":{"line":1,"column":0},"end":{"line":1,"column":38}},"1":{"start":{"line":9,"column":0},"end":{"line":61,"column":0}},"2":{"start":{"line":11,"column":10},"end":{"line":17,"column":5}},"3":{"start":{"line":19,"column":9},"end":{"line":21,"column":3}},"4":{"start":{"line":20,"column":4},"end":{"line":20,"column":28}},"5":{"start":{"line":23,"column":9},"end":{"line":31,"column":3}},"6":{"start":{"line":24,"column":4},"end":{"line":28,"column":7}},"7":{"start":{"line":25,"column":6},"end":{"line":27,"column":7}},"8":{"start":{"line":26,"column":8},"end":{"line":26,"column":20}},"9":{"start":{"line":30,"column":4},"end":{"line":30,"column":35}},"10":{"start":{"line":33,"column":9},"end":{"line":37,"column":3}},"11":{"start":{"line":34,"column":4},"end":{"line":34,"column":32}},"12":{"start":{"line":36,"column":4},"end":{"line":36,"column":16}},"13":{"start":{"line":39,"column":9},"end":{"line":47,"column":3}},"14":{"start":{"line":39,"column":2},"end":{"line":47,"column":2}},"15":{"start":{"line":40,"column":4},"end":{"line":44,"column":7}},"16":{"start":{"line":41,"column":6},"end":{"line":43,"column":7}},"17":{"start":{"line":42,"column":8},"end":{"line":42,"column":39}},"18":{"start":{"line":46,"column":4},"end":{"line":46,"column":16}},"19":{"start":{"line":49,"column":9},"end":{"line":60,"column":3}},"20":{"start":{"line":50,"column":34},"end":{"line":50,"column":36}},"21":{"start":{"line":51,"column":4},"end":{"line":55,"column":7}},"22":{"start":{"line":52,"column":6},"end":{"line":54,"column":7}},"23":{"start":{"line":53,"column":8},"end":{"line":53,"column":31}},"24":{"start":{"line":57,"column":4},"end":{"line":57,"column":35}},"25":{"start":{"line":59,"column":4},"end":{"line":59,"column":14}},"26":{"start":{"line":9,"column":13},"end":{"line":61,"column":1}},"27":{"start":{"line":61,"column":0},"end":{"line":61,"column":1}},"28":{"start":{"line":9,"column":13},"end":{"line":9,"column":24}}},"fnMap":{"0":{"name":"(anonymous_1)","decl":{"start":{"line":9,"column":0},"end":{"line":null,"column":-1}},"loc":{"start":{"line":9,"column":0},"end":{"line":9,"column":-1}}},"1":{"name":"UserService","decl":{"start":{"line":8,"column":0},"end":{"line":null,"column":-1}},"loc":{"start":{"line":8,"column":0},"end":{"line":61,"column":1}}},"2":{"name":"(anonymous_3)","decl":{"start":{"line":19,"column":2},"end":{"line":null,"column":-1}},"loc":{"start":{"line":19,"column":2},"end":{"line":21,"column":3}}},"3":{"name":"(anonymous_4)","decl":{"start":{"line":23,"column":2},"end":{"line":23,"column":16}},"loc":{"start":{"line":23,"column":27},"end":{"line":31,"column":3}}},"4":{"name":"(anonymous_5)","decl":{"start":{"line":24,"column":25},"end":{"line":24,"column":25}},"loc":{"start":{"line":24,"column":38},"end":{"line":28,"column":5}}},"5":{"name":"(anonymous_6)","decl":{"start":{"line":33,"column":2},"end":{"line":33,"column":16}},"loc":{"start":{"line":33,"column":29},"end":{"line":37,"column":3}}},"6":{"name":"(anonymous_7)","decl":{"start":{"line":39,"column":2},"end":{"line":39,"column":19}},"loc":{"start":{"line":39,"column":44},"end":{"line":47,"column":3}}},"7":{"name":"(anonymous_8)","decl":{"start":{"line":40,"column":25},"end":{"line":40,"column":25}},"loc":{"start":{"line":40,"column":54},"end":{"line":44,"column":5}}},"8":{"name":"(anonymous_9)","decl":{"start":{"line":49,"column":2},"end":{"line":49,"column":19}},"loc":{"start":{"line":49,"column":30},"end":{"line":60,"column":3}}},"9":{"name":"(anonymous_10)","decl":{"start":{"line":51,"column":25},"end":{"line":51,"column":25}},"loc":{"start":{"line":51,"column":38},"end":{"line":55,"column":5}}}},"branchMap":{"0":{"loc":{"start":{"line":25,"column":6},"end":{"line":27,"column":7}},"type":"if","locations":[{"start":{"line":25,"column":6},"end":{"line":27,"column":7}},{"start":{"line":25,"column":6},"end":{"line":27,"column":7}}]},"1":{"loc":{"start":{"line":41,"column":6},"end":{"line":43,"column":7}},"type":"if","locations":[{"start":{"line":41,"column":6},"end":{"line":43,"column":7}},{"start":{"line":41,"column":6},"end":{"line":43,"column":7}}]},"2":{"loc":{"start":{"line":52,"column":6},"end":{"line":54,"column":7}},"type":"if","locations":[{"start":{"line":52,"column":6},"end":{"line":54,"column":7}},{"start":{"line":52,"column":6},"end":{"line":54,"column":7}}]}},"s":{"0":1,"1":1,"2":0,"3":1,"4":0,"5":1,"6":0,"7":0,"8":0,"9":0,"10":1,"11":0,"12":0,"13":1,"14":0,"15":0,"16":0,"17":0,"18":0,"19":1,"20":0,"21":0,"22":0,"23":0,"24":0,"25":0,"26":1,"27":1,"28":1},"f":{"0":1,"1":0,"2":0,"3":0,"4":0,"5":0,"6":0,"7":0,"8":0,"9":0},"b":{"0":[0,0],"1":[0,0],"2":[0,0]}}
,"C:\\Users\\ogono\\OneDrive\\Desktop\\bomberman\\server\\router\\setup\\setup.ts": {"path":"C:\\Users\\ogono\\OneDrive\\Desktop\\bomberman\\server\\router\\setup\\setup.ts","statementMap":{"0":{"start":{"line":2,"column":0},"end":{"line":2,"column":26}},"1":{"start":{"line":4,"column":0},"end":{"line":4,"column":28}},"2":{"start":{"line":6,"column":0},"end":{"line":6,"column":28}},"3":{"start":{"line":8,"column":0},"end":{"line":8,"column":37}},"4":{"start":{"line":9,"column":0},"end":{"line":9,"column":41}},"5":{"start":{"line":10,"column":0},"end":{"line":10,"column":45}},"6":{"start":{"line":13,"column":29},"end":{"line":13,"column":44}},"7":{"start":{"line":16,"column":9},"end":{"line":16,"column":18}},"8":{"start":{"line":14,"column":0},"end":{"line":14,"column":63}}},"fnMap":{},"branchMap":{},"s":{"0":1,"1":1,"2":1,"3":1,"4":1,"5":1,"6":1,"7":1,"8":1},"f":{},"b":{}}
,"C:\\Users\\ogono\\OneDrive\\Desktop\\bomberman\\server\\setup\\types.ts": {"path":"C:\\Users\\ogono\\OneDrive\\Desktop\\bomberman\\server\\setup\\types.ts","statementMap":{"0":{"start":{"line":2,"column":13},"end":{"line":10,"column":2}}},"fnMap":{},"branchMap":{},"s":{"0":2},"f":{},"b":{}}
}
