TN:
SF:C:\Users\ogono\OneDrive\Desktop\bomberman\server\common\gameobjecttype.ts
FN:1,(anonymous_0)
FNF:1
FNH:1
FNDA:1,(anonymous_0)
DA:1,1
DA:2,1
DA:3,1
DA:4,1
DA:5,1
DA:6,1
DA:7,1
DA:8,1
LF:8
LH:8
BRDA:1,0,0,1
BRDA:1,0,1,1
BRF:2
BRH:2
end_of_record
TN:
SF:C:\Users\ogono\OneDrive\Desktop\bomberman\server\common\globals.ts
FNF:0
FNH:0
DA:2,1
LF:1
LH:1
BRF:0
BRH:0
end_of_record
TN:
SF:C:\Users\ogono\OneDrive\Desktop\bomberman\server\common\index.ts
FNF:0
FNH:0
DA:1,1
DA:3,1
DA:4,1
DA:6,1
DA:7,1
LF:5
LH:5
BRF:0
BRH:0
end_of_record
TN:
SF:C:\Users\ogono\OneDrive\Desktop\bomberman\server\common\intenttype.ts
FN:1,(anonymous_0)
FNF:1
FNH:1
FNDA:1,(anonymous_0)
DA:1,1
DA:2,1
DA:3,1
DA:4,1
DA:5,1
DA:6,1
DA:7,1
DA:8,1
DA:9,1
LF:9
LH:9
BRDA:1,0,0,1
BRDA:1,0,1,1
BRF:2
BRH:2
end_of_record
TN:
SF:C:\Users\ogono\OneDrive\Desktop\bomberman\server\common\maptype.ts
FN:1,(anonymous_0)
FNF:1
FNH:1
FNDA:1,(anonymous_0)
DA:1,1
DA:2,1
DA:3,1
LF:3
LH:3
BRDA:1,0,0,1
BRDA:1,0,1,1
BRF:2
BRH:2
end_of_record
TN:
SF:C:\Users\ogono\OneDrive\Desktop\bomberman\server\common\pathdirection.ts
FN:1,(anonymous_0)
FNF:1
FNH:1
FNDA:1,(anonymous_0)
DA:1,1
DA:2,1
DA:3,1
LF:3
LH:3
BRDA:1,0,0,1
BRDA:1,0,1,1
BRF:2
BRH:2
end_of_record
TN:
SF:C:\Users\ogono\OneDrive\Desktop\bomberman\server\controllers\commands.ts
FN:6,(anonymous_2)
FN:9,CommandsController
FN:13,(anonymous_4)
FN:17,(anonymous_5)
FN:19,(anonymous_6)
FN:27,(anonymous_7)
FN:28,(anonymous_8)
FNF:7
FNH:2
FNDA:1,(anonymous_2)
FNDA:5,CommandsController
FNDA:0,(anonymous_4)
FNDA:0,(anonymous_5)
FNDA:0,(anonymous_6)
FNDA:0,(anonymous_7)
FNDA:0,(anonymous_8)
DA:1,1
DA:6,1
DA:10,5
DA:13,1
DA:14,0
DA:17,1
DA:18,0
DA:19,0
DA:20,0
DA:21,0
DA:23,0
DA:27,1
DA:28,0
DA:30,1
LF:14
LH:7
BRDA:20,0,0,0
BRDA:20,0,1,0
BRF:2
BRH:0
end_of_record
TN:
SF:C:\Users\ogono\OneDrive\Desktop\bomberman\server\controllers\wrappers\map-instance.ts
FN:9,(anonymous_4)
FN:26,MapInstance
FN:41,(anonymous_6)
FN:44,(anonymous_7)
FN:47,(anonymous_8)
FN:50,(anonymous_9)
FN:53,(anonymous_10)
FN:57,(anonymous_11)
FN:61,(anonymous_12)
FN:65,(anonymous_13)
FN:66,(anonymous_14)
FN:74,(anonymous_15)
FN:76,(anonymous_16)
FN:85,(anonymous_17)
FN:96,(anonymous_18)
FN:98,(anonymous_19)
FN:108,(anonymous_20)
FN:110,(anonymous_21)
FN:112,(anonymous_22)
FN:115,(anonymous_23)
FN:142,(anonymous_24)
FN:147,(anonymous_25)
FN:150,(anonymous_26)
FN:159,(anonymous_27)
FN:166,(anonymous_28)
FN:177,(anonymous_29)
FN:182,(anonymous_30)
FN:189,(anonymous_31)
FN:196,(anonymous_32)
FN:203,(anonymous_33)
FNF:30
FNH:7
FNDA:1,(anonymous_4)
FNDA:5,MapInstance
FNDA:0,(anonymous_6)
FNDA:0,(anonymous_7)
FNDA:0,(anonymous_8)
FNDA:0,(anonymous_9)
FNDA:0,(anonymous_10)
FNDA:0,(anonymous_11)
FNDA:0,(anonymous_12)
FNDA:0,(anonymous_13)
FNDA:0,(anonymous_14)
FNDA:0,(anonymous_15)
FNDA:0,(anonymous_16)
FNDA:0,(anonymous_17)
FNDA:0,(anonymous_18)
FNDA:0,(anonymous_19)
FNDA:0,(anonymous_20)
FNDA:0,(anonymous_21)
FNDA:0,(anonymous_22)
FNDA:0,(anonymous_23)
FNDA:0,(anonymous_24)
FNDA:0,(anonymous_25)
FNDA:0,(anonymous_26)
FNDA:0,(anonymous_27)
FNDA:0,(anonymous_28)
FNDA:5,(anonymous_29)
FNDA:15,(anonymous_30)
FNDA:10,(anonymous_31)
FNDA:5,(anonymous_32)
FNDA:5,(anonymous_33)
DA:1,1
DA:2,1
DA:5,1
DA:6,1
DA:9,1
DA:10,1
DA:17,5
DA:18,5
DA:20,5
DA:23,5
DA:29,5
DA:30,5
DA:31,5
DA:32,5
DA:33,5
DA:34,5
DA:35,5
DA:36,5
DA:37,5
DA:39,5
DA:41,1
DA:42,0
DA:44,1
DA:45,0
DA:47,1
DA:48,0
DA:50,1
DA:51,0
DA:53,1
DA:54,0
DA:57,1
DA:58,0
DA:61,1
DA:62,0
DA:65,1
DA:66,0
DA:67,0
DA:68,0
DA:70,0
DA:74,1
DA:75,0
DA:76,0
DA:77,0
DA:78,0
DA:82,0
DA:85,1
DA:86,0
DA:87,0
DA:88,0
DA:89,0
DA:90,0
DA:91,0
DA:96,1
DA:98,0
DA:99,0
DA:100,0
DA:101,0
DA:102,0
DA:103,0
DA:104,0
DA:108,1
DA:109,0
DA:110,0
DA:112,0
DA:113,0
DA:115,0
DA:117,0
DA:118,0
DA:121,0
DA:122,0
DA:124,0
DA:125,0
DA:127,0
DA:128,0
DA:130,0
DA:131,0
DA:134,0
DA:139,0
DA:142,1
DA:143,0
DA:147,1
DA:149,0
DA:150,0
DA:151,0
DA:152,0
DA:159,0
DA:160,0
DA:166,0
DA:167,0
DA:174,0
DA:177,5
DA:179,5
DA:182,5
DA:183,15
DA:185,15
DA:189,5
DA:190,10
DA:192,10
DA:196,5
DA:197,5
DA:199,5
DA:203,5
DA:204,5
DA:207,5
DA:210,1
LF:105
LH:49
BRDA:67,0,0,0
BRDA:67,0,1,0
BRDA:67,1,0,0
BRDA:67,1,1,0
BRDA:77,2,0,0
BRDA:77,2,1,0
BRDA:86,3,0,0
BRDA:86,3,1,0
BRDA:99,4,0,0
BRDA:99,4,1,0
BRDA:113,5,0,0
BRDA:113,5,1,0
BRDA:117,6,0,0
BRDA:117,6,1,0
BRDA:121,7,0,0
BRDA:121,7,1,0
BRDA:124,8,0,0
BRDA:124,8,1,0
BRDA:127,9,0,0
BRDA:127,9,1,0
BRDA:130,10,0,0
BRDA:130,10,1,0
BRDA:151,11,0,0
BRDA:151,11,1,0
BRF:24
BRH:0
end_of_record
TN:
SF:C:\Users\ogono\OneDrive\Desktop\bomberman\server\data\maps.ts
FNF:0
FNH:0
DA:1,1
DA:4,1
LF:2
LH:2
BRF:0
BRH:0
end_of_record
TN:
SF:C:\Users\ogono\OneDrive\Desktop\bomberman\server\models\factories\game-object-factory.ts
FN:9,(anonymous_2)
FN:12,GameObjectFactory
FN:16,(anonymous_4)
FN:20,(anonymous_5)
FN:24,(anonymous_6)
FN:28,(anonymous_7)
FN:32,(anonymous_8)
FN:36,(anonymous_9)
FNF:8
FNH:6
FNDA:1,(anonymous_2)
FNDA:5,GameObjectFactory
FNDA:0,(anonymous_4)
FNDA:15,(anonymous_5)
FNDA:5,(anonymous_6)
FNDA:5,(anonymous_7)
FNDA:10,(anonymous_8)
FNDA:0,(anonymous_9)
DA:1,1
DA:2,1
DA:4,1
DA:5,1
DA:6,1
DA:9,1
DA:10,1
DA:16,1
DA:17,0
DA:20,1
DA:21,15
DA:24,1
DA:25,5
DA:28,1
DA:29,5
DA:32,1
DA:33,10
DA:36,1
DA:37,0
DA:39,1
LF:20
LH:18
BRF:0
BRH:0
end_of_record
TN:
SF:C:\Users\ogono\OneDrive\Desktop\bomberman\server\models\gameobjects\bomb.ts
FN:5,(anonymous_6)
FN:11,Bomb
FN:29,(anonymous_8)
FN:32,(anonymous_9)
FN:35,(anonymous_10)
FN:38,(anonymous_11)
FNF:6
FNH:1
FNDA:1,(anonymous_6)
FNDA:0,Bomb
FNDA:0,(anonymous_8)
FNDA:0,(anonymous_9)
FNDA:0,(anonymous_10)
FNDA:0,(anonymous_11)
DA:1,1
DA:3,1
DA:5,1
DA:7,1
DA:18,0
DA:24,0
DA:25,0
DA:26,0
DA:29,1
DA:30,0
DA:32,1
DA:33,0
DA:35,1
DA:36,0
DA:38,1
DA:39,0
DA:41,1
LF:17
LH:9
BRDA:18,0,0,0
BRDA:18,0,1,0
BRF:2
BRH:0
end_of_record
TN:
SF:C:\Users\ogono\OneDrive\Desktop\bomberman\server\models\gameobjects\boundary.ts
FN:5,(anonymous_6)
FN:6,Boundary
FNF:2
FNH:2
FNDA:1,(anonymous_6)
FNDA:15,Boundary
DA:1,1
DA:3,1
DA:5,1
DA:7,15
DA:8,15
DA:10,1
LF:6
LH:6
BRDA:7,0,0,15
BRDA:7,0,1,15
BRF:2
BRH:2
end_of_record
TN:
SF:C:\Users\ogono\OneDrive\Desktop\bomberman\server\models\gameobjects\destructable.ts
FN:5,(anonymous_6)
FN:6,Destructable
FNF:2
FNH:2
FNDA:1,(anonymous_6)
FNDA:5,Destructable
DA:1,1
DA:3,1
DA:5,1
DA:7,5
DA:8,5
DA:10,1
LF:6
LH:6
BRDA:7,0,0,5
BRDA:7,0,1,5
BRF:2
BRH:2
end_of_record
TN:
SF:C:\Users\ogono\OneDrive\Desktop\bomberman\server\models\gameobjects\enemy.ts
FN:5,(anonymous_6)
FN:10,Enemy
FN:21,(anonymous_8)
FN:25,(anonymous_9)
FN:29,(anonymous_10)
FN:33,(anonymous_11)
FN:37,(anonymous_12)
FN:41,(anonymous_13)
FNF:8
FNH:2
FNDA:1,(anonymous_6)
FNDA:5,Enemy
FNDA:0,(anonymous_8)
FNDA:0,(anonymous_9)
FNDA:0,(anonymous_10)
FNDA:0,(anonymous_11)
FNDA:0,(anonymous_12)
FNDA:0,(anonymous_13)
DA:1,1
DA:3,1
DA:5,1
DA:11,5
DA:12,5
DA:13,0
DA:15,5
DA:16,5
DA:17,5
DA:18,5
DA:21,1
DA:22,0
DA:25,1
DA:26,0
DA:29,1
DA:30,0
DA:34,0
DA:37,1
DA:38,0
DA:42,0
DA:44,1
LF:21
LH:14
BRDA:11,0,0,5
BRDA:11,0,1,5
BRDA:12,1,0,0
BRDA:12,1,1,5
BRF:4
BRH:3
end_of_record
TN:
SF:C:\Users\ogono\OneDrive\Desktop\bomberman\server\models\gameobjects\gameobject.ts
FN:3,(anonymous_0)
FN:11,GameObject
FN:40,(anonymous_2)
FN:44,(anonymous_3)
FN:48,(anonymous_4)
FN:52,(anonymous_5)
FN:56,(anonymous_6)
FN:60,(anonymous_7)
FN:64,(anonymous_8)
FNF:9
FNH:2
FNDA:2,(anonymous_0)
FNDA:36,GameObject
FNDA:0,(anonymous_2)
FNDA:0,(anonymous_3)
FNDA:0,(anonymous_4)
FNDA:0,(anonymous_5)
FNDA:0,(anonymous_6)
FNDA:0,(anonymous_7)
FNDA:0,(anonymous_8)
DA:3,2
DA:14,36
DA:15,0
DA:17,36
DA:18,0
DA:20,36
DA:21,0
DA:24,36
DA:25,0
DA:28,36
DA:29,0
DA:32,36
DA:33,36
DA:35,36
DA:36,36
DA:37,36
DA:40,2
DA:41,0
DA:44,2
DA:45,0
DA:48,2
DA:49,0
DA:52,2
DA:53,0
DA:56,2
DA:57,0
DA:60,2
DA:61,0
DA:64,2
DA:66,0
DA:67,0
DA:69,0
DA:70,0
DA:73,0
DA:74,0
DA:76,2
LF:36
LH:19
BRDA:14,0,0,0
BRDA:14,0,1,36
BRDA:17,1,0,0
BRDA:17,1,1,36
BRDA:20,2,0,0
BRDA:20,2,1,36
BRDA:24,3,0,0
BRDA:24,3,1,36
BRDA:28,4,0,0
BRDA:28,4,1,36
BRDA:66,5,0,0
BRDA:66,5,1,0
BRDA:69,6,0,0
BRDA:69,6,1,0
BRF:14
BRH:5
end_of_record
TN:
SF:C:\Users\ogono\OneDrive\Desktop\bomberman\server\models\gameobjects\indestructable.ts
FN:5,(anonymous_6)
FN:6,Indestructable
FNF:2
FNH:2
FNDA:1,(anonymous_6)
FNDA:10,Indestructable
DA:1,1
DA:3,1
DA:5,1
DA:7,10
DA:8,10
DA:10,1
LF:6
LH:6
BRDA:7,0,0,10
BRDA:7,0,1,10
BRF:2
BRH:2
end_of_record
TN:
SF:C:\Users\ogono\OneDrive\Desktop\bomberman\server\models\gameobjects\index.ts
FNF:0
FNH:0
DA:1,1
DA:2,1
DA:3,1
DA:4,1
DA:5,1
DA:6,1
LF:6
LH:6
BRF:0
BRH:0
end_of_record
TN:
SF:C:\Users\ogono\OneDrive\Desktop\bomberman\server\models\gameobjects\player.ts
FN:6,(anonymous_6)
FN:17,Player
FN:34,(anonymous_8)
FN:38,(anonymous_9)
FN:42,(anonymous_10)
FN:46,(anonymous_11)
FN:50,(anonymous_12)
FN:54,(anonymous_13)
FN:62,(anonymous_14)
FN:58,(anonymous_15)
FN:66,(anonymous_16)
FN:70,(anonymous_17)
FNF:12
FNH:1
FNDA:1,(anonymous_6)
FNDA:0,Player
FNDA:0,(anonymous_8)
FNDA:0,(anonymous_9)
FNDA:0,(anonymous_10)
FNDA:0,(anonymous_11)
FNDA:0,(anonymous_12)
FNDA:0,(anonymous_13)
FNDA:0,(anonymous_14)
FNDA:0,(anonymous_15)
FNDA:0,(anonymous_16)
FNDA:0,(anonymous_17)
DA:1,1
DA:4,1
DA:6,1
DA:7,1
DA:13,0
DA:24,0
DA:26,0
DA:27,0
DA:28,0
DA:29,0
DA:30,0
DA:31,0
DA:34,1
DA:35,0
DA:38,1
DA:39,0
DA:43,0
DA:46,1
DA:47,0
DA:50,1
DA:51,0
DA:54,1
DA:55,0
DA:58,1
DA:59,0
DA:63,0
DA:66,1
DA:67,0
DA:70,1
DA:75,1
LF:30
LH:13
BRDA:24,0,0,0
BRDA:24,0,1,0
BRF:2
BRH:0
end_of_record
TN:
SF:C:\Users\ogono\OneDrive\Desktop\bomberman\server\setup\types.ts
FNF:0
FNH:0
DA:2,1
LF:1
LH:1
BRF:0
BRH:0
end_of_record
