TN:
SF:C:\Users\ogono\OneDrive\Desktop\bomberman\server\common\gameobjecttype.ts
FN:1,(anonymous_0)
FNF:1
FNH:1
FNDA:5,(anonymous_0)
DA:1,5
DA:2,5
DA:3,5
DA:4,5
DA:5,5
DA:6,5
DA:7,5
DA:8,5
LF:8
LH:8
BRDA:1,0,0,5
BRDA:1,0,1,5
BRF:2
BRH:2
end_of_record
TN:
SF:C:\Users\ogono\OneDrive\Desktop\bomberman\server\common\globals.ts
FNF:0
FNH:0
DA:2,5
LF:1
LH:1
BRF:0
BRH:0
end_of_record
TN:
SF:C:\Users\ogono\OneDrive\Desktop\bomberman\server\common\index.ts
FNF:0
FNH:0
DA:1,5
DA:3,5
DA:4,5
DA:6,5
DA:7,5
LF:5
LH:5
BRF:0
BRH:0
end_of_record
TN:
SF:C:\Users\ogono\OneDrive\Desktop\bomberman\server\common\intenttype.ts
FN:1,(anonymous_0)
FNF:1
FNH:1
FNDA:6,(anonymous_0)
DA:1,6
DA:2,6
DA:3,6
DA:4,6
DA:5,6
DA:6,6
DA:7,6
DA:8,6
DA:9,6
LF:9
LH:9
BRDA:1,0,0,6
BRDA:1,0,1,6
BRF:2
BRH:2
end_of_record
TN:
SF:C:\Users\ogono\OneDrive\Desktop\bomberman\server\common\maptype.ts
FN:1,(anonymous_0)
FNF:1
FNH:1
FNDA:5,(anonymous_0)
DA:1,5
DA:2,5
DA:3,5
LF:3
LH:3
BRDA:1,0,0,5
BRDA:1,0,1,5
BRF:2
BRH:2
end_of_record
TN:
SF:C:\Users\ogono\OneDrive\Desktop\bomberman\server\common\pathdirection.ts
FN:1,(anonymous_0)
FNF:1
FNH:1
FNDA:5,(anonymous_0)
DA:1,5
DA:2,5
DA:3,5
LF:3
LH:3
BRDA:1,0,0,5
BRDA:1,0,1,5
BRF:2
BRH:2
end_of_record
TN:
SF:C:\Users\ogono\OneDrive\Desktop\bomberman\server\controllers\commands.ts
FN:6,(anonymous_2)
FN:9,CommandsController
FN:13,(anonymous_4)
FN:17,(anonymous_5)
FN:19,(anonymous_6)
FN:27,(anonymous_7)
FN:28,(anonymous_8)
FNF:7
FNH:3
FNDA:2,(anonymous_2)
FNDA:16,CommandsController
FNDA:2,(anonymous_4)
FNDA:0,(anonymous_5)
FNDA:0,(anonymous_6)
FNDA:0,(anonymous_7)
FNDA:0,(anonymous_8)
DA:1,2
DA:6,2
DA:10,16
DA:13,2
DA:14,2
DA:17,2
DA:18,0
DA:19,0
DA:20,0
DA:21,0
DA:23,0
DA:27,2
DA:28,0
DA:30,2
LF:14
LH:8
BRDA:20,0,0,0
BRDA:20,0,1,0
BRF:2
BRH:0
end_of_record
TN:
SF:C:\Users\ogono\OneDrive\Desktop\bomberman\server\controllers\index.ts
FNF:0
FNH:0
DA:1,1
DA:2,1
DA:3,1
LF:3
LH:3
BRF:0
BRH:0
end_of_record
TN:
SF:C:\Users\ogono\OneDrive\Desktop\bomberman\server\controllers\wrappers\game-wrapper.ts
FN:14,(anonymous_5)
FN:22,GameWrapper
FN:34,(anonymous_7)
FN:40,(anonymous_8)
FN:41,(anonymous_9)
FN:53,(anonymous_10)
FN:59,(anonymous_11)
FN:63,(anonymous_12)
FN:75,(anonymous_13)
FNF:9
FNH:1
FNDA:1,(anonymous_5)
FNDA:0,GameWrapper
FNDA:0,(anonymous_7)
FNDA:0,(anonymous_8)
FNDA:0,(anonymous_9)
FNDA:0,(anonymous_10)
FNDA:0,(anonymous_11)
FNDA:0,(anonymous_12)
FNDA:0,(anonymous_13)
DA:1,1
DA:3,1
DA:4,1
DA:5,1
DA:9,1
DA:10,1
DA:14,1
DA:15,1
DA:28,0
DA:29,0
DA:30,0
DA:31,0
DA:34,1
DA:35,0
DA:37,0
DA:40,1
DA:41,0
DA:44,0
DA:45,0
DA:47,0
DA:49,0
DA:53,0
DA:54,0
DA:55,0
DA:59,0
DA:60,0
DA:61,0
DA:63,0
DA:64,0
DA:65,0
DA:68,0
DA:70,0
DA:75,0
DA:76,0
DA:80,1
DA:82,1
LF:36
LH:12
BRDA:45,0,0,0
BRDA:45,0,1,0
BRF:2
BRH:0
end_of_record
TN:
SF:C:\Users\ogono\OneDrive\Desktop\bomberman\server\controllers\wrappers\game.ts
FN:8,(anonymous_4)
FN:15,Game
FN:23,(anonymous_6)
FN:25,(anonymous_7)
FN:41,(anonymous_8)
FN:42,(anonymous_9)
FN:51,(anonymous_10)
FN:58,(anonymous_11)
FN:69,(anonymous_12)
FN:82,(anonymous_13)
FN:88,(anonymous_14)
FN:104,(anonymous_15)
FN:108,(anonymous_16)
FN:112,(anonymous_17)
FN:116,(anonymous_18)
FNF:15
FNH:1
FNDA:1,(anonymous_4)
FNDA:0,Game
FNDA:0,(anonymous_6)
FNDA:0,(anonymous_7)
FNDA:0,(anonymous_8)
FNDA:0,(anonymous_9)
FNDA:0,(anonymous_10)
FNDA:0,(anonymous_11)
FNDA:0,(anonymous_12)
FNDA:0,(anonymous_13)
FNDA:0,(anonymous_14)
FNDA:0,(anonymous_15)
FNDA:0,(anonymous_16)
FNDA:0,(anonymous_17)
FNDA:0,(anonymous_18)
DA:1,1
DA:2,1
DA:5,1
DA:8,1
DA:16,0
DA:17,0
DA:18,0
DA:19,0
DA:20,0
DA:23,1
DA:24,0
DA:25,0
DA:26,0
DA:27,0
DA:30,0
DA:31,0
DA:32,0
DA:33,0
DA:34,0
DA:38,0
DA:41,1
DA:42,0
DA:43,0
DA:44,0
DA:47,0
DA:51,1
DA:52,0
DA:53,0
DA:54,0
DA:55,0
DA:58,1
DA:60,0
DA:61,0
DA:63,0
DA:66,0
DA:69,0
DA:71,0
DA:72,0
DA:80,0
DA:82,0
DA:83,0
DA:85,0
DA:88,0
DA:89,0
DA:91,0
DA:95,0
DA:101,0
DA:104,1
DA:105,0
DA:108,1
DA:109,0
DA:112,1
DA:113,0
DA:116,1
DA:117,0
DA:119,1
LF:56
LH:13
BRDA:26,0,0,0
BRDA:26,0,1,0
BRDA:30,1,0,0
BRDA:30,1,1,0
BRDA:32,2,0,0
BRDA:32,2,1,0
BRDA:43,3,0,0
BRDA:43,3,1,0
BRDA:60,4,0,0
BRDA:60,4,1,0
BRDA:83,5,0,0
BRDA:83,5,1,0
BRDA:89,6,0,0
BRDA:89,6,1,0
BRF:14
BRH:0
end_of_record
TN:
SF:C:\Users\ogono\OneDrive\Desktop\bomberman\server\controllers\wrappers\map-instance.ts
FN:9,(anonymous_4)
FN:26,MapInstance
FN:41,(anonymous_6)
FN:44,(anonymous_7)
FN:47,(anonymous_8)
FN:50,(anonymous_9)
FN:53,(anonymous_10)
FN:57,(anonymous_11)
FN:61,(anonymous_12)
FN:65,(anonymous_13)
FN:66,(anonymous_14)
FN:74,(anonymous_15)
FN:76,(anonymous_16)
FN:85,(anonymous_17)
FN:97,(anonymous_18)
FN:99,(anonymous_19)
FN:109,(anonymous_20)
FN:111,(anonymous_21)
FN:113,(anonymous_22)
FN:116,(anonymous_23)
FN:143,(anonymous_24)
FN:148,(anonymous_25)
FN:151,(anonymous_26)
FN:160,(anonymous_27)
FN:167,(anonymous_28)
FN:178,(anonymous_29)
FN:183,(anonymous_30)
FN:190,(anonymous_31)
FN:197,(anonymous_32)
FN:204,(anonymous_33)
FNF:30
FNH:20
FNDA:2,(anonymous_4)
FNDA:16,MapInstance
FNDA:5,(anonymous_6)
FNDA:0,(anonymous_7)
FNDA:0,(anonymous_8)
FNDA:0,(anonymous_9)
FNDA:0,(anonymous_10)
FNDA:0,(anonymous_11)
FNDA:2,(anonymous_12)
FNDA:8,(anonymous_13)
FNDA:2,(anonymous_14)
FNDA:2,(anonymous_15)
FNDA:1,(anonymous_16)
FNDA:6,(anonymous_17)
FNDA:1,(anonymous_18)
FNDA:1,(anonymous_19)
FNDA:2,(anonymous_20)
FNDA:0,(anonymous_21)
FNDA:0,(anonymous_22)
FNDA:0,(anonymous_23)
FNDA:0,(anonymous_24)
FNDA:2,(anonymous_25)
FNDA:12,(anonymous_26)
FNDA:2,(anonymous_27)
FNDA:0,(anonymous_28)
FNDA:16,(anonymous_29)
FNDA:242,(anonymous_30)
FNDA:34,(anonymous_31)
FNDA:24,(anonymous_32)
FNDA:16,(anonymous_33)
DA:1,2
DA:2,2
DA:5,2
DA:6,2
DA:9,2
DA:10,2
DA:17,16
DA:18,16
DA:20,16
DA:23,16
DA:29,16
DA:30,16
DA:31,16
DA:32,16
DA:33,16
DA:34,16
DA:35,16
DA:36,16
DA:37,16
DA:39,16
DA:41,2
DA:42,5
DA:44,2
DA:45,0
DA:47,2
DA:48,0
DA:50,2
DA:51,0
DA:53,2
DA:54,0
DA:57,2
DA:58,0
DA:61,2
DA:62,2
DA:65,2
DA:66,8
DA:67,8
DA:68,6
DA:70,2
DA:74,2
DA:75,2
DA:76,2
DA:77,1
DA:78,1
DA:82,2
DA:85,2
DA:86,6
DA:87,5
DA:88,5
DA:89,5
DA:90,5
DA:91,5
DA:92,5
DA:97,2
DA:99,1
DA:100,1
DA:101,1
DA:102,1
DA:103,1
DA:104,1
DA:105,1
DA:109,2
DA:110,2
DA:111,2
DA:113,2
DA:114,0
DA:116,0
DA:118,0
DA:119,0
DA:122,0
DA:123,0
DA:125,0
DA:126,0
DA:128,0
DA:129,0
DA:131,0
DA:132,0
DA:135,0
DA:140,2
DA:143,2
DA:144,0
DA:148,2
DA:150,2
DA:151,2
DA:152,12
DA:153,6
DA:160,2
DA:161,2
DA:167,2
DA:168,0
DA:175,2
DA:178,16
DA:180,16
DA:183,16
DA:184,242
DA:186,242
DA:190,16
DA:191,34
DA:193,34
DA:197,16
DA:198,24
DA:200,24
DA:204,16
DA:205,16
DA:208,16
DA:211,2
LF:106
LH:86
BRDA:67,0,0,6
BRDA:67,0,1,2
BRDA:67,1,0,8
BRDA:67,1,1,8
BRDA:77,2,0,1
BRDA:77,2,1,0
BRDA:86,3,0,5
BRDA:86,3,1,1
BRDA:100,4,0,1
BRDA:100,4,1,0
BRDA:114,5,0,0
BRDA:114,5,1,0
BRDA:118,6,0,0
BRDA:118,6,1,0
BRDA:122,7,0,0
BRDA:122,7,1,0
BRDA:125,8,0,0
BRDA:125,8,1,0
BRDA:128,9,0,0
BRDA:128,9,1,0
BRDA:131,10,0,0
BRDA:131,10,1,0
BRDA:152,11,0,6
BRDA:152,11,1,6
BRF:24
BRH:10
end_of_record
TN:
SF:C:\Users\ogono\OneDrive\Desktop\bomberman\server\data\maps.ts
FNF:0
FNH:0
DA:1,2
DA:4,2
LF:2
LH:2
BRF:0
BRH:0
end_of_record
TN:
SF:C:\Users\ogono\OneDrive\Desktop\bomberman\server\models\factories\game-object-factory.ts
FN:9,(anonymous_2)
FN:12,GameObjectFactory
FN:16,(anonymous_4)
FN:20,(anonymous_5)
FN:24,(anonymous_6)
FN:28,(anonymous_7)
FN:32,(anonymous_8)
FN:36,(anonymous_9)
FNF:8
FNH:8
FNDA:3,(anonymous_2)
FNDA:28,GameObjectFactory
FNDA:3,(anonymous_4)
FNDA:243,(anonymous_5)
FNDA:26,(anonymous_6)
FNDA:18,(anonymous_7)
FNDA:36,(anonymous_8)
FNDA:7,(anonymous_9)
DA:1,3
DA:2,3
DA:4,3
DA:5,3
DA:6,3
DA:9,3
DA:10,3
DA:16,3
DA:17,3
DA:20,3
DA:21,243
DA:24,3
DA:25,26
DA:28,3
DA:29,18
DA:32,3
DA:33,36
DA:36,3
DA:37,7
DA:39,3
LF:20
LH:20
BRF:0
BRH:0
end_of_record
TN:
SF:C:\Users\ogono\OneDrive\Desktop\bomberman\server\models\factories\map-instance-factory.ts
FN:9,(anonymous_4)
FN:14,MapInstanceFactory
FN:22,(anonymous_6)
FNF:3
FNH:3
FNDA:1,(anonymous_4)
FNDA:2,MapInstanceFactory
FNDA:2,(anonymous_6)
DA:1,1
DA:4,1
DA:5,1
DA:6,1
DA:9,1
DA:18,2
DA:19,2
DA:22,1
DA:23,2
DA:25,1
LF:10
LH:10
BRF:0
BRH:0
end_of_record
TN:
SF:C:\Users\ogono\OneDrive\Desktop\bomberman\server\models\factories\user-factory.ts
FN:7,(anonymous_2)
FN:8,UserFactory
FN:12,(anonymous_4)
FNF:3
FNH:3
FNDA:1,(anonymous_2)
FNDA:2,UserFactory
FNDA:2,(anonymous_4)
DA:1,1
DA:4,1
DA:7,1
DA:12,1
DA:13,2
DA:15,1
LF:6
LH:6
BRF:0
BRH:0
end_of_record
TN:
SF:C:\Users\ogono\OneDrive\Desktop\bomberman\server\models\gameobjects\bomb.ts
FN:5,(anonymous_6)
FN:11,Bomb
FN:25,(anonymous_8)
FN:28,(anonymous_9)
FN:31,(anonymous_10)
FN:34,(anonymous_11)
FNF:6
FNH:5
FNDA:5,(anonymous_6)
FNDA:7,Bomb
FNDA:0,(anonymous_8)
FNDA:1,(anonymous_9)
FNDA:1,(anonymous_10)
FNDA:1,(anonymous_11)
DA:1,5
DA:3,5
DA:5,5
DA:7,5
DA:18,7
DA:20,7
DA:21,7
DA:22,7
DA:25,5
DA:26,0
DA:28,5
DA:29,1
DA:31,5
DA:32,1
DA:34,5
DA:35,1
DA:37,5
LF:17
LH:16
BRDA:18,0,0,7
BRDA:18,0,1,7
BRF:2
BRH:2
end_of_record
TN:
SF:C:\Users\ogono\OneDrive\Desktop\bomberman\server\models\gameobjects\boundary.ts
FN:5,(anonymous_6)
FN:6,Boundary
FNF:2
FNH:2
FNDA:5,(anonymous_6)
FNDA:245,Boundary
DA:1,5
DA:3,5
DA:5,5
DA:7,245
DA:8,245
DA:10,5
LF:6
LH:6
BRDA:7,0,0,245
BRDA:7,0,1,245
BRF:2
BRH:2
end_of_record
TN:
SF:C:\Users\ogono\OneDrive\Desktop\bomberman\server\models\gameobjects\destructable.ts
FN:5,(anonymous_6)
FN:6,Destructable
FNF:2
FNH:2
FNDA:5,(anonymous_6)
FNDA:28,Destructable
DA:1,5
DA:3,5
DA:5,5
DA:7,28
DA:8,28
DA:10,5
LF:6
LH:6
BRDA:7,0,0,28
BRDA:7,0,1,28
BRF:2
BRH:2
end_of_record
TN:
SF:C:\Users\ogono\OneDrive\Desktop\bomberman\server\models\gameobjects\enemy.ts
FN:5,(anonymous_6)
FN:10,Enemy
FN:21,(anonymous_8)
FN:25,(anonymous_9)
FN:29,(anonymous_10)
FN:33,(anonymous_11)
FN:37,(anonymous_12)
FN:41,(anonymous_13)
FNF:8
FNH:6
FNDA:5,(anonymous_6)
FNDA:36,Enemy
FNDA:4,(anonymous_8)
FNDA:2,(anonymous_9)
FNDA:0,(anonymous_10)
FNDA:2,(anonymous_11)
FNDA:0,(anonymous_12)
FNDA:2,(anonymous_13)
DA:1,5
DA:3,5
DA:5,5
DA:11,36
DA:12,31
DA:13,1
DA:15,30
DA:16,30
DA:17,30
DA:18,30
DA:21,5
DA:22,4
DA:25,5
DA:26,2
DA:29,5
DA:30,0
DA:34,2
DA:37,5
DA:38,0
DA:42,2
DA:44,5
LF:21
LH:19
BRDA:11,0,0,36
BRDA:11,0,1,31
BRDA:12,1,0,1
BRDA:12,1,1,30
BRF:4
BRH:4
end_of_record
TN:
SF:C:\Users\ogono\OneDrive\Desktop\bomberman\server\models\gameobjects\gameobject.ts
FN:3,(anonymous_0)
FN:11,GameObject
FN:39,(anonymous_2)
FN:43,(anonymous_3)
FN:47,(anonymous_4)
FN:51,(anonymous_5)
FN:55,(anonymous_6)
FN:59,(anonymous_7)
FN:63,(anonymous_8)
FNF:9
FNH:9
FNDA:6,(anonymous_0)
FNDA:377,GameObject
FNDA:14,(anonymous_2)
FNDA:29,(anonymous_3)
FNDA:29,(anonymous_4)
FNDA:14,(anonymous_5)
FNDA:14,(anonymous_6)
FNDA:18,(anonymous_7)
FNDA:12,(anonymous_8)
DA:3,6
DA:14,377
DA:15,2
DA:17,375
DA:18,2
DA:20,373
DA:21,2
DA:24,371
DA:25,2
DA:28,369
DA:29,2
DA:32,367
DA:33,367
DA:34,367
DA:35,367
DA:36,367
DA:39,6
DA:40,14
DA:43,6
DA:44,29
DA:47,6
DA:48,29
DA:51,6
DA:52,14
DA:55,6
DA:56,14
DA:59,6
DA:60,18
DA:63,6
DA:65,12
DA:66,1
DA:68,11
DA:69,1
DA:72,10
DA:73,10
DA:75,6
LF:36
LH:36
BRDA:14,0,0,2
BRDA:14,0,1,375
BRDA:17,1,0,2
BRDA:17,1,1,373
BRDA:20,2,0,2
BRDA:20,2,1,371
BRDA:24,3,0,2
BRDA:24,3,1,369
BRDA:28,4,0,2
BRDA:28,4,1,367
BRDA:65,5,0,1
BRDA:65,5,1,11
BRDA:68,6,0,1
BRDA:68,6,1,10
BRF:14
BRH:14
end_of_record
TN:
SF:C:\Users\ogono\OneDrive\Desktop\bomberman\server\models\gameobjects\indestructable.ts
FN:5,(anonymous_6)
FN:6,Indestructable
FNF:2
FNH:2
FNDA:5,(anonymous_6)
FNDA:38,Indestructable
DA:1,5
DA:3,5
DA:5,5
DA:7,38
DA:8,38
DA:10,5
LF:6
LH:6
BRDA:7,0,0,38
BRDA:7,0,1,38
BRF:2
BRH:2
end_of_record
TN:
SF:C:\Users\ogono\OneDrive\Desktop\bomberman\server\models\gameobjects\index.ts
FNF:0
FNH:0
DA:1,5
DA:2,5
DA:3,5
DA:4,5
DA:5,5
DA:6,5
LF:6
LH:6
BRF:0
BRH:0
end_of_record
TN:
SF:C:\Users\ogono\OneDrive\Desktop\bomberman\server\models\gameobjects\player.ts
FN:6,(anonymous_6)
FN:17,Player
FN:34,(anonymous_8)
FN:38,(anonymous_9)
FN:42,(anonymous_10)
FN:46,(anonymous_11)
FN:50,(anonymous_12)
FN:54,(anonymous_13)
FN:62,(anonymous_14)
FN:58,(anonymous_15)
FN:66,(anonymous_16)
FN:70,(anonymous_17)
FNF:12
FNH:6
FNDA:5,(anonymous_6)
FNDA:9,Player
FNDA:0,(anonymous_8)
FNDA:1,(anonymous_9)
FNDA:6,(anonymous_10)
FNDA:0,(anonymous_11)
FNDA:0,(anonymous_12)
FNDA:0,(anonymous_13)
FNDA:5,(anonymous_14)
FNDA:5,(anonymous_15)
FNDA:0,(anonymous_16)
FNDA:0,(anonymous_17)
DA:1,5
DA:4,5
DA:6,5
DA:7,5
DA:13,9
DA:24,9
DA:26,9
DA:27,9
DA:28,9
DA:29,9
DA:30,9
DA:31,9
DA:34,5
DA:35,0
DA:38,5
DA:39,1
DA:43,6
DA:46,5
DA:47,0
DA:50,5
DA:51,0
DA:54,5
DA:55,0
DA:58,5
DA:59,5
DA:63,5
DA:66,5
DA:67,0
DA:70,5
DA:75,5
LF:30
LH:25
BRDA:24,0,0,9
BRDA:24,0,1,9
BRF:2
BRH:2
end_of_record
TN:
SF:C:\Users\ogono\OneDrive\Desktop\bomberman\server\models\users\user.ts
FN:3,(anonymous_0)
FN:10,User
FN:15,(anonymous_2)
FN:19,(anonymous_3)
FN:23,(anonymous_4)
FN:27,(anonymous_5)
FN:31,(anonymous_6)
FN:35,(anonymous_7)
FN:39,(anonymous_8)
FN:43,(anonymous_9)
FNF:10
FNH:7
FNDA:3,(anonymous_0)
FNDA:12,User
FNDA:17,(anonymous_2)
FNDA:0,(anonymous_3)
FNDA:0,(anonymous_4)
FNDA:0,(anonymous_5)
FNDA:2,(anonymous_6)
FNDA:5,(anonymous_7)
FNDA:1,(anonymous_8)
FNDA:1,(anonymous_9)
DA:3,3
DA:8,12
DA:11,12
DA:12,12
DA:15,3
DA:16,17
DA:19,3
DA:20,0
DA:23,3
DA:24,0
DA:27,3
DA:28,0
DA:31,3
DA:32,2
DA:35,3
DA:36,5
DA:39,3
DA:40,1
DA:43,3
DA:44,1
DA:46,3
LF:21
LH:18
BRF:0
BRH:0
end_of_record
TN:
SF:C:\Users\ogono\OneDrive\Desktop\bomberman\server\router\server.ts
FN:16,(anonymous_4)
FN:21,GameServer
FN:23,(anonymous_6)
FN:37,(anonymous_7)
FNF:4
FNH:1
FNDA:1,(anonymous_4)
FNDA:0,GameServer
FNDA:0,(anonymous_6)
FNDA:0,(anonymous_7)
DA:1,1
DA:3,1
DA:5,1
DA:7,1
DA:8,1
DA:9,1
DA:13,1
DA:16,1
DA:22,0
DA:23,0
DA:24,0
DA:27,0
DA:28,0
DA:31,0
DA:32,0
DA:34,0
DA:37,1
DA:38,0
DA:41,1
DA:43,1
LF:20
LH:11
BRDA:13,0,0,1
BRDA:13,0,1,1
BRF:2
BRH:2
end_of_record
TN:
SF:C:\Users\ogono\OneDrive\Desktop\bomberman\server\router\constant\types.ts
FNF:0
FNH:0
DA:1,1
DA:5,1
LF:2
LH:2
BRF:0
BRH:0
end_of_record
TN:
SF:C:\Users\ogono\OneDrive\Desktop\bomberman\server\router\controller\home.ts
FN:4,(anonymous_2)
FN:7,(anonymous_4)
FNF:2
FNH:1
FNDA:1,(anonymous_2)
FNDA:0,(anonymous_4)
DA:1,1
DA:4,1
DA:7,1
DA:8,0
DA:10,1
LF:5
LH:4
BRF:0
BRH:0
end_of_record
TN:
SF:C:\Users\ogono\OneDrive\Desktop\bomberman\server\router\controller\user.ts
FN:15,(anonymous_4)
FN:19,UserController
FN:24,(anonymous_6)
FN:29,(anonymous_7)
FN:34,(anonymous_8)
FN:39,(anonymous_9)
FN:44,(anonymous_10)
FNF:7
FNH:1
FNDA:1,(anonymous_4)
FNDA:0,UserController
FNDA:0,(anonymous_6)
FNDA:0,(anonymous_7)
FNDA:0,(anonymous_8)
FNDA:0,(anonymous_9)
FNDA:0,(anonymous_10)
DA:1,1
DA:8,1
DA:11,1
DA:12,1
DA:15,1
DA:20,0
DA:24,1
DA:25,0
DA:29,1
DA:30,0
DA:34,1
DA:35,0
DA:39,1
DA:40,0
DA:44,1
DA:45,0
DA:47,1
LF:17
LH:11
BRF:0
BRH:0
end_of_record
TN:
SF:C:\Users\ogono\OneDrive\Desktop\bomberman\server\router\service\user.ts
FN:9,(anonymous_1)
FN:8,UserService
FN:19,(anonymous_3)
FN:23,(anonymous_4)
FN:24,(anonymous_5)
FN:33,(anonymous_6)
FN:39,(anonymous_7)
FN:40,(anonymous_8)
FN:49,(anonymous_9)
FN:51,(anonymous_10)
FNF:10
FNH:1
FNDA:1,(anonymous_1)
FNDA:0,UserService
FNDA:0,(anonymous_3)
FNDA:0,(anonymous_4)
FNDA:0,(anonymous_5)
FNDA:0,(anonymous_6)
FNDA:0,(anonymous_7)
FNDA:0,(anonymous_8)
FNDA:0,(anonymous_9)
FNDA:0,(anonymous_10)
DA:1,1
DA:9,1
DA:11,0
DA:19,1
DA:20,0
DA:23,1
DA:24,0
DA:25,0
DA:26,0
DA:30,0
DA:33,1
DA:34,0
DA:36,0
DA:39,1
DA:40,0
DA:41,0
DA:42,0
DA:46,0
DA:49,1
DA:50,0
DA:51,0
DA:52,0
DA:53,0
DA:57,0
DA:59,0
DA:61,1
LF:26
LH:8
BRDA:25,0,0,0
BRDA:25,0,1,0
BRDA:41,1,0,0
BRDA:41,1,1,0
BRDA:52,2,0,0
BRDA:52,2,1,0
BRF:6
BRH:0
end_of_record
TN:
SF:C:\Users\ogono\OneDrive\Desktop\bomberman\server\router\setup\setup.ts
FNF:0
FNH:0
DA:2,1
DA:4,1
DA:6,1
DA:8,1
DA:9,1
DA:10,1
DA:13,1
DA:14,1
DA:16,1
LF:9
LH:9
BRF:0
BRH:0
end_of_record
TN:
SF:C:\Users\ogono\OneDrive\Desktop\bomberman\server\setup\types.ts
FNF:0
FNH:0
DA:2,2
LF:1
LH:1
BRF:0
BRH:0
end_of_record
